nohup: ignoring input
==> Preparing data..
246 50
==> Building model..
train len: 196

(1)Epoch: 0
Loss: 0.71 | Acc: 60.71
Loss: 0.69 | Acc: 58.00

(1)Epoch: 1
Loss: 0.68 | Acc: 60.20
Loss: 0.69 | Acc: 58.00

(1)Epoch: 2
Loss: 0.59 | Acc: 67.35
Loss: 0.69 | Acc: 58.00

(1)Epoch: 3
Loss: 0.63 | Acc: 69.39
Loss: 0.72 | Acc: 58.00

(1)Epoch: 4
Loss: 0.52 | Acc: 72.45
Loss: 0.70 | Acc: 58.00

(1)Epoch: 5
Loss: 0.53 | Acc: 71.94
Loss: 0.83 | Acc: 58.00

(1)Epoch: 6
Loss: 0.55 | Acc: 70.92
Loss: 0.65 | Acc: 60.00

(1)Epoch: 7
Loss: 0.57 | Acc: 75.00
Loss: 0.83 | Acc: 56.00

(1)Epoch: 8
Loss: 0.48 | Acc: 73.47
Loss: 1.45 | Acc: 52.00

(1)Epoch: 9
Loss: 0.42 | Acc: 77.04
Loss: 1.49 | Acc: 60.00

(1)Epoch: 10
Loss: 0.37 | Acc: 80.10
Loss: 0.83 | Acc: 74.00

(1)Epoch: 11
Loss: 0.59 | Acc: 76.53
Loss: 1.41 | Acc: 60.00

(1)Epoch: 12
Loss: 0.52 | Acc: 78.06
Loss: 0.91 | Acc: 48.00

(1)Epoch: 13
Loss: 0.48 | Acc: 75.51
Loss: 0.94 | Acc: 58.00

(1)Epoch: 14
Loss: 0.57 | Acc: 76.53
Loss: 0.70 | Acc: 66.00

(1)Epoch: 15
Loss: 0.45 | Acc: 74.49
Loss: 0.58 | Acc: 62.00

(1)Epoch: 16
Loss: 0.43 | Acc: 78.57
Loss: 0.58 | Acc: 64.00

(1)Epoch: 17
Loss: 0.48 | Acc: 79.59
Loss: 0.64 | Acc: 76.00

(1)Epoch: 18
Loss: 0.43 | Acc: 82.65
Loss: 0.56 | Acc: 80.00

(1)Epoch: 19
Loss: 0.45 | Acc: 78.06
Loss: 0.76 | Acc: 72.00

(1)Epoch: 20
Loss: 0.42 | Acc: 79.59
Loss: 0.58 | Acc: 74.00

(1)Epoch: 21
Loss: 0.34 | Acc: 83.67
Loss: 0.52 | Acc: 72.00

(1)Epoch: 22
Loss: 0.40 | Acc: 85.71
Loss: 0.80 | Acc: 80.00

(1)Epoch: 23
Loss: 0.43 | Acc: 80.10
Loss: 2.28 | Acc: 54.00

(1)Epoch: 24
Loss: 0.46 | Acc: 77.04
Loss: 2.03 | Acc: 56.00

(1)Epoch: 25
Loss: 0.37 | Acc: 82.14
Loss: 0.69 | Acc: 74.00

(1)Epoch: 26
Loss: 0.40 | Acc: 78.06
Loss: 0.55 | Acc: 72.00

(1)Epoch: 27
Loss: 0.48 | Acc: 84.69
Loss: 0.49 | Acc: 72.00

(1)Epoch: 28
Loss: 0.33 | Acc: 83.67
Loss: 0.44 | Acc: 76.00

(1)Epoch: 29
Loss: 0.35 | Acc: 81.12
Loss: 0.36 | Acc: 84.00

(1)Epoch: 30
Loss: 0.51 | Acc: 85.20
Loss: 0.35 | Acc: 80.00

(1)Epoch: 31
Loss: 0.30 | Acc: 85.71
Loss: 0.44 | Acc: 76.00

(1)Epoch: 32
Loss: 0.27 | Acc: 87.24
Loss: 0.44 | Acc: 78.00

(1)Epoch: 33
Loss: 0.48 | Acc: 84.69
Loss: 0.57 | Acc: 74.00

(1)Epoch: 34
Loss: 0.36 | Acc: 88.27
Loss: 0.33 | Acc: 88.00

(1)Epoch: 35
Loss: 0.37 | Acc: 87.76
Loss: 0.36 | Acc: 84.00

(1)Epoch: 36
Loss: 0.39 | Acc: 86.73
Loss: 0.32 | Acc: 88.00

(1)Epoch: 37
Loss: 0.26 | Acc: 93.37
Loss: 0.40 | Acc: 84.00

(1)Epoch: 38
Loss: 0.25 | Acc: 88.78
Loss: 0.29 | Acc: 86.00

(1)Epoch: 39
Loss: 0.30 | Acc: 90.31
Loss: 0.48 | Acc: 80.00

(1)Epoch: 40
Loss: 0.33 | Acc: 84.69
Loss: 0.58 | Acc: 78.00

(1)Epoch: 41
Loss: 0.26 | Acc: 87.76
Loss: 0.44 | Acc: 80.00

(1)Epoch: 42
Loss: 0.47 | Acc: 84.69
Loss: 0.77 | Acc: 76.00

(1)Epoch: 43
Loss: 0.31 | Acc: 86.73
Loss: 0.33 | Acc: 86.00

(1)Epoch: 44
Loss: 0.30 | Acc: 88.27
Loss: 0.36 | Acc: 84.00

(1)Epoch: 45
Loss: 0.39 | Acc: 88.27
Loss: 0.28 | Acc: 84.00

(1)Epoch: 46
Loss: 0.27 | Acc: 90.82
Loss: 0.31 | Acc: 84.00

(1)Epoch: 47
Loss: 0.27 | Acc: 90.31
Loss: 0.30 | Acc: 84.00

(1)Epoch: 48
Loss: 0.33 | Acc: 88.27
Loss: 0.32 | Acc: 84.00

(1)Epoch: 49
Loss: 0.36 | Acc: 86.73
Loss: 0.39 | Acc: 78.00

(1)Epoch: 50
Loss: 0.42 | Acc: 85.71
Loss: 0.64 | Acc: 68.00

(1)Epoch: 51
Loss: 0.37 | Acc: 87.76
Loss: 0.55 | Acc: 74.00

(1)Epoch: 52
Loss: 0.28 | Acc: 88.27
Loss: 0.48 | Acc: 80.00

(1)Epoch: 53
Loss: 0.20 | Acc: 89.29
Loss: 0.44 | Acc: 86.00

(1)Epoch: 54
Loss: 0.19 | Acc: 90.31
Loss: 0.60 | Acc: 82.00

(1)Epoch: 55
Loss: 0.24 | Acc: 90.82
Loss: 0.38 | Acc: 88.00

(1)Epoch: 56
Loss: 0.58 | Acc: 87.76
Loss: 0.34 | Acc: 82.00

(1)Epoch: 57
Loss: 0.34 | Acc: 85.20
Loss: 0.51 | Acc: 66.00

(1)Epoch: 58
Loss: 0.39 | Acc: 86.73
Loss: 0.63 | Acc: 76.00

(1)Epoch: 59
Loss: 0.22 | Acc: 89.80
Loss: 0.48 | Acc: 76.00

(1)Epoch: 60
Loss: 0.24 | Acc: 87.76
Loss: 0.38 | Acc: 76.00

(1)Epoch: 61
Loss: 0.20 | Acc: 90.31
Loss: 0.32 | Acc: 78.00

(1)Epoch: 62
Loss: 0.19 | Acc: 90.31
Loss: 0.24 | Acc: 94.00

(1)Epoch: 63
Loss: 0.16 | Acc: 93.88
Loss: 0.25 | Acc: 88.00

(1)Epoch: 64
Loss: 0.14 | Acc: 93.88
Loss: 0.24 | Acc: 92.00

(1)Epoch: 65
Loss: 0.27 | Acc: 91.33
Loss: 0.33 | Acc: 86.00

(1)Epoch: 66
Loss: 0.40 | Acc: 85.71
Loss: 2.62 | Acc: 60.00

(1)Epoch: 67
Loss: 0.42 | Acc: 80.10
Loss: 1.25 | Acc: 64.00

(1)Epoch: 68
Loss: 0.31 | Acc: 85.20
Loss: 0.61 | Acc: 84.00

(1)Epoch: 69
Loss: 0.44 | Acc: 83.16
Loss: 0.47 | Acc: 86.00

(1)Epoch: 70
Loss: 0.25 | Acc: 89.29
Loss: 0.47 | Acc: 78.00

(1)Epoch: 71
Loss: 0.33 | Acc: 88.78
Loss: 0.33 | Acc: 82.00

(1)Epoch: 72
Loss: 0.26 | Acc: 88.27
Loss: 1.04 | Acc: 58.00

(1)Epoch: 73
Loss: 0.22 | Acc: 88.27
Loss: 0.40 | Acc: 74.00

(1)Epoch: 74
Loss: 0.35 | Acc: 89.29
Loss: 0.24 | Acc: 88.00

(1)Epoch: 75
Loss: 0.50 | Acc: 84.18
Loss: 0.28 | Acc: 90.00

(1)Epoch: 76
Loss: 0.27 | Acc: 91.33
Loss: 0.26 | Acc: 88.00

(1)Epoch: 77
Loss: 0.29 | Acc: 86.73
Loss: 0.24 | Acc: 88.00

(1)Epoch: 78
Loss: 0.20 | Acc: 91.84
Loss: 0.29 | Acc: 86.00

(1)Epoch: 79
Loss: 0.19 | Acc: 90.82
Loss: 0.26 | Acc: 92.00

(1)Epoch: 80
Loss: 0.19 | Acc: 91.84
Loss: 0.51 | Acc: 82.00

(1)Epoch: 81
Loss: 0.15 | Acc: 92.35
Loss: 0.39 | Acc: 84.00

(1)Epoch: 82
Loss: 0.42 | Acc: 95.41
Loss: 0.35 | Acc: 86.00

(1)Epoch: 83
Loss: 0.20 | Acc: 92.35
Loss: 0.25 | Acc: 88.00

(1)Epoch: 84
Loss: 0.35 | Acc: 89.80
Loss: 0.20 | Acc: 92.00

(1)Epoch: 85
Loss: 0.24 | Acc: 93.37
Loss: 0.35 | Acc: 86.00

(1)Epoch: 86
Loss: 0.27 | Acc: 91.33
Loss: 0.39 | Acc: 80.00

(1)Epoch: 87
Loss: 0.26 | Acc: 90.82
Loss: 0.33 | Acc: 90.00

(1)Epoch: 88
Loss: 0.26 | Acc: 92.86
Loss: 0.41 | Acc: 80.00

(1)Epoch: 89
Loss: 0.34 | Acc: 92.86
Loss: 0.21 | Acc: 94.00

(1)Epoch: 90
Loss: 0.19 | Acc: 92.35
Loss: 0.27 | Acc: 88.00

(1)Epoch: 91
Loss: 0.42 | Acc: 92.86
Loss: 0.43 | Acc: 82.00

(1)Epoch: 92
Loss: 0.15 | Acc: 96.43
Loss: 0.60 | Acc: 70.00

(1)Epoch: 93
Loss: 0.17 | Acc: 93.37
Loss: 0.34 | Acc: 84.00

(1)Epoch: 94
Loss: 0.21 | Acc: 91.33
Loss: 0.31 | Acc: 86.00

(1)Epoch: 95
Loss: 0.32 | Acc: 90.82
Loss: 0.42 | Acc: 82.00

(1)Epoch: 96
Loss: 0.44 | Acc: 85.71
Loss: 0.33 | Acc: 84.00

(1)Epoch: 97
Loss: 0.24 | Acc: 92.35
Loss: 0.20 | Acc: 92.00

(1)Epoch: 98
Loss: 0.23 | Acc: 92.35
Loss: 0.22 | Acc: 88.00

(1)Epoch: 99
Loss: 0.19 | Acc: 92.86
Loss: 0.23 | Acc: 90.00

(1)Epoch: 100
Loss: 0.20 | Acc: 93.37
Loss: 0.21 | Acc: 94.00

(1)Epoch: 101
Loss: 0.20 | Acc: 93.37
Loss: 0.45 | Acc: 76.00

(1)Epoch: 102
Loss: 0.20 | Acc: 91.33
Loss: 0.40 | Acc: 86.00

(1)Epoch: 103
Loss: 0.14 | Acc: 95.41
Loss: 0.20 | Acc: 88.00

(1)Epoch: 104
Loss: 0.30 | Acc: 94.39
Loss: 0.39 | Acc: 84.00

(1)Epoch: 105
Loss: 0.14 | Acc: 92.86
Loss: 0.38 | Acc: 84.00

(1)Epoch: 106
Loss: 0.18 | Acc: 92.86
Loss: 0.36 | Acc: 86.00

(1)Epoch: 107
Loss: 0.13 | Acc: 94.90
Loss: 0.30 | Acc: 90.00

(1)Epoch: 108
Loss: 0.25 | Acc: 95.41
Loss: 0.33 | Acc: 84.00

(1)Epoch: 109
Loss: 0.11 | Acc: 95.92
Loss: 0.28 | Acc: 88.00

(1)Epoch: 110
Loss: 0.12 | Acc: 95.41
Loss: 0.21 | Acc: 86.00

(1)Epoch: 111
Loss: 0.11 | Acc: 95.92
Loss: 0.23 | Acc: 88.00

(1)Epoch: 112
Loss: 0.15 | Acc: 95.92
Loss: 0.52 | Acc: 84.00

(1)Epoch: 113
Loss: 0.09 | Acc: 97.96
Loss: 1.05 | Acc: 66.00

(1)Epoch: 114
Loss: 0.17 | Acc: 92.86
Loss: 1.85 | Acc: 68.00

(1)Epoch: 115
Loss: 0.20 | Acc: 92.86
Loss: 1.12 | Acc: 78.00

(1)Epoch: 116
Loss: 0.36 | Acc: 90.31
Loss: 0.29 | Acc: 92.00

(1)Epoch: 117
Loss: 0.30 | Acc: 92.35
Loss: 0.36 | Acc: 88.00

(1)Epoch: 118
Loss: 0.15 | Acc: 95.41
Loss: 0.43 | Acc: 88.00

(1)Epoch: 119
Loss: 0.26 | Acc: 93.37
Loss: 0.44 | Acc: 80.00

(1)Epoch: 120
Loss: 0.27 | Acc: 90.31
Loss: 0.42 | Acc: 82.00

(1)Epoch: 121
Loss: 0.19 | Acc: 94.39
Loss: 0.32 | Acc: 86.00

(1)Epoch: 122
Loss: 0.17 | Acc: 92.86
Loss: 0.38 | Acc: 80.00

(1)Epoch: 123
Loss: 0.13 | Acc: 95.41
Loss: 0.26 | Acc: 92.00

(1)Epoch: 124
Loss: 0.12 | Acc: 96.43
Loss: 0.20 | Acc: 90.00

(1)Epoch: 125
Loss: 0.30 | Acc: 96.43
Loss: 0.29 | Acc: 84.00

(1)Epoch: 126
Loss: 0.27 | Acc: 91.84
Loss: 0.23 | Acc: 90.00

(1)Epoch: 127
Loss: 0.25 | Acc: 89.80
Loss: 0.68 | Acc: 74.00

(1)Epoch: 128
Loss: 0.23 | Acc: 92.35
Loss: 0.38 | Acc: 82.00

(1)Epoch: 129
Loss: 0.22 | Acc: 93.88
Loss: 0.31 | Acc: 86.00

(1)Epoch: 130
Loss: 0.26 | Acc: 95.92
Loss: 0.13 | Acc: 96.00

(1)Epoch: 131
Loss: 0.12 | Acc: 96.43
Loss: 0.11 | Acc: 96.00

(1)Epoch: 132
Loss: 0.18 | Acc: 95.41
Loss: 0.09 | Acc: 96.00

(1)Epoch: 133
Loss: 0.15 | Acc: 94.90
Loss: 0.14 | Acc: 92.00

(1)Epoch: 134
Loss: 0.32 | Acc: 94.90
Loss: 0.31 | Acc: 90.00

(1)Epoch: 135
Loss: 0.41 | Acc: 92.35
Loss: 0.39 | Acc: 82.00

(1)Epoch: 136
Loss: 0.25 | Acc: 94.90
Loss: 0.48 | Acc: 78.00

(1)Epoch: 137
Loss: 0.31 | Acc: 89.29
Loss: 0.40 | Acc: 84.00

(1)Epoch: 138
Loss: 0.29 | Acc: 91.33
Loss: 0.29 | Acc: 90.00

(1)Epoch: 139
Loss: 0.28 | Acc: 93.37
Loss: 0.26 | Acc: 90.00

(1)Epoch: 140
Loss: 0.17 | Acc: 92.86
Loss: 0.27 | Acc: 84.00

(1)Epoch: 141
Loss: 0.23 | Acc: 93.37
Loss: 0.22 | Acc: 88.00

(1)Epoch: 142
Loss: 0.29 | Acc: 92.35
Loss: 0.42 | Acc: 84.00

(1)Epoch: 143
Loss: 0.19 | Acc: 93.88
Loss: 0.27 | Acc: 90.00

(1)Epoch: 144
Loss: 0.16 | Acc: 94.90
Loss: 0.18 | Acc: 92.00

(1)Epoch: 145
Loss: 0.13 | Acc: 94.39
Loss: 0.26 | Acc: 88.00

(1)Epoch: 146
Loss: 0.15 | Acc: 95.92
Loss: 0.41 | Acc: 84.00

(1)Epoch: 147
Loss: 0.15 | Acc: 95.41
Loss: 0.86 | Acc: 72.00

(1)Epoch: 148
Loss: 0.19 | Acc: 90.82
Loss: 0.89 | Acc: 76.00

(1)Epoch: 149
Loss: 0.13 | Acc: 95.41
Loss: 0.51 | Acc: 88.00

(1)Epoch: 150
Loss: 0.13 | Acc: 95.41
Loss: 0.18 | Acc: 92.00

(1)Epoch: 151
Loss: 0.26 | Acc: 92.86
Loss: 0.20 | Acc: 88.00

(1)Epoch: 152
Loss: 0.07 | Acc: 96.94
Loss: 0.24 | Acc: 92.00

(1)Epoch: 153
Loss: 0.15 | Acc: 92.35
Loss: 0.23 | Acc: 90.00

(1)Epoch: 154
Loss: 0.13 | Acc: 94.39
Loss: 0.22 | Acc: 92.00

(1)Epoch: 155
Loss: 0.18 | Acc: 96.43
Loss: 0.16 | Acc: 92.00

(1)Epoch: 156
Loss: 0.40 | Acc: 93.88
Loss: 0.21 | Acc: 92.00

(1)Epoch: 157
Loss: 0.12 | Acc: 95.92
Loss: 0.12 | Acc: 94.00

(1)Epoch: 158
Loss: 0.18 | Acc: 93.88
Loss: 0.16 | Acc: 92.00

(1)Epoch: 159
Loss: 0.10 | Acc: 97.96
Loss: 0.21 | Acc: 90.00

(1)Epoch: 160
Loss: 0.09 | Acc: 98.47
Loss: 0.30 | Acc: 84.00

(1)Epoch: 161
Loss: 0.22 | Acc: 96.94
Loss: 0.32 | Acc: 84.00

(1)Epoch: 162
Loss: 0.19 | Acc: 93.88
Loss: 1.78 | Acc: 56.00

(1)Epoch: 163
Loss: 0.41 | Acc: 90.82
Loss: 1.30 | Acc: 42.00

(1)Epoch: 164
Loss: 0.32 | Acc: 88.27
Loss: 0.43 | Acc: 80.00

(1)Epoch: 165
Loss: 0.22 | Acc: 92.86
Loss: 0.53 | Acc: 82.00

(1)Epoch: 166
Loss: 0.18 | Acc: 95.41
Loss: 0.36 | Acc: 84.00

(1)Epoch: 167
Loss: 0.14 | Acc: 95.41
Loss: 0.72 | Acc: 78.00

(1)Epoch: 168
Loss: 0.29 | Acc: 89.29
Loss: 0.46 | Acc: 88.00

(1)Epoch: 169
Loss: 0.14 | Acc: 95.92
Loss: 0.41 | Acc: 84.00

(1)Epoch: 170
Loss: 0.19 | Acc: 92.86
Loss: 0.29 | Acc: 88.00

(1)Epoch: 171
Loss: 0.19 | Acc: 92.86
Loss: 0.46 | Acc: 76.00

(1)Epoch: 172
Loss: 0.38 | Acc: 91.84
Loss: 0.39 | Acc: 90.00

(1)Epoch: 173
Loss: 0.24 | Acc: 93.37
Loss: 0.21 | Acc: 92.00

(1)Epoch: 174
Loss: 0.18 | Acc: 93.88
Loss: 0.18 | Acc: 94.00

(1)Epoch: 175
Loss: 0.21 | Acc: 94.90
Loss: 0.16 | Acc: 94.00

(1)Epoch: 176
Loss: 0.13 | Acc: 94.39
Loss: 0.19 | Acc: 94.00

(1)Epoch: 177
Loss: 0.26 | Acc: 93.88
Loss: 0.12 | Acc: 94.00

(1)Epoch: 178
Loss: 0.13 | Acc: 94.90
Loss: 0.32 | Acc: 82.00

(1)Epoch: 179
Loss: 0.25 | Acc: 93.88
Loss: 0.13 | Acc: 92.00

(1)Epoch: 180
Loss: 0.39 | Acc: 90.31
Loss: 0.24 | Acc: 90.00

(1)Epoch: 181
Loss: 0.33 | Acc: 89.80
Loss: 0.37 | Acc: 86.00

(1)Epoch: 182
Loss: 0.19 | Acc: 92.35
Loss: 0.36 | Acc: 84.00

(1)Epoch: 183
Loss: 0.19 | Acc: 92.86
Loss: 0.26 | Acc: 90.00

(1)Epoch: 184
Loss: 0.13 | Acc: 94.39
Loss: 0.26 | Acc: 92.00

(1)Epoch: 185
Loss: 0.13 | Acc: 95.41
Loss: 0.17 | Acc: 90.00

(1)Epoch: 186
Loss: 0.11 | Acc: 96.43
Loss: 0.13 | Acc: 94.00

(1)Epoch: 187
Loss: 0.10 | Acc: 96.43
Loss: 0.16 | Acc: 94.00

(1)Epoch: 188
Loss: 0.13 | Acc: 94.90
Loss: 0.15 | Acc: 92.00

(1)Epoch: 189
Loss: 0.13 | Acc: 94.39
Loss: 0.17 | Acc: 94.00

(1)Epoch: 190
Loss: 0.10 | Acc: 94.90
Loss: 0.31 | Acc: 86.00

(1)Epoch: 191
Loss: 0.11 | Acc: 95.92
Loss: 0.25 | Acc: 90.00

(1)Epoch: 192
Loss: 0.07 | Acc: 96.94
Loss: 0.14 | Acc: 96.00

(1)Epoch: 193
Loss: 0.06 | Acc: 97.45
Loss: 0.11 | Acc: 96.00

(1)Epoch: 194
Loss: 0.24 | Acc: 95.92
Loss: 0.25 | Acc: 94.00

(1)Epoch: 195
Loss: 0.13 | Acc: 94.90
Loss: 0.45 | Acc: 88.00

(1)Epoch: 196
Loss: 0.11 | Acc: 95.41
Loss: 0.39 | Acc: 90.00

(1)Epoch: 197
Loss: 0.10 | Acc: 96.43
Loss: 0.34 | Acc: 92.00

(1)Epoch: 198
Loss: 0.22 | Acc: 95.41
Loss: 0.28 | Acc: 88.00

(1)Epoch: 199
Loss: 0.17 | Acc: 92.86
Loss: 0.37 | Acc: 86.00
train len: 196

(2)Epoch: 0
Loss: 0.77 | Acc: 44.90
Loss: 0.69 | Acc: 56.00

(2)Epoch: 1
Loss: 0.67 | Acc: 58.67
Loss: 0.69 | Acc: 56.00

(2)Epoch: 2
Loss: 0.62 | Acc: 57.14
Loss: 0.69 | Acc: 56.00

(2)Epoch: 3
Loss: 0.61 | Acc: 66.33
Loss: 0.69 | Acc: 56.00

(2)Epoch: 4
Loss: 0.62 | Acc: 71.94
Loss: 0.69 | Acc: 56.00

(2)Epoch: 5
Loss: 0.49 | Acc: 71.43
Loss: 0.62 | Acc: 64.00

(2)Epoch: 6
Loss: 0.68 | Acc: 71.43
Loss: 0.78 | Acc: 56.00

(2)Epoch: 7
Loss: 0.58 | Acc: 65.31
Loss: 0.50 | Acc: 72.00

(2)Epoch: 8
Loss: 0.62 | Acc: 68.88
Loss: 0.44 | Acc: 82.00

(2)Epoch: 9
Loss: 0.55 | Acc: 72.96
Loss: 0.49 | Acc: 74.00

(2)Epoch: 10
Loss: 0.55 | Acc: 69.90
Loss: 0.60 | Acc: 76.00

(2)Epoch: 11
Loss: 0.48 | Acc: 76.53
Loss: 0.82 | Acc: 66.00

(2)Epoch: 12
Loss: 0.52 | Acc: 71.43
Loss: 1.62 | Acc: 62.00

(2)Epoch: 13
Loss: 0.60 | Acc: 75.51
Loss: 0.42 | Acc: 76.00

(2)Epoch: 14
Loss: 0.48 | Acc: 78.57
Loss: 0.66 | Acc: 72.00

(2)Epoch: 15
Loss: 0.59 | Acc: 80.61
Loss: 0.81 | Acc: 66.00

(2)Epoch: 16
Loss: 0.49 | Acc: 83.67
Loss: 0.47 | Acc: 80.00

(2)Epoch: 17
Loss: 0.51 | Acc: 79.08
Loss: 0.43 | Acc: 84.00

(2)Epoch: 18
Loss: 0.46 | Acc: 83.67
Loss: 0.30 | Acc: 84.00

(2)Epoch: 19
Loss: 0.41 | Acc: 81.12
Loss: 0.25 | Acc: 86.00

(2)Epoch: 20
Loss: 0.48 | Acc: 80.61
Loss: 0.26 | Acc: 94.00

(2)Epoch: 21
Loss: 0.37 | Acc: 83.67
Loss: 0.40 | Acc: 80.00

(2)Epoch: 22
Loss: 0.31 | Acc: 88.27
Loss: 1.02 | Acc: 70.00

(2)Epoch: 23
Loss: 0.58 | Acc: 81.63
Loss: 1.20 | Acc: 88.00

(2)Epoch: 24
Loss: 0.46 | Acc: 80.10
Loss: 0.68 | Acc: 70.00

(2)Epoch: 25
Loss: 0.44 | Acc: 84.69
Loss: 0.48 | Acc: 86.00

(2)Epoch: 26
Loss: 0.37 | Acc: 82.65
Loss: 0.16 | Acc: 92.00

(2)Epoch: 27
Loss: 0.28 | Acc: 85.71
Loss: 0.27 | Acc: 86.00

(2)Epoch: 28
Loss: 0.27 | Acc: 83.67
Loss: 0.31 | Acc: 88.00

(2)Epoch: 29
Loss: 0.23 | Acc: 88.78
Loss: 0.56 | Acc: 72.00

(2)Epoch: 30
Loss: 0.54 | Acc: 87.24
Loss: 0.26 | Acc: 86.00

(2)Epoch: 31
Loss: 0.34 | Acc: 88.78
Loss: 0.37 | Acc: 88.00

(2)Epoch: 32
Loss: 0.32 | Acc: 87.24
Loss: 0.42 | Acc: 86.00

(2)Epoch: 33
Loss: 0.46 | Acc: 82.14
Loss: 0.37 | Acc: 86.00

(2)Epoch: 34
Loss: 0.27 | Acc: 89.80
Loss: 0.31 | Acc: 82.00

(2)Epoch: 35
Loss: 0.34 | Acc: 86.73
Loss: 0.20 | Acc: 90.00

(2)Epoch: 36
Loss: 0.48 | Acc: 82.65
Loss: 0.78 | Acc: 76.00

(2)Epoch: 37
Loss: 0.48 | Acc: 77.55
Loss: 1.38 | Acc: 54.00

(2)Epoch: 38
Loss: 0.37 | Acc: 85.71
Loss: 0.44 | Acc: 86.00

(2)Epoch: 39
Loss: 0.47 | Acc: 87.76
Loss: 0.51 | Acc: 80.00

(2)Epoch: 40
Loss: 0.30 | Acc: 89.29
Loss: 0.42 | Acc: 78.00

(2)Epoch: 41
Loss: 0.34 | Acc: 85.20
Loss: 0.52 | Acc: 74.00

(2)Epoch: 42
Loss: 0.35 | Acc: 88.27
Loss: 0.19 | Acc: 92.00

(2)Epoch: 43
Loss: 0.26 | Acc: 89.80
Loss: 0.48 | Acc: 78.00

(2)Epoch: 44
Loss: 0.30 | Acc: 89.29
Loss: 0.34 | Acc: 82.00

(2)Epoch: 45
Loss: 0.23 | Acc: 88.78
Loss: 0.15 | Acc: 92.00

(2)Epoch: 46
Loss: 0.43 | Acc: 90.31
Loss: 0.22 | Acc: 92.00

(2)Epoch: 47
Loss: 0.27 | Acc: 87.24
Loss: 0.57 | Acc: 76.00

(2)Epoch: 48
Loss: 0.32 | Acc: 87.24
Loss: 0.15 | Acc: 92.00

(2)Epoch: 49
Loss: 0.26 | Acc: 88.78
Loss: 0.28 | Acc: 84.00

(2)Epoch: 50
Loss: 0.23 | Acc: 88.27
Loss: 0.15 | Acc: 94.00

(2)Epoch: 51
Loss: 0.21 | Acc: 89.80
Loss: 0.10 | Acc: 94.00

(2)Epoch: 52
Loss: 0.18 | Acc: 90.31
Loss: 0.15 | Acc: 92.00

(2)Epoch: 53
Loss: 0.46 | Acc: 91.33
Loss: 0.11 | Acc: 94.00

(2)Epoch: 54
Loss: 0.20 | Acc: 91.84
Loss: 0.25 | Acc: 88.00

(2)Epoch: 55
Loss: 0.21 | Acc: 92.35
Loss: 0.16 | Acc: 94.00

(2)Epoch: 56
Loss: 0.16 | Acc: 92.86
Loss: 0.13 | Acc: 96.00

(2)Epoch: 57
Loss: 0.44 | Acc: 92.86
Loss: 0.26 | Acc: 86.00

(2)Epoch: 58
Loss: 0.26 | Acc: 87.24
Loss: 0.52 | Acc: 76.00

(2)Epoch: 59
Loss: 0.26 | Acc: 90.82
Loss: 0.31 | Acc: 86.00

(2)Epoch: 60
Loss: 0.34 | Acc: 88.27
Loss: 0.17 | Acc: 92.00

(2)Epoch: 61
Loss: 0.24 | Acc: 88.78
Loss: 1.48 | Acc: 60.00

(2)Epoch: 62
Loss: 0.28 | Acc: 87.24
Loss: 0.65 | Acc: 88.00

(2)Epoch: 63
Loss: 0.28 | Acc: 88.27
Loss: 0.30 | Acc: 88.00

(2)Epoch: 64
Loss: 0.30 | Acc: 87.76
Loss: 0.13 | Acc: 96.00

(2)Epoch: 65
Loss: 0.31 | Acc: 89.29
Loss: 0.15 | Acc: 96.00

(2)Epoch: 66
Loss: 0.33 | Acc: 88.78
Loss: 0.34 | Acc: 86.00

(2)Epoch: 67
Loss: 0.28 | Acc: 89.29
Loss: 0.30 | Acc: 88.00

(2)Epoch: 68
Loss: 0.21 | Acc: 91.84
Loss: 0.14 | Acc: 96.00

(2)Epoch: 69
Loss: 0.24 | Acc: 88.78
Loss: 0.20 | Acc: 92.00

(2)Epoch: 70
Loss: 0.27 | Acc: 93.37
Loss: 0.13 | Acc: 94.00

(2)Epoch: 71
Loss: 0.19 | Acc: 91.33
Loss: 0.38 | Acc: 84.00

(2)Epoch: 72
Loss: 0.16 | Acc: 90.31
Loss: 0.17 | Acc: 92.00

(2)Epoch: 73
Loss: 0.16 | Acc: 90.82
Loss: 0.14 | Acc: 94.00

(2)Epoch: 74
Loss: 0.30 | Acc: 91.33
Loss: 0.14 | Acc: 94.00

(2)Epoch: 75
Loss: 0.33 | Acc: 88.78
Loss: 0.42 | Acc: 76.00

(2)Epoch: 76
Loss: 0.26 | Acc: 90.31
Loss: 0.44 | Acc: 72.00

(2)Epoch: 77
Loss: 0.27 | Acc: 89.29
Loss: 0.15 | Acc: 96.00

(2)Epoch: 78
Loss: 0.21 | Acc: 91.33
Loss: 0.13 | Acc: 94.00

(2)Epoch: 79
Loss: 0.35 | Acc: 89.29
Loss: 0.12 | Acc: 96.00

(2)Epoch: 80
Loss: 0.24 | Acc: 91.33
Loss: 0.29 | Acc: 86.00

(2)Epoch: 81
Loss: 0.29 | Acc: 88.78
Loss: 0.16 | Acc: 94.00

(2)Epoch: 82
Loss: 0.21 | Acc: 89.29
Loss: 0.15 | Acc: 98.00

(2)Epoch: 83
Loss: 0.20 | Acc: 90.31
Loss: 0.12 | Acc: 94.00

(2)Epoch: 84
Loss: 0.19 | Acc: 92.35
Loss: 0.10 | Acc: 98.00

(2)Epoch: 85
Loss: 0.13 | Acc: 92.86
Loss: 0.08 | Acc: 98.00

(2)Epoch: 86
Loss: 0.32 | Acc: 93.37
Loss: 0.56 | Acc: 76.00

(2)Epoch: 87
Loss: 0.42 | Acc: 88.78
Loss: 0.27 | Acc: 86.00

(2)Epoch: 88
Loss: 0.20 | Acc: 92.86
Loss: 0.36 | Acc: 82.00

(2)Epoch: 89
Loss: 0.22 | Acc: 90.31
Loss: 0.09 | Acc: 96.00

(2)Epoch: 90
Loss: 0.27 | Acc: 92.86
Loss: 0.10 | Acc: 94.00

(2)Epoch: 91
Loss: 0.22 | Acc: 89.80
Loss: 0.21 | Acc: 88.00

(2)Epoch: 92
Loss: 0.36 | Acc: 89.29
Loss: 0.17 | Acc: 96.00

(2)Epoch: 93
Loss: 0.25 | Acc: 95.41
Loss: 0.16 | Acc: 96.00

(2)Epoch: 94
Loss: 0.20 | Acc: 92.35
Loss: 0.34 | Acc: 80.00

(2)Epoch: 95
Loss: 0.29 | Acc: 92.35
Loss: 0.15 | Acc: 92.00

(2)Epoch: 96
Loss: 0.29 | Acc: 91.33
Loss: 0.18 | Acc: 92.00

(2)Epoch: 97
Loss: 0.15 | Acc: 93.37
Loss: 0.28 | Acc: 88.00

(2)Epoch: 98
Loss: 0.16 | Acc: 93.37
Loss: 0.12 | Acc: 94.00

(2)Epoch: 99
Loss: 0.16 | Acc: 93.37
Loss: 0.07 | Acc: 96.00

(2)Epoch: 100
Loss: 0.09 | Acc: 97.96
Loss: 0.08 | Acc: 94.00

(2)Epoch: 101
Loss: 0.12 | Acc: 95.92
Loss: 0.05 | Acc: 98.00

(2)Epoch: 102
Loss: 0.09 | Acc: 98.47
Loss: 0.06 | Acc: 94.00

(2)Epoch: 103
Loss: 0.18 | Acc: 94.90
Loss: 0.93 | Acc: 68.00

(2)Epoch: 104
Loss: 0.37 | Acc: 96.43
Loss: 0.33 | Acc: 84.00

(2)Epoch: 105
Loss: 0.46 | Acc: 82.65
Loss: 0.69 | Acc: 76.00

(2)Epoch: 106
Loss: 0.44 | Acc: 85.20
Loss: 0.53 | Acc: 78.00

(2)Epoch: 107
Loss: 0.34 | Acc: 86.73
Loss: 0.34 | Acc: 84.00

(2)Epoch: 108
Loss: 0.33 | Acc: 86.73
Loss: 0.32 | Acc: 90.00

(2)Epoch: 109
Loss: 0.32 | Acc: 84.69
Loss: 0.52 | Acc: 78.00

(2)Epoch: 110
Loss: 0.26 | Acc: 88.27
Loss: 0.20 | Acc: 90.00

(2)Epoch: 111
Loss: 0.27 | Acc: 91.33
Loss: 0.19 | Acc: 92.00

(2)Epoch: 112
Loss: 0.19 | Acc: 90.31
Loss: 0.20 | Acc: 90.00

(2)Epoch: 113
Loss: 0.20 | Acc: 90.31
Loss: 0.16 | Acc: 90.00

(2)Epoch: 114
Loss: 0.20 | Acc: 90.82
Loss: 0.08 | Acc: 96.00

(2)Epoch: 115
Loss: 0.16 | Acc: 95.92
Loss: 0.06 | Acc: 98.00

(2)Epoch: 116
Loss: 0.45 | Acc: 91.84
Loss: 0.09 | Acc: 96.00

(2)Epoch: 117
Loss: 0.14 | Acc: 96.94
Loss: 0.12 | Acc: 100.00

(2)Epoch: 118
Loss: 0.15 | Acc: 96.43
Loss: 0.16 | Acc: 96.00

(2)Epoch: 119
Loss: 0.16 | Acc: 93.37
Loss: 0.07 | Acc: 98.00

(2)Epoch: 120
Loss: 0.16 | Acc: 94.90
Loss: 0.06 | Acc: 98.00

(2)Epoch: 121
Loss: 0.24 | Acc: 93.37
Loss: 0.07 | Acc: 100.00

(2)Epoch: 122
Loss: 0.13 | Acc: 94.39
Loss: 0.15 | Acc: 90.00

(2)Epoch: 123
Loss: 0.21 | Acc: 92.35
Loss: 0.29 | Acc: 84.00

(2)Epoch: 124
Loss: 0.41 | Acc: 90.82
Loss: 1.33 | Acc: 80.00

(2)Epoch: 125
Loss: 0.39 | Acc: 88.78
Loss: 0.25 | Acc: 88.00

(2)Epoch: 126
Loss: 0.26 | Acc: 88.27
Loss: 0.32 | Acc: 84.00

(2)Epoch: 127
Loss: 0.24 | Acc: 89.29
Loss: 0.14 | Acc: 96.00

(2)Epoch: 128
Loss: 0.16 | Acc: 93.37
Loss: 0.11 | Acc: 96.00

(2)Epoch: 129
Loss: 0.16 | Acc: 92.86
Loss: 0.11 | Acc: 94.00

(2)Epoch: 130
Loss: 0.19 | Acc: 92.35
Loss: 0.07 | Acc: 98.00

(2)Epoch: 131
Loss: 0.14 | Acc: 94.39
Loss: 0.13 | Acc: 92.00

(2)Epoch: 132
Loss: 0.17 | Acc: 92.86
Loss: 0.10 | Acc: 92.00

(2)Epoch: 133
Loss: 0.16 | Acc: 91.84
Loss: 0.09 | Acc: 94.00

(2)Epoch: 134
Loss: 0.13 | Acc: 93.88
Loss: 0.13 | Acc: 90.00

(2)Epoch: 135
Loss: 0.24 | Acc: 91.84
Loss: 0.12 | Acc: 90.00

(2)Epoch: 136
Loss: 0.46 | Acc: 93.88
Loss: 0.12 | Acc: 92.00

(2)Epoch: 137
Loss: 0.19 | Acc: 92.35
Loss: 0.19 | Acc: 92.00

(2)Epoch: 138
Loss: 0.24 | Acc: 91.84
Loss: 0.12 | Acc: 98.00

(2)Epoch: 139
Loss: 0.19 | Acc: 92.35
Loss: 0.08 | Acc: 98.00

(2)Epoch: 140
Loss: 0.14 | Acc: 96.94
Loss: 0.08 | Acc: 96.00

(2)Epoch: 141
Loss: 0.11 | Acc: 95.92
Loss: 0.08 | Acc: 98.00

(2)Epoch: 142
Loss: 0.40 | Acc: 94.90
Loss: 0.08 | Acc: 96.00

(2)Epoch: 143
Loss: 0.22 | Acc: 91.33
Loss: 0.54 | Acc: 76.00

(2)Epoch: 144
Loss: 0.22 | Acc: 93.88
Loss: 0.15 | Acc: 90.00

(2)Epoch: 145
Loss: 0.17 | Acc: 94.39
Loss: 0.15 | Acc: 92.00

(2)Epoch: 146
Loss: 0.22 | Acc: 90.31
Loss: 0.08 | Acc: 100.00

(2)Epoch: 147
Loss: 0.43 | Acc: 92.35
Loss: 0.05 | Acc: 98.00

(2)Epoch: 148
Loss: 0.23 | Acc: 87.76
Loss: 0.25 | Acc: 82.00

(2)Epoch: 149
Loss: 0.21 | Acc: 93.88
Loss: 0.22 | Acc: 92.00

(2)Epoch: 150
Loss: 0.16 | Acc: 94.90
Loss: 0.19 | Acc: 94.00

(2)Epoch: 151
Loss: 0.12 | Acc: 94.39
Loss: 0.15 | Acc: 94.00

(2)Epoch: 152
Loss: 0.20 | Acc: 96.43
Loss: 0.10 | Acc: 96.00

(2)Epoch: 153
Loss: 0.15 | Acc: 92.35
Loss: 0.11 | Acc: 94.00

(2)Epoch: 154
Loss: 0.43 | Acc: 92.35
Loss: 0.07 | Acc: 98.00

(2)Epoch: 155
Loss: 0.17 | Acc: 93.88
Loss: 0.28 | Acc: 80.00

(2)Epoch: 156
Loss: 0.21 | Acc: 90.82
Loss: 0.11 | Acc: 96.00

(2)Epoch: 157
Loss: 0.10 | Acc: 96.43
Loss: 0.08 | Acc: 98.00

(2)Epoch: 158
Loss: 0.13 | Acc: 95.92
Loss: 0.07 | Acc: 96.00

(2)Epoch: 159
Loss: 0.09 | Acc: 96.94
Loss: 0.09 | Acc: 98.00

(2)Epoch: 160
Loss: 0.08 | Acc: 96.94
Loss: 0.06 | Acc: 98.00

(2)Epoch: 161
Loss: 0.08 | Acc: 95.41
Loss: 0.12 | Acc: 96.00

(2)Epoch: 162
Loss: 0.31 | Acc: 93.88
Loss: 0.11 | Acc: 96.00

(2)Epoch: 163
Loss: 0.42 | Acc: 93.88
Loss: 0.15 | Acc: 94.00

(2)Epoch: 164
Loss: 0.15 | Acc: 94.90
Loss: 0.12 | Acc: 96.00

(2)Epoch: 165
Loss: 0.20 | Acc: 91.84
Loss: 0.11 | Acc: 96.00

(2)Epoch: 166
Loss: 0.13 | Acc: 95.41
Loss: 0.11 | Acc: 98.00

(2)Epoch: 167
Loss: 0.14 | Acc: 94.39
Loss: 0.10 | Acc: 98.00

(2)Epoch: 168
Loss: 0.12 | Acc: 96.94
Loss: 0.09 | Acc: 96.00

(2)Epoch: 169
Loss: 0.09 | Acc: 96.43
Loss: 0.07 | Acc: 96.00

(2)Epoch: 170
Loss: 0.37 | Acc: 95.92
Loss: 0.07 | Acc: 94.00

(2)Epoch: 171
Loss: 0.20 | Acc: 95.92
Loss: 0.10 | Acc: 96.00

(2)Epoch: 172
Loss: 0.33 | Acc: 95.41
Loss: 0.16 | Acc: 94.00

(2)Epoch: 173
Loss: 0.33 | Acc: 95.41
Loss: 0.16 | Acc: 94.00

(2)Epoch: 174
Loss: 0.17 | Acc: 94.90
Loss: 0.19 | Acc: 92.00

(2)Epoch: 175
Loss: 0.21 | Acc: 93.88
Loss: 0.13 | Acc: 94.00

(2)Epoch: 176
Loss: 0.23 | Acc: 95.92
Loss: 0.15 | Acc: 92.00

(2)Epoch: 177
Loss: 0.14 | Acc: 94.39
Loss: 0.33 | Acc: 84.00

(2)Epoch: 178
Loss: 0.13 | Acc: 95.92
Loss: 0.29 | Acc: 84.00

(2)Epoch: 179
Loss: 0.12 | Acc: 94.90
Loss: 0.22 | Acc: 90.00

(2)Epoch: 180
Loss: 0.15 | Acc: 94.39
Loss: 0.12 | Acc: 92.00

(2)Epoch: 181
Loss: 0.14 | Acc: 96.94
Loss: 0.08 | Acc: 96.00

(2)Epoch: 182
Loss: 0.10 | Acc: 97.45
Loss: 0.19 | Acc: 92.00

(2)Epoch: 183
Loss: 0.25 | Acc: 93.37
Loss: 0.10 | Acc: 94.00

(2)Epoch: 184
Loss: 0.20 | Acc: 93.37
Loss: 0.30 | Acc: 84.00

(2)Epoch: 185
Loss: 0.19 | Acc: 91.33
Loss: 0.16 | Acc: 92.00

(2)Epoch: 186
Loss: 0.50 | Acc: 93.37
Loss: 0.13 | Acc: 96.00

(2)Epoch: 187
Loss: 0.22 | Acc: 94.90
Loss: 0.20 | Acc: 98.00

(2)Epoch: 188
Loss: 0.22 | Acc: 94.90
Loss: 0.24 | Acc: 96.00

(2)Epoch: 189
Loss: 0.16 | Acc: 96.43
Loss: 0.13 | Acc: 98.00

(2)Epoch: 190
Loss: 0.16 | Acc: 97.96
Loss: 0.12 | Acc: 96.00

(2)Epoch: 191
Loss: 0.47 | Acc: 93.37
Loss: 0.20 | Acc: 92.00

(2)Epoch: 192
Loss: 0.34 | Acc: 84.18
Loss: 0.23 | Acc: 90.00

(2)Epoch: 193
Loss: 0.19 | Acc: 93.88
Loss: 0.40 | Acc: 82.00

(2)Epoch: 194
Loss: 0.32 | Acc: 89.80
Loss: 0.25 | Acc: 88.00

(2)Epoch: 195
Loss: 0.25 | Acc: 87.76
Loss: 0.16 | Acc: 96.00

(2)Epoch: 196
Loss: 0.23 | Acc: 93.88
Loss: 0.19 | Acc: 86.00

(2)Epoch: 197
Loss: 0.17 | Acc: 91.84
Loss: 0.18 | Acc: 90.00

(2)Epoch: 198
Loss: 0.16 | Acc: 93.37
Loss: 0.15 | Acc: 94.00

(2)Epoch: 199
Loss: 0.13 | Acc: 93.37
Loss: 0.20 | Acc: 92.00
train len: 196

(3)Epoch: 0
Loss: 0.69 | Acc: 55.10
Loss: 0.70 | Acc: 50.00

(3)Epoch: 1
Loss: 0.71 | Acc: 59.18
Loss: 0.69 | Acc: 50.00

(3)Epoch: 2
Loss: 0.79 | Acc: 59.69
Loss: 0.72 | Acc: 50.00

(3)Epoch: 3
Loss: 0.64 | Acc: 63.27
Loss: 0.71 | Acc: 50.00

(3)Epoch: 4
Loss: 0.68 | Acc: 69.39
Loss: 0.77 | Acc: 50.00

(3)Epoch: 5
Loss: 0.56 | Acc: 75.51
Loss: 0.75 | Acc: 44.00

(3)Epoch: 6
Loss: 0.57 | Acc: 66.84
Loss: 0.78 | Acc: 52.00

(3)Epoch: 7
Loss: 0.43 | Acc: 78.57
Loss: 0.49 | Acc: 74.00

(3)Epoch: 8
Loss: 0.51 | Acc: 74.49
Loss: 3.84 | Acc: 54.00

(3)Epoch: 9
Loss: 0.64 | Acc: 72.96
Loss: 0.66 | Acc: 74.00

(3)Epoch: 10
Loss: 0.54 | Acc: 70.41
Loss: 0.55 | Acc: 66.00

(3)Epoch: 11
Loss: 0.60 | Acc: 74.49
Loss: 1.74 | Acc: 64.00

(3)Epoch: 12
Loss: 0.57 | Acc: 69.39
Loss: 0.54 | Acc: 72.00

(3)Epoch: 13
Loss: 0.44 | Acc: 78.57
Loss: 1.65 | Acc: 68.00

(3)Epoch: 14
Loss: 0.38 | Acc: 76.53
Loss: 0.92 | Acc: 78.00

(3)Epoch: 15
Loss: 0.40 | Acc: 79.08
Loss: 0.68 | Acc: 76.00

(3)Epoch: 16
Loss: 0.41 | Acc: 80.61
Loss: 0.59 | Acc: 76.00

(3)Epoch: 17
Loss: 0.36 | Acc: 84.69
Loss: 0.70 | Acc: 76.00

(3)Epoch: 18
Loss: 0.34 | Acc: 81.63
Loss: 0.77 | Acc: 78.00

(3)Epoch: 19
Loss: 0.36 | Acc: 81.63
Loss: 0.96 | Acc: 68.00

(3)Epoch: 20
Loss: 0.34 | Acc: 86.73
Loss: 0.69 | Acc: 76.00

(3)Epoch: 21
Loss: 0.37 | Acc: 86.22
Loss: 1.02 | Acc: 80.00

(3)Epoch: 22
Loss: 0.37 | Acc: 84.18
Loss: 0.55 | Acc: 72.00

(3)Epoch: 23
Loss: 0.34 | Acc: 81.12
Loss: 0.55 | Acc: 72.00

(3)Epoch: 24
Loss: 0.46 | Acc: 77.55
Loss: 0.43 | Acc: 80.00

(3)Epoch: 25
Loss: 0.36 | Acc: 86.73
Loss: 0.41 | Acc: 80.00

(3)Epoch: 26
Loss: 0.34 | Acc: 83.16
Loss: 0.56 | Acc: 72.00

(3)Epoch: 27
Loss: 0.41 | Acc: 79.08
Loss: 1.21 | Acc: 68.00

(3)Epoch: 28
Loss: 0.35 | Acc: 87.24
Loss: 2.04 | Acc: 70.00

(3)Epoch: 29
Loss: 0.27 | Acc: 85.71
Loss: 2.25 | Acc: 66.00

(3)Epoch: 30
Loss: 0.18 | Acc: 91.33
Loss: 0.79 | Acc: 78.00

(3)Epoch: 31
Loss: 0.20 | Acc: 90.82
Loss: 1.16 | Acc: 80.00

(3)Epoch: 32
Loss: 0.38 | Acc: 89.29
Loss: 0.86 | Acc: 68.00

(3)Epoch: 33
Loss: 0.48 | Acc: 84.18
Loss: 0.45 | Acc: 76.00

(3)Epoch: 34
Loss: 0.42 | Acc: 78.06
Loss: 0.47 | Acc: 76.00

(3)Epoch: 35
Loss: 0.38 | Acc: 81.12
Loss: 0.72 | Acc: 68.00

(3)Epoch: 36
Loss: 0.33 | Acc: 85.20
Loss: 1.07 | Acc: 68.00

(3)Epoch: 37
Loss: 0.26 | Acc: 88.27
Loss: 0.98 | Acc: 78.00

(3)Epoch: 38
Loss: 0.32 | Acc: 86.22
Loss: 0.76 | Acc: 76.00

(3)Epoch: 39
Loss: 0.30 | Acc: 87.76
Loss: 0.50 | Acc: 84.00

(3)Epoch: 40
Loss: 0.39 | Acc: 86.73
Loss: 0.70 | Acc: 76.00

(3)Epoch: 41
Loss: 0.30 | Acc: 89.29
Loss: 0.81 | Acc: 74.00

(3)Epoch: 42
Loss: 0.23 | Acc: 90.31
Loss: 0.68 | Acc: 78.00

(3)Epoch: 43
Loss: 0.18 | Acc: 91.84
Loss: 0.38 | Acc: 86.00

(3)Epoch: 44
Loss: 0.27 | Acc: 89.80
Loss: 0.74 | Acc: 80.00

(3)Epoch: 45
Loss: 0.32 | Acc: 89.29
Loss: 0.55 | Acc: 80.00

(3)Epoch: 46
Loss: 0.39 | Acc: 89.29
Loss: 0.66 | Acc: 76.00

(3)Epoch: 47
Loss: 0.46 | Acc: 72.45
Loss: 0.53 | Acc: 68.00

(3)Epoch: 48
Loss: 0.45 | Acc: 80.10
Loss: 0.58 | Acc: 68.00

(3)Epoch: 49
Loss: 0.39 | Acc: 81.12
Loss: 0.77 | Acc: 74.00

(3)Epoch: 50
Loss: 0.35 | Acc: 87.24
Loss: 1.20 | Acc: 80.00

(3)Epoch: 51
Loss: 0.34 | Acc: 81.63
Loss: 0.92 | Acc: 76.00

(3)Epoch: 52
Loss: 0.45 | Acc: 82.14
Loss: 0.97 | Acc: 72.00

(3)Epoch: 53
Loss: 0.48 | Acc: 86.22
Loss: 0.68 | Acc: 74.00

(3)Epoch: 54
Loss: 0.36 | Acc: 85.20
Loss: 0.99 | Acc: 74.00

(3)Epoch: 55
Loss: 0.31 | Acc: 85.71
Loss: 0.62 | Acc: 84.00

(3)Epoch: 56
Loss: 0.36 | Acc: 89.80
Loss: 0.36 | Acc: 84.00

(3)Epoch: 57
Loss: 0.25 | Acc: 90.82
Loss: 0.42 | Acc: 80.00

(3)Epoch: 58
Loss: 0.31 | Acc: 88.78
Loss: 0.51 | Acc: 80.00

(3)Epoch: 59
Loss: 0.40 | Acc: 87.76
Loss: 0.67 | Acc: 76.00

(3)Epoch: 60
Loss: 0.31 | Acc: 86.73
Loss: 0.47 | Acc: 82.00

(3)Epoch: 61
Loss: 0.26 | Acc: 87.24
Loss: 0.43 | Acc: 88.00

(3)Epoch: 62
Loss: 0.54 | Acc: 85.20
Loss: 0.29 | Acc: 90.00

(3)Epoch: 63
Loss: 0.41 | Acc: 86.22
Loss: 0.55 | Acc: 76.00

(3)Epoch: 64
Loss: 0.32 | Acc: 83.67
Loss: 0.38 | Acc: 84.00

(3)Epoch: 65
Loss: 0.30 | Acc: 86.73
Loss: 0.28 | Acc: 88.00

(3)Epoch: 66
Loss: 0.27 | Acc: 92.35
Loss: 0.29 | Acc: 86.00

(3)Epoch: 67
Loss: 0.45 | Acc: 91.33
Loss: 0.39 | Acc: 82.00

(3)Epoch: 68
Loss: 0.24 | Acc: 88.78
Loss: 0.34 | Acc: 86.00

(3)Epoch: 69
Loss: 0.20 | Acc: 91.84
Loss: 0.27 | Acc: 88.00

(3)Epoch: 70
Loss: 0.22 | Acc: 92.86
Loss: 0.32 | Acc: 86.00

(3)Epoch: 71
Loss: 0.24 | Acc: 89.29
Loss: 0.47 | Acc: 82.00

(3)Epoch: 72
Loss: 0.36 | Acc: 89.80
Loss: 0.59 | Acc: 80.00

(3)Epoch: 73
Loss: 0.26 | Acc: 91.84
Loss: 0.49 | Acc: 80.00

(3)Epoch: 74
Loss: 0.17 | Acc: 91.84
Loss: 0.59 | Acc: 76.00

(3)Epoch: 75
Loss: 0.18 | Acc: 91.84
Loss: 0.44 | Acc: 84.00

(3)Epoch: 76
Loss: 0.16 | Acc: 92.35
Loss: 0.38 | Acc: 78.00

(3)Epoch: 77
Loss: 0.27 | Acc: 92.35
Loss: 0.49 | Acc: 82.00

(3)Epoch: 78
Loss: 0.14 | Acc: 94.90
Loss: 0.50 | Acc: 84.00

(3)Epoch: 79
Loss: 0.15 | Acc: 93.37
Loss: 0.48 | Acc: 86.00

(3)Epoch: 80
Loss: 0.12 | Acc: 93.88
Loss: 0.46 | Acc: 82.00

(3)Epoch: 81
Loss: 0.12 | Acc: 94.90
Loss: 0.47 | Acc: 84.00

(3)Epoch: 82
Loss: 0.10 | Acc: 94.90
Loss: 0.39 | Acc: 86.00

(3)Epoch: 83
Loss: 0.29 | Acc: 92.35
Loss: 0.51 | Acc: 80.00

(3)Epoch: 84
Loss: 0.23 | Acc: 90.82
Loss: 0.69 | Acc: 82.00

(3)Epoch: 85
Loss: 0.21 | Acc: 91.84
Loss: 0.44 | Acc: 84.00

(3)Epoch: 86
Loss: 0.35 | Acc: 91.33
Loss: 0.35 | Acc: 84.00

(3)Epoch: 87
Loss: 0.19 | Acc: 91.84
Loss: 0.63 | Acc: 80.00

(3)Epoch: 88
Loss: 0.19 | Acc: 91.84
Loss: 0.28 | Acc: 88.00

(3)Epoch: 89
Loss: 0.17 | Acc: 92.86
Loss: 0.31 | Acc: 88.00

(3)Epoch: 90
Loss: 0.14 | Acc: 95.92
Loss: 0.32 | Acc: 84.00

(3)Epoch: 91
Loss: 0.12 | Acc: 94.39
Loss: 0.34 | Acc: 84.00

(3)Epoch: 92
Loss: 0.17 | Acc: 94.90
Loss: 0.49 | Acc: 90.00

(3)Epoch: 93
Loss: 0.12 | Acc: 94.90
Loss: 0.53 | Acc: 82.00

(3)Epoch: 94
Loss: 0.13 | Acc: 95.41
Loss: 0.42 | Acc: 86.00

(3)Epoch: 95
Loss: 0.48 | Acc: 89.80
Loss: 0.56 | Acc: 84.00

(3)Epoch: 96
Loss: 0.26 | Acc: 91.84
Loss: 0.56 | Acc: 88.00

(3)Epoch: 97
Loss: 0.24 | Acc: 88.78
Loss: 0.55 | Acc: 74.00

(3)Epoch: 98
Loss: 0.26 | Acc: 87.24
Loss: 0.39 | Acc: 82.00

(3)Epoch: 99
Loss: 0.44 | Acc: 91.84
Loss: 0.42 | Acc: 82.00

(3)Epoch: 100
Loss: 0.32 | Acc: 91.84
Loss: 0.36 | Acc: 84.00

(3)Epoch: 101
Loss: 0.21 | Acc: 93.88
Loss: 0.37 | Acc: 88.00

(3)Epoch: 102
Loss: 0.18 | Acc: 92.86
Loss: 0.79 | Acc: 82.00

(3)Epoch: 103
Loss: 0.16 | Acc: 93.37
Loss: 0.65 | Acc: 80.00

(3)Epoch: 104
Loss: 0.41 | Acc: 92.86
Loss: 0.52 | Acc: 80.00

(3)Epoch: 105
Loss: 0.45 | Acc: 90.82
Loss: 0.45 | Acc: 90.00

(3)Epoch: 106
Loss: 0.24 | Acc: 92.86
Loss: 0.53 | Acc: 80.00

(3)Epoch: 107
Loss: 0.24 | Acc: 91.33
Loss: 0.35 | Acc: 88.00

(3)Epoch: 108
Loss: 0.28 | Acc: 91.84
Loss: 0.43 | Acc: 78.00

(3)Epoch: 109
Loss: 0.26 | Acc: 93.37
Loss: 0.43 | Acc: 88.00

(3)Epoch: 110
Loss: 0.30 | Acc: 93.37
Loss: 0.63 | Acc: 80.00

(3)Epoch: 111
Loss: 0.41 | Acc: 93.37
Loss: 0.90 | Acc: 72.00

(3)Epoch: 112
Loss: 0.32 | Acc: 90.31
Loss: 0.40 | Acc: 82.00

(3)Epoch: 113
Loss: 0.36 | Acc: 89.80
Loss: 0.38 | Acc: 82.00

(3)Epoch: 114
Loss: 0.21 | Acc: 93.88
Loss: 0.37 | Acc: 82.00

(3)Epoch: 115
Loss: 0.14 | Acc: 94.90
Loss: 0.43 | Acc: 84.00

(3)Epoch: 116
Loss: 0.10 | Acc: 94.90
Loss: 0.53 | Acc: 80.00

(3)Epoch: 117
Loss: 0.17 | Acc: 94.39
Loss: 0.53 | Acc: 86.00

(3)Epoch: 118
Loss: 0.21 | Acc: 91.33
Loss: 0.52 | Acc: 84.00

(3)Epoch: 119
Loss: 0.11 | Acc: 94.39
Loss: 0.71 | Acc: 86.00

(3)Epoch: 120
Loss: 0.21 | Acc: 94.39
Loss: 0.63 | Acc: 86.00

(3)Epoch: 121
Loss: 0.17 | Acc: 92.86
Loss: 0.53 | Acc: 88.00

(3)Epoch: 122
Loss: 0.12 | Acc: 94.39
Loss: 0.42 | Acc: 88.00

(3)Epoch: 123
Loss: 0.22 | Acc: 92.35
Loss: 0.43 | Acc: 84.00

(3)Epoch: 124
Loss: 0.10 | Acc: 97.45
Loss: 0.43 | Acc: 82.00

(3)Epoch: 125
Loss: 0.17 | Acc: 93.37
Loss: 0.54 | Acc: 84.00

(3)Epoch: 126
Loss: 0.18 | Acc: 95.92
Loss: 0.60 | Acc: 86.00

(3)Epoch: 127
Loss: 0.10 | Acc: 94.90
Loss: 0.41 | Acc: 86.00

(3)Epoch: 128
Loss: 0.19 | Acc: 96.43
Loss: 0.47 | Acc: 76.00

(3)Epoch: 129
Loss: 0.34 | Acc: 86.22
Loss: 0.87 | Acc: 76.00

(3)Epoch: 130
Loss: 0.19 | Acc: 93.37
Loss: 0.74 | Acc: 80.00

(3)Epoch: 131
Loss: 0.22 | Acc: 93.88
Loss: 0.73 | Acc: 80.00

(3)Epoch: 132
Loss: 0.19 | Acc: 92.86
Loss: 0.68 | Acc: 82.00

(3)Epoch: 133
Loss: 0.22 | Acc: 94.39
Loss: 0.52 | Acc: 82.00

(3)Epoch: 134
Loss: 0.20 | Acc: 90.82
Loss: 0.46 | Acc: 82.00

(3)Epoch: 135
Loss: 0.17 | Acc: 93.88
Loss: 0.58 | Acc: 82.00

(3)Epoch: 136
Loss: 0.16 | Acc: 91.33
Loss: 0.56 | Acc: 80.00

(3)Epoch: 137
Loss: 0.34 | Acc: 93.37
Loss: 0.40 | Acc: 86.00

(3)Epoch: 138
Loss: 0.28 | Acc: 93.37
Loss: 0.85 | Acc: 66.00

(3)Epoch: 139
Loss: 0.40 | Acc: 84.69
Loss: 0.47 | Acc: 78.00

(3)Epoch: 140
Loss: 0.27 | Acc: 89.80
Loss: 0.85 | Acc: 60.00

(3)Epoch: 141
Loss: 0.22 | Acc: 92.35
Loss: 0.73 | Acc: 78.00

(3)Epoch: 142
Loss: 0.20 | Acc: 91.84
Loss: 0.52 | Acc: 84.00

(3)Epoch: 143
Loss: 0.28 | Acc: 93.88
Loss: 0.46 | Acc: 86.00

(3)Epoch: 144
Loss: 0.19 | Acc: 92.35
Loss: 0.91 | Acc: 76.00

(3)Epoch: 145
Loss: 0.29 | Acc: 89.80
Loss: 0.43 | Acc: 84.00

(3)Epoch: 146
Loss: 0.15 | Acc: 94.39
Loss: 0.51 | Acc: 84.00

(3)Epoch: 147
Loss: 0.18 | Acc: 92.86
Loss: 0.61 | Acc: 78.00

(3)Epoch: 148
Loss: 0.16 | Acc: 91.84
Loss: 0.40 | Acc: 86.00

(3)Epoch: 149
Loss: 0.17 | Acc: 95.41
Loss: 0.46 | Acc: 80.00

(3)Epoch: 150
Loss: 0.31 | Acc: 88.78
Loss: 0.40 | Acc: 88.00

(3)Epoch: 151
Loss: 0.43 | Acc: 93.37
Loss: 0.42 | Acc: 80.00

(3)Epoch: 152
Loss: 0.17 | Acc: 92.35
Loss: 0.37 | Acc: 84.00

(3)Epoch: 153
Loss: 0.31 | Acc: 92.86
Loss: 0.35 | Acc: 88.00

(3)Epoch: 154
Loss: 0.13 | Acc: 96.94
Loss: 0.33 | Acc: 88.00

(3)Epoch: 155
Loss: 0.20 | Acc: 95.92
Loss: 0.38 | Acc: 88.00

(3)Epoch: 156
Loss: 0.08 | Acc: 96.43
Loss: 0.50 | Acc: 88.00

(3)Epoch: 157
Loss: 0.06 | Acc: 97.45
Loss: 0.47 | Acc: 88.00

(3)Epoch: 158
Loss: 0.09 | Acc: 95.92
Loss: 0.41 | Acc: 88.00

(3)Epoch: 159
Loss: 0.09 | Acc: 96.43
Loss: 0.40 | Acc: 86.00

(3)Epoch: 160
Loss: 0.07 | Acc: 98.47
Loss: 0.55 | Acc: 82.00

(3)Epoch: 161
Loss: 0.13 | Acc: 95.41
Loss: 0.50 | Acc: 80.00

(3)Epoch: 162
Loss: 0.32 | Acc: 92.35
Loss: 0.60 | Acc: 80.00

(3)Epoch: 163
Loss: 0.30 | Acc: 96.43
Loss: 0.52 | Acc: 74.00

(3)Epoch: 164
Loss: 0.25 | Acc: 90.31
Loss: 0.47 | Acc: 88.00

(3)Epoch: 165
Loss: 0.22 | Acc: 93.88
Loss: 0.74 | Acc: 84.00

(3)Epoch: 166
Loss: 0.14 | Acc: 93.88
Loss: 0.60 | Acc: 88.00

(3)Epoch: 167
Loss: 0.18 | Acc: 94.90
Loss: 0.57 | Acc: 86.00

(3)Epoch: 168
Loss: 0.08 | Acc: 97.45
Loss: 0.54 | Acc: 82.00

(3)Epoch: 169
Loss: 0.19 | Acc: 96.94
Loss: 0.45 | Acc: 82.00

(3)Epoch: 170
Loss: 0.28 | Acc: 90.82
Loss: 0.51 | Acc: 88.00

(3)Epoch: 171
Loss: 0.20 | Acc: 95.41
Loss: 0.37 | Acc: 88.00

(3)Epoch: 172
Loss: 0.17 | Acc: 95.41
Loss: 0.34 | Acc: 88.00

(3)Epoch: 173
Loss: 0.11 | Acc: 96.43
Loss: 0.31 | Acc: 88.00

(3)Epoch: 174
Loss: 0.09 | Acc: 96.43
Loss: 0.38 | Acc: 88.00

(3)Epoch: 175
Loss: 0.09 | Acc: 96.94
Loss: 0.38 | Acc: 86.00

(3)Epoch: 176
Loss: 0.08 | Acc: 97.45
Loss: 0.40 | Acc: 86.00

(3)Epoch: 177
Loss: 0.05 | Acc: 97.45
Loss: 0.40 | Acc: 88.00

(3)Epoch: 178
Loss: 0.06 | Acc: 97.96
Loss: 0.42 | Acc: 90.00

(3)Epoch: 179
Loss: 0.10 | Acc: 98.47
Loss: 0.48 | Acc: 90.00

(3)Epoch: 180
Loss: 0.27 | Acc: 95.41
Loss: 0.67 | Acc: 88.00

(3)Epoch: 181
Loss: 0.12 | Acc: 95.41
Loss: 0.82 | Acc: 80.00

(3)Epoch: 182
Loss: 0.13 | Acc: 95.41
Loss: 0.56 | Acc: 88.00

(3)Epoch: 183
Loss: 0.11 | Acc: 95.41
Loss: 0.48 | Acc: 90.00

(3)Epoch: 184
Loss: 0.07 | Acc: 97.45
Loss: 0.43 | Acc: 84.00

(3)Epoch: 185
Loss: 0.24 | Acc: 96.94
Loss: 0.43 | Acc: 86.00

(3)Epoch: 186
Loss: 0.06 | Acc: 97.96
Loss: 0.39 | Acc: 88.00

(3)Epoch: 187
Loss: 0.07 | Acc: 98.47
Loss: 0.42 | Acc: 92.00

(3)Epoch: 188
Loss: 0.07 | Acc: 96.94
Loss: 0.36 | Acc: 90.00

(3)Epoch: 189
Loss: 0.05 | Acc: 98.47
Loss: 0.36 | Acc: 88.00

(3)Epoch: 190
Loss: 0.05 | Acc: 96.94
Loss: 0.43 | Acc: 88.00

(3)Epoch: 191
Loss: 0.04 | Acc: 98.98
Loss: 0.53 | Acc: 88.00

(3)Epoch: 192
Loss: 0.07 | Acc: 95.92
Loss: 0.57 | Acc: 86.00

(3)Epoch: 193
Loss: 0.02 | Acc: 99.49
Loss: 0.52 | Acc: 88.00

(3)Epoch: 194
Loss: 0.09 | Acc: 96.43
Loss: 0.53 | Acc: 88.00

(3)Epoch: 195
Loss: 0.28 | Acc: 95.41
Loss: 0.55 | Acc: 84.00

(3)Epoch: 196
Loss: 0.09 | Acc: 96.94
Loss: 0.47 | Acc: 84.00

(3)Epoch: 197
Loss: 0.08 | Acc: 96.94
Loss: 0.60 | Acc: 86.00

(3)Epoch: 198
Loss: 0.09 | Acc: 97.96
Loss: 0.53 | Acc: 88.00

(3)Epoch: 199
Loss: 0.06 | Acc: 97.45
Loss: 0.50 | Acc: 86.00
train len: 196

(4)Epoch: 0
Loss: 0.71 | Acc: 53.57
Loss: 0.69 | Acc: 52.00

(4)Epoch: 1
Loss: 0.65 | Acc: 62.24
Loss: 0.69 | Acc: 52.00

(4)Epoch: 2
Loss: 0.66 | Acc: 68.88
Loss: 0.70 | Acc: 52.00

(4)Epoch: 3
Loss: 0.51 | Acc: 72.45
Loss: 0.70 | Acc: 52.00

(4)Epoch: 4
Loss: 0.58 | Acc: 69.90
Loss: 0.71 | Acc: 52.00

(4)Epoch: 5
Loss: 0.71 | Acc: 73.98
Loss: 0.71 | Acc: 48.00

(4)Epoch: 6
Loss: 0.64 | Acc: 66.33
Loss: 0.76 | Acc: 52.00

(4)Epoch: 7
Loss: 0.55 | Acc: 66.84
Loss: 0.71 | Acc: 60.00

(4)Epoch: 8
Loss: 0.52 | Acc: 72.96
Loss: 0.69 | Acc: 64.00

(4)Epoch: 9
Loss: 0.62 | Acc: 70.92
Loss: 0.60 | Acc: 72.00

(4)Epoch: 10
Loss: 0.53 | Acc: 69.90
Loss: 0.62 | Acc: 66.00

(4)Epoch: 11
Loss: 0.57 | Acc: 69.90
Loss: 0.65 | Acc: 68.00

(4)Epoch: 12
Loss: 0.46 | Acc: 73.98
Loss: 0.57 | Acc: 68.00

(4)Epoch: 13
Loss: 0.43 | Acc: 78.06
Loss: 0.57 | Acc: 70.00

(4)Epoch: 14
Loss: 0.42 | Acc: 78.57
Loss: 0.52 | Acc: 82.00

(4)Epoch: 15
Loss: 0.43 | Acc: 77.04
Loss: 0.53 | Acc: 80.00

(4)Epoch: 16
Loss: 0.49 | Acc: 80.61
Loss: 0.53 | Acc: 80.00

(4)Epoch: 17
Loss: 0.39 | Acc: 78.06
Loss: 0.47 | Acc: 80.00

(4)Epoch: 18
Loss: 0.46 | Acc: 80.10
Loss: 0.74 | Acc: 78.00

(4)Epoch: 19
Loss: 0.41 | Acc: 78.06
Loss: 1.20 | Acc: 74.00

(4)Epoch: 20
Loss: 0.54 | Acc: 80.10
Loss: 0.48 | Acc: 70.00

(4)Epoch: 21
Loss: 0.43 | Acc: 81.63
Loss: 0.46 | Acc: 76.00

(4)Epoch: 22
Loss: 0.38 | Acc: 83.67
Loss: 0.56 | Acc: 66.00

(4)Epoch: 23
Loss: 0.45 | Acc: 83.67
Loss: 0.63 | Acc: 78.00

(4)Epoch: 24
Loss: 0.47 | Acc: 85.71
Loss: 0.47 | Acc: 72.00

(4)Epoch: 25
Loss: 0.33 | Acc: 86.22
Loss: 0.46 | Acc: 82.00

(4)Epoch: 26
Loss: 0.37 | Acc: 87.24
Loss: 0.66 | Acc: 76.00

(4)Epoch: 27
Loss: 0.43 | Acc: 81.63
Loss: 1.33 | Acc: 58.00

(4)Epoch: 28
Loss: 0.36 | Acc: 83.16
Loss: 2.07 | Acc: 52.00

(4)Epoch: 29
Loss: 0.39 | Acc: 81.63
Loss: 0.66 | Acc: 58.00

(4)Epoch: 30
Loss: 0.39 | Acc: 86.22
Loss: 0.90 | Acc: 74.00

(4)Epoch: 31
Loss: 0.39 | Acc: 77.55
Loss: 1.14 | Acc: 72.00

(4)Epoch: 32
Loss: 0.42 | Acc: 81.12
Loss: 0.53 | Acc: 78.00

(4)Epoch: 33
Loss: 0.46 | Acc: 81.63
Loss: 0.51 | Acc: 72.00

(4)Epoch: 34
Loss: 0.36 | Acc: 83.16
Loss: 0.40 | Acc: 80.00

(4)Epoch: 35
Loss: 0.37 | Acc: 82.14
Loss: 0.82 | Acc: 76.00

(4)Epoch: 36
Loss: 0.38 | Acc: 81.12
Loss: 0.57 | Acc: 80.00

(4)Epoch: 37
Loss: 0.43 | Acc: 81.12
Loss: 0.51 | Acc: 76.00

(4)Epoch: 38
Loss: 0.38 | Acc: 82.14
Loss: 0.87 | Acc: 60.00

(4)Epoch: 39
Loss: 0.37 | Acc: 85.20
Loss: 0.43 | Acc: 80.00

(4)Epoch: 40
Loss: 0.31 | Acc: 86.22
Loss: 0.48 | Acc: 78.00

(4)Epoch: 41
Loss: 0.31 | Acc: 90.31
Loss: 0.80 | Acc: 78.00

(4)Epoch: 42
Loss: 0.33 | Acc: 83.67
Loss: 0.53 | Acc: 80.00

(4)Epoch: 43
Loss: 0.34 | Acc: 85.20
Loss: 0.36 | Acc: 82.00

(4)Epoch: 44
Loss: 0.31 | Acc: 87.76
Loss: 0.47 | Acc: 80.00

(4)Epoch: 45
Loss: 0.28 | Acc: 88.78
Loss: 0.48 | Acc: 80.00

(4)Epoch: 46
Loss: 0.27 | Acc: 90.31
Loss: 0.36 | Acc: 82.00

(4)Epoch: 47
Loss: 0.35 | Acc: 85.20
Loss: 0.27 | Acc: 82.00

(4)Epoch: 48
Loss: 0.30 | Acc: 88.78
Loss: 0.32 | Acc: 82.00

(4)Epoch: 49
Loss: 0.23 | Acc: 89.80
Loss: 0.55 | Acc: 80.00

(4)Epoch: 50
Loss: 0.33 | Acc: 87.24
Loss: 0.37 | Acc: 82.00

(4)Epoch: 51
Loss: 0.27 | Acc: 88.27
Loss: 0.33 | Acc: 80.00

(4)Epoch: 52
Loss: 0.31 | Acc: 88.27
Loss: 0.37 | Acc: 78.00

(4)Epoch: 53
Loss: 0.21 | Acc: 91.84
Loss: 0.47 | Acc: 80.00

(4)Epoch: 54
Loss: 0.21 | Acc: 91.84
Loss: 0.52 | Acc: 78.00

(4)Epoch: 55
Loss: 0.17 | Acc: 93.88
Loss: 0.43 | Acc: 86.00

(4)Epoch: 56
Loss: 0.19 | Acc: 93.37
Loss: 0.30 | Acc: 88.00

(4)Epoch: 57
Loss: 0.27 | Acc: 91.84
Loss: 0.34 | Acc: 86.00

(4)Epoch: 58
Loss: 0.25 | Acc: 89.80
Loss: 0.51 | Acc: 82.00

(4)Epoch: 59
Loss: 0.24 | Acc: 89.29
Loss: 0.49 | Acc: 82.00

(4)Epoch: 60
Loss: 0.36 | Acc: 86.73
Loss: 0.44 | Acc: 74.00

(4)Epoch: 61
Loss: 0.26 | Acc: 85.20
Loss: 0.49 | Acc: 72.00

(4)Epoch: 62
Loss: 0.27 | Acc: 93.37
Loss: 0.34 | Acc: 90.00

(4)Epoch: 63
Loss: 0.21 | Acc: 90.82
Loss: 0.46 | Acc: 82.00

(4)Epoch: 64
Loss: 0.39 | Acc: 90.31
Loss: 0.46 | Acc: 80.00

(4)Epoch: 65
Loss: 0.28 | Acc: 90.31
Loss: 0.36 | Acc: 82.00

(4)Epoch: 66
Loss: 0.31 | Acc: 89.80
Loss: 0.32 | Acc: 84.00

(4)Epoch: 67
Loss: 0.23 | Acc: 88.78
Loss: 0.37 | Acc: 80.00

(4)Epoch: 68
Loss: 0.24 | Acc: 89.80
Loss: 0.32 | Acc: 84.00

(4)Epoch: 69
Loss: 0.38 | Acc: 89.29
Loss: 0.55 | Acc: 76.00

(4)Epoch: 70
Loss: 0.21 | Acc: 91.33
Loss: 0.50 | Acc: 84.00

(4)Epoch: 71
Loss: 0.40 | Acc: 89.80
Loss: 0.40 | Acc: 86.00

(4)Epoch: 72
Loss: 0.25 | Acc: 89.80
Loss: 0.32 | Acc: 84.00

(4)Epoch: 73
Loss: 0.38 | Acc: 91.84
Loss: 0.29 | Acc: 88.00

(4)Epoch: 74
Loss: 0.21 | Acc: 92.35
Loss: 0.32 | Acc: 84.00

(4)Epoch: 75
Loss: 0.17 | Acc: 93.37
Loss: 0.35 | Acc: 84.00

(4)Epoch: 76
Loss: 0.14 | Acc: 95.41
Loss: 0.42 | Acc: 80.00

(4)Epoch: 77
Loss: 0.30 | Acc: 92.35
Loss: 0.38 | Acc: 84.00

(4)Epoch: 78
Loss: 0.23 | Acc: 93.37
Loss: 0.36 | Acc: 86.00

(4)Epoch: 79
Loss: 0.33 | Acc: 93.88
Loss: 0.52 | Acc: 74.00

(4)Epoch: 80
Loss: 0.22 | Acc: 90.31
Loss: 0.43 | Acc: 74.00

(4)Epoch: 81
Loss: 0.33 | Acc: 92.86
Loss: 0.34 | Acc: 74.00

(4)Epoch: 82
Loss: 0.24 | Acc: 92.86
Loss: 0.39 | Acc: 80.00

(4)Epoch: 83
Loss: 0.25 | Acc: 88.78
Loss: 0.42 | Acc: 84.00

(4)Epoch: 84
Loss: 0.38 | Acc: 92.86
Loss: 0.38 | Acc: 86.00

(4)Epoch: 85
Loss: 0.23 | Acc: 91.84
Loss: 0.80 | Acc: 72.00

(4)Epoch: 86
Loss: 0.21 | Acc: 91.33
Loss: 0.46 | Acc: 82.00

(4)Epoch: 87
Loss: 0.19 | Acc: 90.82
Loss: 0.33 | Acc: 84.00

(4)Epoch: 88
Loss: 0.13 | Acc: 94.39
Loss: 0.30 | Acc: 84.00

(4)Epoch: 89
Loss: 0.14 | Acc: 92.86
Loss: 0.34 | Acc: 82.00

(4)Epoch: 90
Loss: 0.14 | Acc: 95.41
Loss: 0.42 | Acc: 80.00

(4)Epoch: 91
Loss: 0.19 | Acc: 90.82
Loss: 0.40 | Acc: 78.00

(4)Epoch: 92
Loss: 0.38 | Acc: 92.86
Loss: 0.35 | Acc: 74.00

(4)Epoch: 93
Loss: 0.25 | Acc: 91.33
Loss: 0.33 | Acc: 84.00

(4)Epoch: 94
Loss: 0.16 | Acc: 93.37
Loss: 0.27 | Acc: 86.00

(4)Epoch: 95
Loss: 0.20 | Acc: 91.84
Loss: 0.31 | Acc: 84.00

(4)Epoch: 96
Loss: 0.18 | Acc: 91.33
Loss: 0.29 | Acc: 84.00

(4)Epoch: 97
Loss: 0.13 | Acc: 94.39
Loss: 0.33 | Acc: 80.00

(4)Epoch: 98
Loss: 0.10 | Acc: 95.92
Loss: 0.28 | Acc: 88.00

(4)Epoch: 99
Loss: 0.22 | Acc: 94.90
Loss: 0.33 | Acc: 88.00

(4)Epoch: 100
Loss: 0.11 | Acc: 95.92
Loss: 0.32 | Acc: 90.00

(4)Epoch: 101
Loss: 0.19 | Acc: 92.86
Loss: 0.40 | Acc: 84.00

(4)Epoch: 102
Loss: 0.10 | Acc: 96.43
Loss: 0.30 | Acc: 86.00

(4)Epoch: 103
Loss: 0.13 | Acc: 94.39
Loss: 0.25 | Acc: 90.00

(4)Epoch: 104
Loss: 0.13 | Acc: 96.94
Loss: 0.24 | Acc: 88.00

(4)Epoch: 105
Loss: 0.23 | Acc: 91.33
Loss: 0.34 | Acc: 88.00

(4)Epoch: 106
Loss: 0.22 | Acc: 92.86
Loss: 0.49 | Acc: 86.00

(4)Epoch: 107
Loss: 0.53 | Acc: 93.37
Loss: 0.50 | Acc: 80.00

(4)Epoch: 108
Loss: 0.28 | Acc: 92.35
Loss: 0.37 | Acc: 80.00

(4)Epoch: 109
Loss: 0.28 | Acc: 91.33
Loss: 0.34 | Acc: 80.00

(4)Epoch: 110
Loss: 0.32 | Acc: 94.39
Loss: 0.29 | Acc: 86.00

(4)Epoch: 111
Loss: 0.21 | Acc: 92.86
Loss: 0.29 | Acc: 84.00

(4)Epoch: 112
Loss: 0.13 | Acc: 94.90
Loss: 0.25 | Acc: 84.00

(4)Epoch: 113
Loss: 0.31 | Acc: 93.37
Loss: 0.30 | Acc: 86.00

(4)Epoch: 114
Loss: 0.15 | Acc: 95.41
Loss: 0.37 | Acc: 84.00

(4)Epoch: 115
Loss: 0.16 | Acc: 92.86
Loss: 0.39 | Acc: 92.00

(4)Epoch: 116
Loss: 0.31 | Acc: 93.37
Loss: 0.31 | Acc: 88.00

(4)Epoch: 117
Loss: 0.22 | Acc: 93.88
Loss: 0.45 | Acc: 78.00

(4)Epoch: 118
Loss: 0.40 | Acc: 86.22
Loss: 0.40 | Acc: 80.00

(4)Epoch: 119
Loss: 0.22 | Acc: 92.86
Loss: 0.38 | Acc: 84.00

(4)Epoch: 120
Loss: 0.20 | Acc: 95.92
Loss: 0.43 | Acc: 86.00

(4)Epoch: 121
Loss: 0.17 | Acc: 93.88
Loss: 0.51 | Acc: 84.00

(4)Epoch: 122
Loss: 0.15 | Acc: 93.37
Loss: 0.57 | Acc: 76.00

(4)Epoch: 123
Loss: 0.31 | Acc: 91.84
Loss: 0.77 | Acc: 66.00

(4)Epoch: 124
Loss: 0.40 | Acc: 89.29
Loss: 0.47 | Acc: 76.00

(4)Epoch: 125
Loss: 0.27 | Acc: 91.33
Loss: 0.45 | Acc: 84.00

(4)Epoch: 126
Loss: 0.33 | Acc: 89.80
Loss: 0.42 | Acc: 86.00

(4)Epoch: 127
Loss: 0.24 | Acc: 93.37
Loss: 0.31 | Acc: 82.00

(4)Epoch: 128
Loss: 0.19 | Acc: 94.39
Loss: 0.25 | Acc: 86.00

(4)Epoch: 129
Loss: 0.42 | Acc: 91.84
Loss: 0.26 | Acc: 84.00

(4)Epoch: 130
Loss: 0.15 | Acc: 95.41
Loss: 0.31 | Acc: 86.00

(4)Epoch: 131
Loss: 0.21 | Acc: 93.88
Loss: 0.34 | Acc: 82.00

(4)Epoch: 132
Loss: 0.18 | Acc: 92.86
Loss: 0.51 | Acc: 84.00

(4)Epoch: 133
Loss: 0.12 | Acc: 95.92
Loss: 0.55 | Acc: 84.00

(4)Epoch: 134
Loss: 0.10 | Acc: 96.94
Loss: 0.53 | Acc: 84.00

(4)Epoch: 135
Loss: 0.12 | Acc: 94.39
Loss: 0.43 | Acc: 88.00

(4)Epoch: 136
Loss: 0.08 | Acc: 96.94
Loss: 0.51 | Acc: 86.00

(4)Epoch: 137
Loss: 0.10 | Acc: 96.43
Loss: 0.64 | Acc: 82.00

(4)Epoch: 138
Loss: 0.23 | Acc: 96.43
Loss: 0.44 | Acc: 80.00

(4)Epoch: 139
Loss: 0.26 | Acc: 94.39
Loss: 0.51 | Acc: 82.00

(4)Epoch: 140
Loss: 0.48 | Acc: 90.82
Loss: 0.96 | Acc: 60.00

(4)Epoch: 141
Loss: 0.29 | Acc: 85.20
Loss: 0.39 | Acc: 82.00

(4)Epoch: 142
Loss: 0.25 | Acc: 92.35
Loss: 0.37 | Acc: 86.00

(4)Epoch: 143
Loss: 0.23 | Acc: 90.82
Loss: 0.39 | Acc: 86.00

(4)Epoch: 144
Loss: 0.16 | Acc: 91.84
Loss: 0.44 | Acc: 84.00

(4)Epoch: 145
Loss: 0.14 | Acc: 94.39
Loss: 0.50 | Acc: 84.00

(4)Epoch: 146
Loss: 0.13 | Acc: 94.90
Loss: 0.52 | Acc: 86.00

(4)Epoch: 147
Loss: 0.12 | Acc: 93.37
Loss: 0.45 | Acc: 84.00

(4)Epoch: 148
Loss: 0.26 | Acc: 95.92
Loss: 0.44 | Acc: 84.00

(4)Epoch: 149
Loss: 0.09 | Acc: 96.43
Loss: 0.47 | Acc: 82.00

(4)Epoch: 150
Loss: 0.11 | Acc: 95.92
Loss: 0.39 | Acc: 84.00

(4)Epoch: 151
Loss: 0.16 | Acc: 93.88
Loss: 0.47 | Acc: 82.00

(4)Epoch: 152
Loss: 0.34 | Acc: 95.92
Loss: 0.47 | Acc: 84.00

(4)Epoch: 153
Loss: 0.22 | Acc: 92.35
Loss: 0.30 | Acc: 82.00

(4)Epoch: 154
Loss: 0.12 | Acc: 95.41
Loss: 0.40 | Acc: 86.00

(4)Epoch: 155
Loss: 0.17 | Acc: 94.90
Loss: 0.43 | Acc: 82.00

(4)Epoch: 156
Loss: 0.16 | Acc: 93.37
Loss: 0.41 | Acc: 88.00

(4)Epoch: 157
Loss: 0.17 | Acc: 92.35
Loss: 0.49 | Acc: 84.00

(4)Epoch: 158
Loss: 0.26 | Acc: 94.39
Loss: 0.53 | Acc: 80.00

(4)Epoch: 159
Loss: 0.31 | Acc: 93.88
Loss: 0.51 | Acc: 82.00

(4)Epoch: 160
Loss: 0.30 | Acc: 93.88
Loss: 0.54 | Acc: 82.00

(4)Epoch: 161
Loss: 0.16 | Acc: 94.39
Loss: 0.34 | Acc: 84.00

(4)Epoch: 162
Loss: 0.14 | Acc: 94.90
Loss: 0.33 | Acc: 88.00

(4)Epoch: 163
Loss: 0.13 | Acc: 93.88
Loss: 0.47 | Acc: 86.00

(4)Epoch: 164
Loss: 0.22 | Acc: 93.37
Loss: 0.39 | Acc: 88.00

(4)Epoch: 165
Loss: 0.09 | Acc: 95.92
Loss: 0.32 | Acc: 86.00

(4)Epoch: 166
Loss: 0.12 | Acc: 94.90
Loss: 0.33 | Acc: 84.00

(4)Epoch: 167
Loss: 0.13 | Acc: 94.90
Loss: 0.38 | Acc: 82.00

(4)Epoch: 168
Loss: 0.17 | Acc: 96.43
Loss: 0.36 | Acc: 82.00

(4)Epoch: 169
Loss: 0.20 | Acc: 92.35
Loss: 0.52 | Acc: 82.00

(4)Epoch: 170
Loss: 0.24 | Acc: 91.84
Loss: 0.30 | Acc: 88.00

(4)Epoch: 171
Loss: 0.30 | Acc: 91.84
Loss: 0.45 | Acc: 82.00

(4)Epoch: 172
Loss: 0.15 | Acc: 93.88
Loss: 0.57 | Acc: 74.00

(4)Epoch: 173
Loss: 0.37 | Acc: 91.84
Loss: 0.52 | Acc: 76.00

(4)Epoch: 174
Loss: 0.19 | Acc: 92.86
Loss: 0.36 | Acc: 86.00

(4)Epoch: 175
Loss: 0.16 | Acc: 95.41
Loss: 0.33 | Acc: 84.00

(4)Epoch: 176
Loss: 0.18 | Acc: 95.92
Loss: 0.32 | Acc: 86.00

(4)Epoch: 177
Loss: 0.09 | Acc: 97.96
Loss: 0.33 | Acc: 86.00

(4)Epoch: 178
Loss: 0.15 | Acc: 94.39
Loss: 0.38 | Acc: 86.00

(4)Epoch: 179
Loss: 0.10 | Acc: 95.41
Loss: 0.34 | Acc: 86.00

(4)Epoch: 180
Loss: 0.15 | Acc: 94.90
Loss: 0.36 | Acc: 86.00

(4)Epoch: 181
Loss: 0.19 | Acc: 96.43
Loss: 0.33 | Acc: 84.00

(4)Epoch: 182
Loss: 0.21 | Acc: 95.41
Loss: 0.32 | Acc: 86.00

(4)Epoch: 183
Loss: 0.18 | Acc: 94.90
Loss: 0.52 | Acc: 80.00

(4)Epoch: 184
Loss: 0.16 | Acc: 95.41
Loss: 0.36 | Acc: 86.00

(4)Epoch: 185
Loss: 0.28 | Acc: 89.80
Loss: 0.32 | Acc: 88.00

(4)Epoch: 186
Loss: 0.14 | Acc: 91.84
Loss: 0.33 | Acc: 82.00

(4)Epoch: 187
Loss: 0.13 | Acc: 96.94
Loss: 0.32 | Acc: 86.00

(4)Epoch: 188
Loss: 0.22 | Acc: 96.43
Loss: 0.30 | Acc: 88.00

(4)Epoch: 189
Loss: 0.11 | Acc: 95.41
Loss: 0.27 | Acc: 84.00

(4)Epoch: 190
Loss: 0.13 | Acc: 93.37
Loss: 0.35 | Acc: 82.00

(4)Epoch: 191
Loss: 0.16 | Acc: 95.41
Loss: 0.32 | Acc: 86.00

(4)Epoch: 192
Loss: 0.19 | Acc: 94.39
Loss: 0.54 | Acc: 80.00

(4)Epoch: 193
Loss: 0.34 | Acc: 90.82
Loss: 0.33 | Acc: 84.00

(4)Epoch: 194
Loss: 0.16 | Acc: 94.39
Loss: 0.38 | Acc: 82.00

(4)Epoch: 195
Loss: 0.22 | Acc: 93.88
Loss: 0.32 | Acc: 88.00

(4)Epoch: 196
Loss: 0.16 | Acc: 94.39
Loss: 0.26 | Acc: 90.00

(4)Epoch: 197
Loss: 0.16 | Acc: 96.94
Loss: 0.28 | Acc: 84.00

(4)Epoch: 198
Loss: 0.13 | Acc: 95.92
Loss: 0.28 | Acc: 84.00

(4)Epoch: 199
Loss: 0.24 | Acc: 94.90
Loss: 0.29 | Acc: 84.00
train len: 200

(5)Epoch: 0
Loss: 0.67 | Acc: 58.50
Loss: 0.69 | Acc: 50.00

(5)Epoch: 1
Loss: 0.65 | Acc: 62.50
Loss: 0.69 | Acc: 50.00

(5)Epoch: 2
Loss: 0.68 | Acc: 63.00
Loss: 0.69 | Acc: 50.00

(5)Epoch: 3
Loss: 0.57 | Acc: 69.50
Loss: 0.69 | Acc: 50.00

(5)Epoch: 4
Loss: 0.54 | Acc: 71.50
Loss: 0.68 | Acc: 50.00

(5)Epoch: 5
Loss: 0.54 | Acc: 72.00
Loss: 0.92 | Acc: 45.65

(5)Epoch: 6
Loss: 0.71 | Acc: 58.00
Loss: 0.58 | Acc: 67.39

(5)Epoch: 7
Loss: 0.61 | Acc: 59.00
Loss: 3.88 | Acc: 67.39

(5)Epoch: 8
Loss: 0.60 | Acc: 72.50
Loss: 6.17 | Acc: 54.35

(5)Epoch: 9
Loss: 0.45 | Acc: 76.00
Loss: 2.33 | Acc: 60.87

(5)Epoch: 10
Loss: 0.47 | Acc: 76.50
Loss: 0.72 | Acc: 65.22

(5)Epoch: 11
Loss: 0.48 | Acc: 78.50
Loss: 0.34 | Acc: 86.96

(5)Epoch: 12
Loss: 0.55 | Acc: 76.50
Loss: 4.89 | Acc: 54.35

(5)Epoch: 13
Loss: 0.45 | Acc: 79.00
Loss: 0.98 | Acc: 63.04

(5)Epoch: 14
Loss: 0.51 | Acc: 78.50
Loss: 0.76 | Acc: 73.91

(5)Epoch: 15
Loss: 0.43 | Acc: 77.00
Loss: 1.33 | Acc: 80.43

(5)Epoch: 16
Loss: 0.47 | Acc: 82.00
Loss: 1.45 | Acc: 82.61

(5)Epoch: 17
Loss: 0.38 | Acc: 84.50
Loss: 0.43 | Acc: 80.43

(5)Epoch: 18
Loss: 0.47 | Acc: 74.50
Loss: 0.18 | Acc: 93.48

(5)Epoch: 19
Loss: 0.38 | Acc: 82.00
Loss: 0.41 | Acc: 82.61

(5)Epoch: 20
Loss: 0.34 | Acc: 84.00
Loss: 0.48 | Acc: 84.78

(5)Epoch: 21
Loss: 0.45 | Acc: 83.00
Loss: 0.25 | Acc: 89.13

(5)Epoch: 22
Loss: 0.34 | Acc: 85.50
Loss: 0.96 | Acc: 69.57

(5)Epoch: 23
Loss: 0.29 | Acc: 86.50
Loss: 0.28 | Acc: 86.96

(5)Epoch: 24
Loss: 0.27 | Acc: 87.00
Loss: 0.23 | Acc: 91.30

(5)Epoch: 25
Loss: 0.36 | Acc: 87.00
Loss: 0.45 | Acc: 84.78

(5)Epoch: 26
Loss: 0.30 | Acc: 87.50
Loss: 0.38 | Acc: 82.61

(5)Epoch: 27
Loss: 0.40 | Acc: 85.00
Loss: 0.25 | Acc: 91.30

(5)Epoch: 28
Loss: 0.29 | Acc: 87.00
Loss: 0.27 | Acc: 89.13

(5)Epoch: 29
Loss: 0.22 | Acc: 90.00
Loss: 0.43 | Acc: 82.61

(5)Epoch: 30
Loss: 0.41 | Acc: 92.50
Loss: 0.69 | Acc: 82.61

(5)Epoch: 31
Loss: 0.37 | Acc: 83.00
Loss: 0.29 | Acc: 86.96

(5)Epoch: 32
Loss: 0.47 | Acc: 75.50
Loss: 0.31 | Acc: 84.78

(5)Epoch: 33
Loss: 0.33 | Acc: 81.00
Loss: 0.28 | Acc: 91.30

(5)Epoch: 34
Loss: 0.37 | Acc: 83.00
Loss: 0.50 | Acc: 71.74

(5)Epoch: 35
Loss: 0.29 | Acc: 86.50
Loss: 0.37 | Acc: 86.96

(5)Epoch: 36
Loss: 0.34 | Acc: 87.00
Loss: 0.49 | Acc: 78.26

(5)Epoch: 37
Loss: 0.27 | Acc: 90.00
Loss: 0.26 | Acc: 89.13

(5)Epoch: 38
Loss: 0.22 | Acc: 91.50
Loss: 0.39 | Acc: 86.96

(5)Epoch: 39
Loss: 0.33 | Acc: 91.50
Loss: 0.24 | Acc: 89.13

(5)Epoch: 40
Loss: 0.37 | Acc: 88.00
Loss: 0.39 | Acc: 84.78

(5)Epoch: 41
Loss: 0.26 | Acc: 90.50
Loss: 0.21 | Acc: 93.48

(5)Epoch: 42
Loss: 0.20 | Acc: 92.50
Loss: 0.32 | Acc: 86.96

(5)Epoch: 43
Loss: 0.33 | Acc: 90.50
Loss: 0.45 | Acc: 86.96

(5)Epoch: 44
Loss: 0.32 | Acc: 92.50
Loss: 0.54 | Acc: 82.61

(5)Epoch: 45
Loss: 0.27 | Acc: 88.00
Loss: 0.35 | Acc: 91.30

(5)Epoch: 46
Loss: 0.36 | Acc: 91.00
Loss: 0.25 | Acc: 91.30

(5)Epoch: 47
Loss: 0.22 | Acc: 91.00
Loss: 0.49 | Acc: 84.78

(5)Epoch: 48
Loss: 0.19 | Acc: 91.00
Loss: 0.54 | Acc: 89.13

(5)Epoch: 49
Loss: 0.19 | Acc: 91.00
Loss: 0.31 | Acc: 84.78

(5)Epoch: 50
Loss: 0.18 | Acc: 94.50
Loss: 0.44 | Acc: 86.96

(5)Epoch: 51
Loss: 0.31 | Acc: 88.00
Loss: 0.27 | Acc: 89.13

(5)Epoch: 52
Loss: 0.30 | Acc: 84.00
Loss: 0.44 | Acc: 93.48

(5)Epoch: 53
Loss: 0.22 | Acc: 90.50
Loss: 0.36 | Acc: 95.65

(5)Epoch: 54
Loss: 0.30 | Acc: 93.50
Loss: 0.76 | Acc: 84.78

(5)Epoch: 55
Loss: 0.24 | Acc: 94.00
Loss: 0.41 | Acc: 89.13

(5)Epoch: 56
Loss: 0.21 | Acc: 93.00
Loss: 0.38 | Acc: 86.96

(5)Epoch: 57
Loss: 0.17 | Acc: 90.00
Loss: 0.61 | Acc: 82.61

(5)Epoch: 58
Loss: 0.15 | Acc: 96.50
Loss: 1.17 | Acc: 76.09

(5)Epoch: 59
Loss: 0.20 | Acc: 92.50
Loss: 2.15 | Acc: 67.39

(5)Epoch: 60
Loss: 0.33 | Acc: 90.00
Loss: 1.73 | Acc: 73.91

(5)Epoch: 61
Loss: 0.21 | Acc: 94.00
Loss: 0.91 | Acc: 58.70

(5)Epoch: 62
Loss: 0.25 | Acc: 89.50
Loss: 0.94 | Acc: 73.91

(5)Epoch: 63
Loss: 0.21 | Acc: 92.00
Loss: 1.07 | Acc: 65.22

(5)Epoch: 64
Loss: 0.19 | Acc: 91.50
Loss: 2.17 | Acc: 56.52

(5)Epoch: 65
Loss: 0.42 | Acc: 89.00
Loss: 2.75 | Acc: 52.17

(5)Epoch: 66
Loss: 0.30 | Acc: 90.00
Loss: 1.56 | Acc: 58.70

(5)Epoch: 67
Loss: 0.21 | Acc: 92.50
Loss: 0.27 | Acc: 89.13

(5)Epoch: 68
Loss: 0.26 | Acc: 92.50
Loss: 0.14 | Acc: 93.48

(5)Epoch: 69
Loss: 0.27 | Acc: 90.00
Loss: 0.13 | Acc: 93.48

(5)Epoch: 70
Loss: 0.15 | Acc: 94.00
Loss: 0.21 | Acc: 91.30

(5)Epoch: 71
Loss: 0.22 | Acc: 95.00
Loss: 0.30 | Acc: 86.96

(5)Epoch: 72
Loss: 0.20 | Acc: 94.50
Loss: 0.27 | Acc: 89.13

(5)Epoch: 73
Loss: 0.25 | Acc: 93.50
Loss: 0.18 | Acc: 86.96

(5)Epoch: 74
Loss: 0.15 | Acc: 95.00
Loss: 0.27 | Acc: 84.78

(5)Epoch: 75
Loss: 0.20 | Acc: 90.50
Loss: 0.20 | Acc: 93.48

(5)Epoch: 76
Loss: 0.24 | Acc: 94.00
Loss: 0.12 | Acc: 95.65

(5)Epoch: 77
Loss: 0.13 | Acc: 95.50
Loss: 0.22 | Acc: 91.30

(5)Epoch: 78
Loss: 0.12 | Acc: 95.50
Loss: 0.21 | Acc: 91.30

(5)Epoch: 79
Loss: 0.10 | Acc: 96.00
Loss: 0.16 | Acc: 95.65

(5)Epoch: 80
Loss: 0.06 | Acc: 96.50
Loss: 0.56 | Acc: 86.96

(5)Epoch: 81
Loss: 0.09 | Acc: 95.00
Loss: 0.24 | Acc: 91.30

(5)Epoch: 82
Loss: 0.08 | Acc: 97.00
Loss: 0.11 | Acc: 95.65

(5)Epoch: 83
Loss: 0.20 | Acc: 94.00
Loss: 0.87 | Acc: 73.91

(5)Epoch: 84
Loss: 0.16 | Acc: 93.50
Loss: 0.49 | Acc: 82.61

(5)Epoch: 85
Loss: 0.23 | Acc: 92.00
Loss: 0.12 | Acc: 95.65

(5)Epoch: 86
Loss: 0.14 | Acc: 93.50
Loss: 0.38 | Acc: 86.96

(5)Epoch: 87
Loss: 0.15 | Acc: 92.50
Loss: 0.74 | Acc: 71.74

(5)Epoch: 88
Loss: 0.14 | Acc: 94.00
Loss: 0.43 | Acc: 84.78

(5)Epoch: 89
Loss: 0.19 | Acc: 94.50
Loss: 0.10 | Acc: 97.83

(5)Epoch: 90
Loss: 0.09 | Acc: 96.00
Loss: 0.68 | Acc: 76.09

(5)Epoch: 91
Loss: 0.12 | Acc: 95.50
Loss: 0.67 | Acc: 76.09

(5)Epoch: 92
Loss: 0.21 | Acc: 94.00
Loss: 0.67 | Acc: 78.26

(5)Epoch: 93
Loss: 0.10 | Acc: 96.00
Loss: 0.86 | Acc: 78.26

(5)Epoch: 94
Loss: 0.19 | Acc: 93.50
Loss: 0.88 | Acc: 82.61

(5)Epoch: 95
Loss: 0.16 | Acc: 95.00
Loss: 0.17 | Acc: 86.96

(5)Epoch: 96
Loss: 0.20 | Acc: 95.00
Loss: 0.36 | Acc: 84.78

(5)Epoch: 97
Loss: 0.13 | Acc: 94.50
Loss: 0.27 | Acc: 89.13

(5)Epoch: 98
Loss: 0.14 | Acc: 94.00
Loss: 0.19 | Acc: 91.30

(5)Epoch: 99
Loss: 0.35 | Acc: 94.50
Loss: 0.53 | Acc: 86.96

(5)Epoch: 100
Loss: 0.18 | Acc: 92.50
Loss: 0.16 | Acc: 93.48

(5)Epoch: 101
Loss: 0.22 | Acc: 94.50
Loss: 0.12 | Acc: 95.65

(5)Epoch: 102
Loss: 0.17 | Acc: 95.50
Loss: 0.14 | Acc: 91.30

(5)Epoch: 103
Loss: 0.12 | Acc: 94.00
Loss: 0.33 | Acc: 89.13

(5)Epoch: 104
Loss: 0.21 | Acc: 93.00
Loss: 0.15 | Acc: 93.48

(5)Epoch: 105
Loss: 0.16 | Acc: 94.00
Loss: 0.28 | Acc: 89.13

(5)Epoch: 106
Loss: 0.17 | Acc: 92.00
Loss: 0.10 | Acc: 91.30

(5)Epoch: 107
Loss: 0.16 | Acc: 94.00
Loss: 0.27 | Acc: 93.48

(5)Epoch: 108
Loss: 0.09 | Acc: 97.50
Loss: 0.25 | Acc: 91.30

(5)Epoch: 109
Loss: 0.11 | Acc: 95.00
Loss: 0.40 | Acc: 91.30

(5)Epoch: 110
Loss: 0.23 | Acc: 96.00
Loss: 0.40 | Acc: 89.13

(5)Epoch: 111
Loss: 0.08 | Acc: 97.50
Loss: 0.40 | Acc: 89.13

(5)Epoch: 112
Loss: 0.13 | Acc: 96.00
Loss: 0.22 | Acc: 93.48

(5)Epoch: 113
Loss: 0.19 | Acc: 95.50
Loss: 0.21 | Acc: 89.13

(5)Epoch: 114
Loss: 0.21 | Acc: 95.50
Loss: 0.36 | Acc: 86.96

(5)Epoch: 115
Loss: 0.11 | Acc: 97.00
Loss: 0.26 | Acc: 91.30

(5)Epoch: 116
Loss: 0.13 | Acc: 94.00
Loss: 0.13 | Acc: 93.48

(5)Epoch: 117
Loss: 0.08 | Acc: 97.50
Loss: 0.14 | Acc: 95.65

(5)Epoch: 118
Loss: 0.17 | Acc: 96.00
Loss: 0.57 | Acc: 91.30

(5)Epoch: 119
Loss: 0.15 | Acc: 95.00
Loss: 0.44 | Acc: 93.48

(5)Epoch: 120
Loss: 0.23 | Acc: 91.50
Loss: 0.22 | Acc: 93.48

(5)Epoch: 121
Loss: 0.17 | Acc: 94.50
Loss: 0.21 | Acc: 93.48

(5)Epoch: 122
Loss: 0.10 | Acc: 97.50
Loss: 0.12 | Acc: 91.30

(5)Epoch: 123
Loss: 0.14 | Acc: 94.50
Loss: 0.09 | Acc: 93.48

(5)Epoch: 124
Loss: 0.14 | Acc: 96.50
Loss: 0.12 | Acc: 93.48

(5)Epoch: 125
Loss: 0.14 | Acc: 96.50
Loss: 0.37 | Acc: 86.96

(5)Epoch: 126
Loss: 0.10 | Acc: 96.00
Loss: 0.34 | Acc: 86.96

(5)Epoch: 127
Loss: 0.07 | Acc: 98.00
Loss: 0.33 | Acc: 91.30

(5)Epoch: 128
Loss: 0.09 | Acc: 96.00
Loss: 0.07 | Acc: 97.83

(5)Epoch: 129
Loss: 0.03 | Acc: 99.00
Loss: 0.11 | Acc: 97.83

(5)Epoch: 130
Loss: 0.03 | Acc: 99.00
Loss: 0.16 | Acc: 93.48

(5)Epoch: 131
Loss: 0.03 | Acc: 99.50
Loss: 0.19 | Acc: 93.48

(5)Epoch: 132
Loss: 0.05 | Acc: 98.00
Loss: 0.43 | Acc: 89.13

(5)Epoch: 133
Loss: 0.18 | Acc: 98.00
Loss: 0.22 | Acc: 93.48

(5)Epoch: 134
Loss: 0.14 | Acc: 96.00
Loss: 0.13 | Acc: 93.48

(5)Epoch: 135
Loss: 0.08 | Acc: 97.50
Loss: 0.43 | Acc: 91.30

(5)Epoch: 136
Loss: 0.13 | Acc: 94.50
Loss: 0.40 | Acc: 86.96

(5)Epoch: 137
Loss: 0.14 | Acc: 92.50
Loss: 0.27 | Acc: 89.13

(5)Epoch: 138
Loss: 0.13 | Acc: 95.50
Loss: 0.25 | Acc: 89.13

(5)Epoch: 139
Loss: 0.17 | Acc: 92.00
Loss: 0.34 | Acc: 84.78

(5)Epoch: 140
Loss: 0.08 | Acc: 98.00
Loss: 0.17 | Acc: 93.48

(5)Epoch: 141
Loss: 0.08 | Acc: 97.00
Loss: 0.23 | Acc: 93.48

(5)Epoch: 142
Loss: 0.06 | Acc: 96.50
Loss: 0.28 | Acc: 91.30

(5)Epoch: 143
Loss: 0.07 | Acc: 96.50
Loss: 0.35 | Acc: 91.30

(5)Epoch: 144
Loss: 0.13 | Acc: 97.50
Loss: 0.28 | Acc: 91.30

(5)Epoch: 145
Loss: 0.07 | Acc: 96.50
Loss: 0.44 | Acc: 82.61

(5)Epoch: 146
Loss: 0.08 | Acc: 95.00
Loss: 0.26 | Acc: 93.48

(5)Epoch: 147
Loss: 0.07 | Acc: 97.00
Loss: 0.32 | Acc: 93.48

(5)Epoch: 148
Loss: 0.17 | Acc: 98.00
Loss: 0.37 | Acc: 91.30

(5)Epoch: 149
Loss: 0.07 | Acc: 98.00
Loss: 0.23 | Acc: 91.30

(5)Epoch: 150
Loss: 0.17 | Acc: 94.00
Loss: 0.46 | Acc: 84.78

(5)Epoch: 151
Loss: 0.06 | Acc: 97.50
Loss: 0.39 | Acc: 91.30

(5)Epoch: 152
Loss: 0.05 | Acc: 98.50
Loss: 0.25 | Acc: 91.30

(5)Epoch: 153
Loss: 0.11 | Acc: 96.00
Loss: 0.52 | Acc: 84.78

(5)Epoch: 154
Loss: 0.08 | Acc: 96.50
Loss: 0.33 | Acc: 91.30

(5)Epoch: 155
Loss: 0.09 | Acc: 95.50
Loss: 0.63 | Acc: 91.30

(5)Epoch: 156
Loss: 0.06 | Acc: 95.50
Loss: 0.28 | Acc: 91.30

(5)Epoch: 157
Loss: 0.24 | Acc: 94.50
Loss: 0.12 | Acc: 93.48

(5)Epoch: 158
Loss: 0.07 | Acc: 96.50
Loss: 0.19 | Acc: 91.30

(5)Epoch: 159
Loss: 0.11 | Acc: 98.00
Loss: 0.25 | Acc: 89.13

(5)Epoch: 160
Loss: 0.13 | Acc: 95.50
Loss: 0.25 | Acc: 89.13

(5)Epoch: 161
Loss: 0.09 | Acc: 96.00
Loss: 0.11 | Acc: 95.65

(5)Epoch: 162
Loss: 0.07 | Acc: 97.50
Loss: 0.10 | Acc: 95.65

(5)Epoch: 163
Loss: 0.05 | Acc: 100.00
Loss: 0.11 | Acc: 95.65

(5)Epoch: 164
Loss: 0.03 | Acc: 99.50
Loss: 0.10 | Acc: 95.65

(5)Epoch: 165
Loss: 0.06 | Acc: 98.50
Loss: 0.09 | Acc: 95.65

(5)Epoch: 166
Loss: 0.05 | Acc: 99.00
Loss: 0.09 | Acc: 95.65

(5)Epoch: 167
Loss: 0.12 | Acc: 97.50
Loss: 0.11 | Acc: 95.65

(5)Epoch: 168
Loss: 0.20 | Acc: 94.00
Loss: 0.39 | Acc: 89.13

(5)Epoch: 169
Loss: 0.23 | Acc: 95.00
Loss: 3.10 | Acc: 69.57

(5)Epoch: 170
Loss: 0.10 | Acc: 96.00
Loss: 0.66 | Acc: 78.26

(5)Epoch: 171
Loss: 0.08 | Acc: 97.50
Loss: 0.11 | Acc: 93.48

(5)Epoch: 172
Loss: 0.18 | Acc: 94.00
Loss: 0.12 | Acc: 93.48

(5)Epoch: 173
Loss: 0.07 | Acc: 97.00
Loss: 0.53 | Acc: 84.78

(5)Epoch: 174
Loss: 0.06 | Acc: 98.50
Loss: 0.24 | Acc: 89.13

(5)Epoch: 175
Loss: 0.03 | Acc: 99.50
Loss: 0.25 | Acc: 89.13

(5)Epoch: 176
Loss: 0.04 | Acc: 99.00
Loss: 0.27 | Acc: 89.13

(5)Epoch: 177
Loss: 0.05 | Acc: 98.00
Loss: 0.34 | Acc: 89.13

(5)Epoch: 178
Loss: 0.04 | Acc: 98.50
Loss: 0.33 | Acc: 89.13

(5)Epoch: 179
Loss: 0.03 | Acc: 99.00
Loss: 0.14 | Acc: 95.65

(5)Epoch: 180
Loss: 0.05 | Acc: 97.50
Loss: 0.19 | Acc: 93.48

(5)Epoch: 181
Loss: 0.21 | Acc: 97.50
Loss: 0.54 | Acc: 89.13

(5)Epoch: 182
Loss: 0.09 | Acc: 96.00
Loss: 0.43 | Acc: 86.96

(5)Epoch: 183
Loss: 0.07 | Acc: 97.00
Loss: 0.17 | Acc: 93.48

(5)Epoch: 184
Loss: 0.10 | Acc: 97.00
Loss: 0.12 | Acc: 95.65

(5)Epoch: 185
Loss: 0.06 | Acc: 97.50
Loss: 0.14 | Acc: 97.83

(5)Epoch: 186
Loss: 0.06 | Acc: 98.00
Loss: 0.20 | Acc: 93.48

(5)Epoch: 187
Loss: 0.16 | Acc: 96.50
Loss: 0.33 | Acc: 93.48

(5)Epoch: 188
Loss: 0.06 | Acc: 99.00
Loss: 0.39 | Acc: 89.13

(5)Epoch: 189
Loss: 0.06 | Acc: 98.00
Loss: 0.50 | Acc: 84.78

(5)Epoch: 190
Loss: 0.05 | Acc: 98.00
Loss: 1.11 | Acc: 78.26

(5)Epoch: 191
Loss: 0.15 | Acc: 98.00
Loss: 0.72 | Acc: 84.78

(5)Epoch: 192
Loss: 0.09 | Acc: 96.50
Loss: 0.44 | Acc: 84.78

(5)Epoch: 193
Loss: 0.10 | Acc: 97.00
Loss: 0.43 | Acc: 86.96

(5)Epoch: 194
Loss: 0.09 | Acc: 98.00
Loss: 0.34 | Acc: 86.96

(5)Epoch: 195
Loss: 0.09 | Acc: 97.00
Loss: 0.19 | Acc: 95.65

(5)Epoch: 196
Loss: 0.15 | Acc: 93.00
Loss: 0.10 | Acc: 95.65

(5)Epoch: 197
Loss: 0.08 | Acc: 95.00
Loss: 0.12 | Acc: 91.30

(5)Epoch: 198
Loss: 0.07 | Acc: 98.00
Loss: 0.25 | Acc: 91.30

(5)Epoch: 199
Loss: 0.07 | Acc: 96.50
Loss: 0.33 | Acc: 91.30
valid acc: 87.86, valid loss: 0.34
training set length info: 246 209 37

(train)Epoch: 0
Loss: 0.68 | Acc: 56.46
Loss: 0.71 | Acc: 48.65

(train)Epoch: 1
Loss: 0.68 | Acc: 56.46
Loss: 0.72 | Acc: 48.65

(train)Epoch: 2
Loss: 0.63 | Acc: 67.46
Loss: 0.74 | Acc: 48.65

(train)Epoch: 3
Loss: 0.58 | Acc: 64.59
Loss: 0.81 | Acc: 48.65

(train)Epoch: 4
Loss: 0.54 | Acc: 72.25
Loss: 0.75 | Acc: 48.65

(train)Epoch: 5
Loss: 0.50 | Acc: 76.08
Loss: 0.81 | Acc: 54.05

(train)Epoch: 6
Loss: 0.54 | Acc: 73.21
Loss: 0.70 | Acc: 59.46

(train)Epoch: 7
Loss: 0.44 | Acc: 77.03
Loss: 0.49 | Acc: 78.38

(train)Epoch: 8
Loss: 0.47 | Acc: 77.03
Loss: 0.50 | Acc: 83.78

(train)Epoch: 9
Loss: 0.45 | Acc: 73.68
Loss: 0.62 | Acc: 81.08

(train)Epoch: 10
Loss: 0.39 | Acc: 78.47
Loss: 0.59 | Acc: 86.49

(train)Epoch: 11
Loss: 0.48 | Acc: 76.08
Loss: 0.62 | Acc: 81.08

(train)Epoch: 12
Loss: 0.42 | Acc: 77.51
Loss: 0.57 | Acc: 78.38

(train)Epoch: 13
Loss: 0.40 | Acc: 77.03
Loss: 0.55 | Acc: 81.08

(train)Epoch: 14
Loss: 0.36 | Acc: 81.82
Loss: 0.83 | Acc: 89.19

(train)Epoch: 15
Loss: 0.36 | Acc: 80.86
Loss: 0.98 | Acc: 86.49

(train)Epoch: 16
Loss: 0.28 | Acc: 87.08
Loss: 0.81 | Acc: 89.19

(train)Epoch: 17
Loss: 0.42 | Acc: 80.86
Loss: 1.46 | Acc: 86.49

(train)Epoch: 18
Loss: 0.34 | Acc: 85.65
Loss: 0.60 | Acc: 89.19

(train)Epoch: 19
Loss: 0.29 | Acc: 86.12
Loss: 0.52 | Acc: 72.97

(train)Epoch: 20
Loss: 0.39 | Acc: 80.38
Loss: 0.73 | Acc: 64.86

(train)Epoch: 21
Loss: 0.34 | Acc: 85.17
Loss: 0.66 | Acc: 86.49

(train)Epoch: 22
Loss: 0.32 | Acc: 85.17
Loss: 0.76 | Acc: 83.78

(train)Epoch: 23
Loss: 0.29 | Acc: 85.17
Loss: 0.20 | Acc: 89.19

(train)Epoch: 24
Loss: 0.28 | Acc: 85.65
Loss: 0.28 | Acc: 89.19

(train)Epoch: 25
Loss: 0.33 | Acc: 84.69
Loss: 0.19 | Acc: 94.59

(train)Epoch: 26
Loss: 0.28 | Acc: 85.65
Loss: 0.29 | Acc: 81.08

(train)Epoch: 27
Loss: 0.27 | Acc: 85.17
Loss: 0.47 | Acc: 83.78

(train)Epoch: 28
Loss: 0.34 | Acc: 85.65
Loss: 0.14 | Acc: 97.30

(train)Epoch: 29
Loss: 0.27 | Acc: 89.95
Loss: 0.24 | Acc: 86.49

(train)Epoch: 30
Loss: 0.23 | Acc: 89.00
Loss: 0.46 | Acc: 83.78

(train)Epoch: 31
Loss: 0.27 | Acc: 88.52
Loss: 0.25 | Acc: 94.59

(train)Epoch: 32
Loss: 0.27 | Acc: 85.65
Loss: 0.11 | Acc: 97.30

(train)Epoch: 33
Loss: 0.22 | Acc: 89.47
Loss: 0.11 | Acc: 97.30

(train)Epoch: 34
Loss: 0.26 | Acc: 89.00
Loss: 0.29 | Acc: 83.78

(train)Epoch: 35
Loss: 0.21 | Acc: 90.43
Loss: 0.37 | Acc: 94.59

(train)Epoch: 36
Loss: 0.27 | Acc: 89.47
Loss: 0.25 | Acc: 94.59

(train)Epoch: 37
Loss: 0.18 | Acc: 93.30
Loss: 0.35 | Acc: 91.89

(train)Epoch: 38
Loss: 0.19 | Acc: 91.39
Loss: 0.31 | Acc: 91.89

(train)Epoch: 39
Loss: 0.21 | Acc: 89.47
Loss: 0.44 | Acc: 86.49

(train)Epoch: 40
Loss: 0.17 | Acc: 92.82
Loss: 0.48 | Acc: 78.38

(train)Epoch: 41
Loss: 0.25 | Acc: 90.43
Loss: 1.62 | Acc: 78.38

(train)Epoch: 42
Loss: 0.23 | Acc: 89.47
Loss: 0.61 | Acc: 86.49

(train)Epoch: 43
Loss: 0.25 | Acc: 88.04
Loss: 0.39 | Acc: 97.30

(train)Epoch: 44
Loss: 0.19 | Acc: 90.91
Loss: 0.20 | Acc: 97.30

(train)Epoch: 45
Loss: 0.16 | Acc: 92.82
Loss: 0.15 | Acc: 94.59

(train)Epoch: 46
Loss: 0.19 | Acc: 90.43
Loss: 0.26 | Acc: 94.59

(train)Epoch: 47
Loss: 0.19 | Acc: 92.82
Loss: 0.51 | Acc: 86.49

(train)Epoch: 48
Loss: 0.22 | Acc: 89.47
Loss: 1.23 | Acc: 81.08

(train)Epoch: 49
Loss: 0.21 | Acc: 88.52
Loss: 0.25 | Acc: 89.19

(train)Epoch: 50
Loss: 0.25 | Acc: 89.00
Loss: 0.43 | Acc: 86.49

(train)Epoch: 51
Loss: 0.26 | Acc: 89.00
Loss: 5.46 | Acc: 54.05

(train)Epoch: 52
Loss: 0.34 | Acc: 84.69
Loss: 0.18 | Acc: 94.59

(train)Epoch: 53
Loss: 0.27 | Acc: 86.60
Loss: 0.40 | Acc: 83.78

(train)Epoch: 54
Loss: 0.19 | Acc: 93.30
Loss: 0.27 | Acc: 89.19

(train)Epoch: 55
Loss: 0.23 | Acc: 89.47
Loss: 0.37 | Acc: 97.30

(train)Epoch: 56
Loss: 0.12 | Acc: 94.74
Loss: 0.28 | Acc: 97.30

(train)Epoch: 57
Loss: 0.13 | Acc: 95.69
Loss: 0.12 | Acc: 94.59

(train)Epoch: 58
Loss: 0.15 | Acc: 94.74
Loss: 0.09 | Acc: 97.30

(train)Epoch: 59
Loss: 0.11 | Acc: 95.69
Loss: 0.15 | Acc: 97.30

(train)Epoch: 60
Loss: 0.23 | Acc: 91.39
Loss: 0.21 | Acc: 91.89

(train)Epoch: 61
Loss: 0.17 | Acc: 93.30
Loss: 0.37 | Acc: 89.19

(train)Epoch: 62
Loss: 0.17 | Acc: 92.34
Loss: 0.66 | Acc: 89.19

(train)Epoch: 63
Loss: 0.17 | Acc: 89.95
Loss: 0.55 | Acc: 94.59

(train)Epoch: 64
Loss: 0.16 | Acc: 91.87
Loss: 0.22 | Acc: 86.49

(train)Epoch: 65
Loss: 0.18 | Acc: 93.78
Loss: 0.41 | Acc: 83.78

(train)Epoch: 66
Loss: 0.13 | Acc: 94.74
Loss: 0.32 | Acc: 91.89

(train)Epoch: 67
Loss: 0.14 | Acc: 94.26
Loss: 0.43 | Acc: 94.59

(train)Epoch: 68
Loss: 0.10 | Acc: 96.65
Loss: 0.15 | Acc: 94.59

(train)Epoch: 69
Loss: 0.14 | Acc: 94.26
Loss: 0.16 | Acc: 91.89

(train)Epoch: 70
Loss: 0.13 | Acc: 95.69
Loss: 0.20 | Acc: 94.59

(train)Epoch: 71
Loss: 0.14 | Acc: 93.78
Loss: 0.14 | Acc: 94.59

(train)Epoch: 72
Loss: 0.24 | Acc: 90.43
Loss: 0.45 | Acc: 81.08

(train)Epoch: 73
Loss: 0.21 | Acc: 92.82
Loss: 0.09 | Acc: 94.59

(train)Epoch: 74
Loss: 0.15 | Acc: 95.22
Loss: 0.10 | Acc: 97.30

(train)Epoch: 75
Loss: 0.11 | Acc: 95.69
Loss: 0.32 | Acc: 94.59

(train)Epoch: 76
Loss: 0.09 | Acc: 96.17
Loss: 0.40 | Acc: 94.59

(train)Epoch: 77
Loss: 0.13 | Acc: 95.22
Loss: 0.33 | Acc: 91.89

(train)Epoch: 78
Loss: 0.20 | Acc: 95.22
Loss: 0.34 | Acc: 94.59

(train)Epoch: 79
Loss: 0.17 | Acc: 91.39
Loss: 0.33 | Acc: 89.19

(train)Epoch: 80
Loss: 0.13 | Acc: 95.22
Loss: 0.52 | Acc: 94.59

(train)Epoch: 81
Loss: 0.11 | Acc: 94.74
Loss: 0.36 | Acc: 97.30

(train)Epoch: 82
Loss: 0.07 | Acc: 97.61
Loss: 0.15 | Acc: 97.30

(train)Epoch: 83
Loss: 0.09 | Acc: 97.61
Loss: 0.41 | Acc: 94.59

(train)Epoch: 84
Loss: 0.13 | Acc: 96.17
Loss: 0.47 | Acc: 97.30

(train)Epoch: 85
Loss: 0.11 | Acc: 95.22
Loss: 0.42 | Acc: 97.30

(train)Epoch: 86
Loss: 0.17 | Acc: 95.69
Loss: 0.46 | Acc: 97.30

(train)Epoch: 87
Loss: 0.06 | Acc: 98.56
Loss: 0.10 | Acc: 94.59

(train)Epoch: 88
Loss: 0.12 | Acc: 94.74
Loss: 0.22 | Acc: 94.59

(train)Epoch: 89
Loss: 0.17 | Acc: 94.74
Loss: 0.74 | Acc: 83.78

(train)Epoch: 90
Loss: 0.16 | Acc: 94.26
Loss: 0.72 | Acc: 97.30

(train)Epoch: 91
Loss: 0.13 | Acc: 94.74
Loss: 0.19 | Acc: 94.59

(train)Epoch: 92
Loss: 0.19 | Acc: 92.34
Loss: 0.69 | Acc: 86.49

(train)Epoch: 93
Loss: 0.12 | Acc: 97.13
Loss: 0.48 | Acc: 86.49

(train)Epoch: 94
Loss: 0.13 | Acc: 95.69
Loss: 0.54 | Acc: 91.89

(train)Epoch: 95
Loss: 0.20 | Acc: 93.78
Loss: 0.59 | Acc: 94.59

(train)Epoch: 96
Loss: 0.18 | Acc: 93.30
Loss: 0.41 | Acc: 94.59

(train)Epoch: 97
Loss: 0.22 | Acc: 92.82
Loss: 0.21 | Acc: 97.30

(train)Epoch: 98
Loss: 0.08 | Acc: 97.61
Loss: 0.21 | Acc: 97.30

(train)Epoch: 99
Loss: 0.09 | Acc: 95.69
Loss: 0.32 | Acc: 97.30

(train)Epoch: 100
Loss: 0.08 | Acc: 97.61
Loss: 0.30 | Acc: 97.30

(train)Epoch: 101
Loss: 0.03 | Acc: 98.56
Loss: 0.18 | Acc: 97.30

(train)Epoch: 102
Loss: 0.09 | Acc: 96.65
Loss: 0.21 | Acc: 97.30

(train)Epoch: 103
Loss: 0.04 | Acc: 98.56
Loss: 0.49 | Acc: 97.30

(train)Epoch: 104
Loss: 0.08 | Acc: 97.61
Loss: 0.23 | Acc: 94.59

(train)Epoch: 105
Loss: 0.12 | Acc: 95.69
Loss: 0.62 | Acc: 89.19

(train)Epoch: 106
Loss: 0.05 | Acc: 98.09
Loss: 1.10 | Acc: 91.89

(train)Epoch: 107
Loss: 0.07 | Acc: 96.65
Loss: 0.84 | Acc: 94.59

(train)Epoch: 108
Loss: 0.09 | Acc: 97.13
Loss: 0.50 | Acc: 97.30

(train)Epoch: 109
Loss: 0.08 | Acc: 97.61
Loss: 0.20 | Acc: 94.59

(train)Epoch: 110
Loss: 0.16 | Acc: 92.82
Loss: 0.33 | Acc: 94.59

(train)Epoch: 111
Loss: 0.07 | Acc: 97.13
Loss: 0.69 | Acc: 89.19

(train)Epoch: 112
Loss: 0.07 | Acc: 97.61
Loss: 0.63 | Acc: 94.59

(train)Epoch: 113
Loss: 0.07 | Acc: 97.61
Loss: 0.87 | Acc: 94.59

(train)Epoch: 114
Loss: 0.08 | Acc: 96.65
Loss: 0.74 | Acc: 94.59

(train)Epoch: 115
Loss: 0.10 | Acc: 95.69
Loss: 0.67 | Acc: 91.89

(train)Epoch: 116
Loss: 0.16 | Acc: 95.69
Loss: 0.34 | Acc: 94.59

(train)Epoch: 117
Loss: 0.14 | Acc: 95.69
Loss: 0.30 | Acc: 94.59

(train)Epoch: 118
Loss: 0.19 | Acc: 93.30
Loss: 0.61 | Acc: 83.78

(train)Epoch: 119
Loss: 0.08 | Acc: 96.17
Loss: 0.28 | Acc: 91.89

(train)Epoch: 120
Loss: 0.15 | Acc: 96.17
Loss: 0.35 | Acc: 97.30

(train)Epoch: 121
Loss: 0.05 | Acc: 98.09
Loss: 0.41 | Acc: 94.59

(train)Epoch: 122
Loss: 0.03 | Acc: 99.52
Loss: 0.37 | Acc: 94.59

(train)Epoch: 123
Loss: 0.09 | Acc: 97.13
Loss: 0.39 | Acc: 94.59

(train)Epoch: 124
Loss: 0.05 | Acc: 97.61
Loss: 0.34 | Acc: 94.59

(train)Epoch: 125
Loss: 0.09 | Acc: 97.13
Loss: 0.27 | Acc: 89.19

(train)Epoch: 126
Loss: 0.05 | Acc: 97.61
Loss: 0.35 | Acc: 94.59

(train)Epoch: 127
Loss: 0.06 | Acc: 97.61
Loss: 0.32 | Acc: 94.59

(train)Epoch: 128
Loss: 0.06 | Acc: 97.13
Loss: 0.38 | Acc: 89.19

(train)Epoch: 129
Loss: 0.05 | Acc: 99.52
Loss: 0.80 | Acc: 72.97

(train)Epoch: 130
Loss: 0.25 | Acc: 91.39
Loss: 0.84 | Acc: 94.59

(train)Epoch: 131
Loss: 0.09 | Acc: 95.69
Loss: 0.31 | Acc: 94.59

(train)Epoch: 132
Loss: 0.10 | Acc: 97.13
Loss: 0.36 | Acc: 91.89

(train)Epoch: 133
Loss: 0.07 | Acc: 97.61
Loss: 0.35 | Acc: 89.19

(train)Epoch: 134
Loss: 0.07 | Acc: 97.13
Loss: 0.28 | Acc: 97.30

(train)Epoch: 135
Loss: 0.07 | Acc: 97.61
Loss: 0.22 | Acc: 91.89

(train)Epoch: 136
Loss: 0.07 | Acc: 97.13
Loss: 0.59 | Acc: 83.78

(train)Epoch: 137
Loss: 0.16 | Acc: 96.17
Loss: 0.14 | Acc: 89.19

(train)Epoch: 138
Loss: 0.06 | Acc: 98.09
Loss: 0.23 | Acc: 89.19

(train)Epoch: 139
Loss: 0.05 | Acc: 97.61
Loss: 0.37 | Acc: 94.59

(train)Epoch: 140
Loss: 0.05 | Acc: 99.04
Loss: 0.49 | Acc: 94.59

(train)Epoch: 141
Loss: 0.10 | Acc: 98.09
Loss: 0.40 | Acc: 94.59

(train)Epoch: 142
Loss: 0.03 | Acc: 99.52
Loss: 0.37 | Acc: 89.19

(train)Epoch: 143
Loss: 0.04 | Acc: 98.56
Loss: 0.35 | Acc: 94.59

(train)Epoch: 144
Loss: 0.06 | Acc: 98.56
Loss: 0.18 | Acc: 86.49

(train)Epoch: 145
Loss: 0.06 | Acc: 98.09
Loss: 0.08 | Acc: 94.59

(train)Epoch: 146
Loss: 0.03 | Acc: 99.04
Loss: 0.13 | Acc: 94.59

(train)Epoch: 147
Loss: 0.09 | Acc: 96.65
Loss: 0.31 | Acc: 94.59

(train)Epoch: 148
Loss: 0.03 | Acc: 99.52
Loss: 0.18 | Acc: 91.89

(train)Epoch: 149
Loss: 0.05 | Acc: 98.56
Loss: 0.22 | Acc: 94.59

(train)Epoch: 150
Loss: 0.07 | Acc: 99.04
Loss: 0.28 | Acc: 94.59

(train)Epoch: 151
Loss: 0.06 | Acc: 97.61
Loss: 0.41 | Acc: 91.89

(train)Epoch: 152
Loss: 0.06 | Acc: 98.56
Loss: 0.51 | Acc: 89.19

(train)Epoch: 153
Loss: 0.13 | Acc: 94.26
Loss: 0.39 | Acc: 91.89

(train)Epoch: 154
Loss: 0.06 | Acc: 97.61
Loss: 0.21 | Acc: 94.59

(train)Epoch: 155
Loss: 0.03 | Acc: 99.04
Loss: 0.10 | Acc: 97.30

(train)Epoch: 156
Loss: 0.03 | Acc: 98.56
Loss: 0.12 | Acc: 91.89

(train)Epoch: 157
Loss: 0.01 | Acc: 100.00
Loss: 0.15 | Acc: 94.59

(train)Epoch: 158
Loss: 0.01 | Acc: 100.00
Loss: 0.09 | Acc: 97.30

(train)Epoch: 159
Loss: 0.04 | Acc: 99.04
Loss: 0.04 | Acc: 97.30

(train)Epoch: 160
Loss: 0.10 | Acc: 96.17
Loss: 0.30 | Acc: 94.59

(train)Epoch: 161
Loss: 0.05 | Acc: 98.56
Loss: 0.66 | Acc: 89.19

(train)Epoch: 162
Loss: 0.06 | Acc: 98.56
Loss: 0.55 | Acc: 89.19

(train)Epoch: 163
Loss: 0.04 | Acc: 99.04
Loss: 0.44 | Acc: 94.59

(train)Epoch: 164
Loss: 0.05 | Acc: 98.09
Loss: 0.34 | Acc: 91.89

(train)Epoch: 165
Loss: 0.11 | Acc: 97.13
Loss: 0.13 | Acc: 97.30

(train)Epoch: 166
Loss: 0.06 | Acc: 98.56
Loss: 0.18 | Acc: 94.59

(train)Epoch: 167
Loss: 0.04 | Acc: 99.52
Loss: 0.16 | Acc: 94.59

(train)Epoch: 168
Loss: 0.05 | Acc: 98.56
Loss: 0.17 | Acc: 94.59

(train)Epoch: 169
Loss: 0.03 | Acc: 99.04
Loss: 0.11 | Acc: 91.89

(train)Epoch: 170
Loss: 0.03 | Acc: 98.56
Loss: 0.42 | Acc: 94.59

(train)Epoch: 171
Loss: 0.02 | Acc: 99.52
Loss: 0.45 | Acc: 97.30

(train)Epoch: 172
Loss: 0.02 | Acc: 99.52
Loss: 0.35 | Acc: 94.59

(train)Epoch: 173
Loss: 0.04 | Acc: 98.56
Loss: 0.27 | Acc: 94.59

(train)Epoch: 174
Loss: 0.01 | Acc: 99.52
Loss: 0.31 | Acc: 94.59

(train)Epoch: 175
Loss: 0.03 | Acc: 98.56
Loss: 0.44 | Acc: 94.59

(train)Epoch: 176
Loss: 0.06 | Acc: 99.04
Loss: 0.49 | Acc: 94.59

(train)Epoch: 177
Loss: 0.03 | Acc: 99.04
Loss: 0.53 | Acc: 94.59

(train)Epoch: 178
Loss: 0.13 | Acc: 96.17
Loss: 0.41 | Acc: 91.89

(train)Epoch: 179
Loss: 0.12 | Acc: 96.17
Loss: 0.16 | Acc: 94.59

(train)Epoch: 180
Loss: 0.04 | Acc: 98.56
Loss: 0.18 | Acc: 94.59

(train)Epoch: 181
Loss: 0.08 | Acc: 97.61
Loss: 0.37 | Acc: 91.89

(train)Epoch: 182
Loss: 0.02 | Acc: 100.00
Loss: 0.24 | Acc: 97.30

(train)Epoch: 183
Loss: 0.04 | Acc: 98.09
Loss: 0.32 | Acc: 97.30

(train)Epoch: 184
Loss: 0.04 | Acc: 99.52
Loss: 0.25 | Acc: 94.59

(train)Epoch: 185
Loss: 0.10 | Acc: 95.69
Loss: 0.26 | Acc: 97.30

(train)Epoch: 186
Loss: 0.06 | Acc: 98.56
Loss: 0.29 | Acc: 94.59

(train)Epoch: 187
Loss: 0.01 | Acc: 100.00
Loss: 0.22 | Acc: 94.59

(train)Epoch: 188
Loss: 0.03 | Acc: 99.04
Loss: 0.26 | Acc: 94.59

(train)Epoch: 189
Loss: 0.03 | Acc: 98.56
Loss: 0.15 | Acc: 94.59

(train)Epoch: 190
Loss: 0.02 | Acc: 99.04
Loss: 0.14 | Acc: 94.59

(train)Epoch: 191
Loss: 0.01 | Acc: 100.00
Loss: 0.17 | Acc: 97.30

(train)Epoch: 192
Loss: 0.01 | Acc: 99.52
Loss: 0.27 | Acc: 97.30

(train)Epoch: 193
Loss: 0.01 | Acc: 99.52
Loss: 0.40 | Acc: 97.30

(train)Epoch: 194
Loss: 0.03 | Acc: 98.09
Loss: 0.13 | Acc: 97.30

(train)Epoch: 195
Loss: 0.08 | Acc: 97.13
Loss: 0.05 | Acc: 97.30

(train)Epoch: 196
Loss: 0.03 | Acc: 99.52
Loss: 0.25 | Acc: 86.49

(train)Epoch: 197
Loss: 0.09 | Acc: 96.65
Loss: 0.16 | Acc: 89.19

(train)Epoch: 198
Loss: 0.12 | Acc: 95.22
Loss: 0.25 | Acc: 94.59

(train)Epoch: 199
Loss: 0.17 | Acc: 97.61
Loss: 0.32 | Acc: 94.59

========= result on testing set =========

testing set length info: 105
Loss: 0.67 | Acc: 85.71
