Prepare directory...
Prepare model...

(1)Epoch: 1
Loss: 0.81 | Acc: 59.46
tensor([ 0.1287, -0.0085], device='cuda:1') tensor([ 0.1287, -0.0085], device='cuda:1')
tensor([ 0.1287, -0.0085], device='cuda:1') tensor([ 0.1287, -0.0085], device='cuda:1')
tensor([ 0.1287, -0.0085], device='cuda:1') tensor([ 0.1287, -0.0085], device='cuda:1')
Loss: 0.69 | Acc: 55.41

(1)Epoch: 2
Loss: 0.53 | Acc: 72.30
tensor([ 0.3438, -0.0848], device='cuda:1') tensor([ 0.3439, -0.0849], device='cuda:1')
tensor([ 0.3438, -0.0848], device='cuda:1') tensor([ 0.3439, -0.0849], device='cuda:1')
tensor([ 0.3439, -0.0849], device='cuda:1') tensor([ 0.3439, -0.0849], device='cuda:1')
Loss: 0.67 | Acc: 55.41

(1)Epoch: 3
Loss: 0.55 | Acc: 73.65
tensor([ 0.6057, -0.2399], device='cuda:1') tensor([ 0.6154, -0.2506], device='cuda:1')
tensor([ 0.6290, -0.2658], device='cuda:1') tensor([ 0.6175, -0.2530], device='cuda:1')
tensor([ 0.6265, -0.2630], device='cuda:1') tensor([ 0.6151, -0.2503], device='cuda:1')
Loss: 0.72 | Acc: 55.41

(1)Epoch: 4
Loss: 0.50 | Acc: 76.69
tensor([ 0.5820, -0.2737], device='cuda:1') tensor([ 1.1289, -0.9072], device='cuda:1')
tensor([ 0.7840, -0.5053], device='cuda:1') tensor([ 0.5323, -0.2117], device='cuda:1')
tensor([ 0.6632, -0.3674], device='cuda:1') tensor([ 0.4041, -0.0620], device='cuda:1')
Loss: 0.64 | Acc: 58.11

(1)Epoch: 5
Loss: 0.53 | Acc: 78.72
tensor([0.0808, 0.2577], device='cuda:1') tensor([ 0.8696, -0.5029], device='cuda:1')
tensor([ 0.8579, -0.4878], device='cuda:1') tensor([-0.0688,  0.3540], device='cuda:1')
tensor([ 0.8913, -0.5220], device='cuda:1') tensor([ 0.8636, -0.4936], device='cuda:1')
Loss: 0.55 | Acc: 64.86

(1)Epoch: 6
Loss: 0.42 | Acc: 79.39
tensor([-0.4741,  0.6708], device='cuda:1') tensor([ 1.6234, -1.3259], device='cuda:1')
tensor([ 2.5603, -2.2274], device='cuda:1') tensor([ 1.2229, -0.8804], device='cuda:1')
tensor([0.2089, 0.1104], device='cuda:1') tensor([ 0.8585, -0.5270], device='cuda:1')
Loss: 0.64 | Acc: 68.92

(1)Epoch: 7
Loss: 0.49 | Acc: 78.72
tensor([ 1.0215, -0.7100], device='cuda:1') tensor([ 1.8156, -1.4734], device='cuda:1')
tensor([-0.4463,  0.5259], device='cuda:1') tensor([ 0.8837, -0.5784], device='cuda:1')
tensor([-1.8805,  1.7043], device='cuda:1') tensor([ 2.4175, -2.0473], device='cuda:1')
Loss: 0.43 | Acc: 79.73

(1)Epoch: 8
Loss: 0.40 | Acc: 81.42
tensor([-0.3213,  0.3351], device='cuda:1') tensor([ 0.9662, -0.6871], device='cuda:1')
tensor([-1.7670,  0.9259], device='cuda:1') tensor([-0.4110,  0.5527], device='cuda:1')
tensor([-0.2236,  0.4051], device='cuda:1') tensor([ 0.6773, -0.4336], device='cuda:1')
Loss: 0.53 | Acc: 83.78

(1)Epoch: 9
Loss: 0.38 | Acc: 84.12
tensor([-2.8425,  2.4126], device='cuda:1') tensor([-1.2784,  1.0967], device='cuda:1')
tensor([ 1.9948, -1.7164], device='cuda:1') tensor([-1.3809,  1.3711], device='cuda:1')
tensor([-3.4729,  2.8706], device='cuda:1') tensor([-2.9878,  2.5037], device='cuda:1')
Loss: 0.83 | Acc: 79.73

(1)Epoch: 10
Loss: 0.36 | Acc: 84.80
tensor([-1.3520,  1.2616], device='cuda:1') tensor([ 1.1609, -0.8269], device='cuda:1')
tensor([ 2.3422, -2.0451], device='cuda:1') tensor([-1.2770,  1.2696], device='cuda:1')
tensor([ 1.1855, -0.8643], device='cuda:1') tensor([-0.8343,  0.8905], device='cuda:1')
Loss: 0.40 | Acc: 78.38

(1)Epoch: 11
Loss: 0.34 | Acc: 86.49
tensor([ 1.9211, -1.5759], device='cuda:1') tensor([ 2.7556, -2.4486], device='cuda:1')
tensor([ 1.7849, -1.4493], device='cuda:1') tensor([ 0.6709, -0.4992], device='cuda:1')
tensor([-3.1319,  2.7114], device='cuda:1') tensor([ 0.7119, -0.4162], device='cuda:1')
Loss: 0.46 | Acc: 83.78

(1)Epoch: 12
Loss: 0.37 | Acc: 85.47
tensor([-0.5581,  0.6802], device='cuda:1') tensor([ 1.4153, -1.1142], device='cuda:1')
tensor([-1.5363,  1.3473], device='cuda:1') tensor([-0.9109,  0.7483], device='cuda:1')
tensor([-1.3664,  1.0235], device='cuda:1') tensor([-0.8842,  0.8450], device='cuda:1')
Loss: 0.28 | Acc: 90.54

(1)Epoch: 13
Loss: 0.30 | Acc: 87.50
tensor([ 1.0544, -0.7687], device='cuda:1') tensor([ 1.4876, -1.1716], device='cuda:1')
tensor([-1.1908,  1.2052], device='cuda:1') tensor([-0.5985,  0.4599], device='cuda:1')
tensor([ 1.5276, -1.2049], device='cuda:1') tensor([0.1077, 0.1239], device='cuda:1')
Loss: 0.41 | Acc: 89.19

(1)Epoch: 14
Loss: 0.32 | Acc: 87.16
tensor([ 1.9742, -1.9306], device='cuda:1') tensor([ 0.3579, -0.6045], device='cuda:1')
tensor([-2.0445,  1.7774], device='cuda:1') tensor([-1.3773,  1.3354], device='cuda:1')
tensor([-1.6379,  1.5999], device='cuda:1') tensor([-2.4669,  2.1435], device='cuda:1')
Loss: 0.64 | Acc: 81.08

(1)Epoch: 15
Loss: 0.32 | Acc: 90.54
tensor([ 1.6175, -1.2348], device='cuda:1') tensor([ 0.9373, -0.6299], device='cuda:1')
tensor([-1.2852,  1.1765], device='cuda:1') tensor([-3.2345,  2.8010], device='cuda:1')
tensor([ 0.5838, -1.1638], device='cuda:1') tensor([ 2.2850, -1.9392], device='cuda:1')
Loss: 0.29 | Acc: 93.24

(1)Epoch: 16
Loss: 0.31 | Acc: 87.84
tensor([-0.9040,  0.7747], device='cuda:1') tensor([-2.3609,  1.9523], device='cuda:1')
tensor([ 0.4550, -0.7540], device='cuda:1') tensor([-0.3938,  0.2932], device='cuda:1')
tensor([ 1.4411, -1.0169], device='cuda:1') tensor([-1.1192,  1.0540], device='cuda:1')
Loss: 0.31 | Acc: 85.14

(1)Epoch: 17
Loss: 0.22 | Acc: 91.22
tensor([ 1.9341, -2.4705], device='cuda:1') tensor([ 2.4565, -2.6259], device='cuda:1')
tensor([ 2.2160, -1.7774], device='cuda:1') tensor([ 2.5006, -2.6021], device='cuda:1')
tensor([ 1.4610, -1.1889], device='cuda:1') tensor([-2.0161,  1.4173], device='cuda:1')
Loss: 0.27 | Acc: 89.19

(1)Epoch: 18
Loss: 0.27 | Acc: 88.85
tensor([-1.8730,  1.7607], device='cuda:1') tensor([-3.4613,  2.8713], device='cuda:1')
tensor([ 2.7346, -2.3020], device='cuda:1') tensor([-3.9706,  3.2296], device='cuda:1')
tensor([ 2.6556, -2.1965], device='cuda:1') tensor([-3.4936,  2.8673], device='cuda:1')
Loss: 0.58 | Acc: 82.43

(1)Epoch: 19
Loss: 0.34 | Acc: 84.12
tensor([-2.0457,  1.4267], device='cuda:1') tensor([-0.0246,  0.0499], device='cuda:1')
tensor([ 3.1783, -4.9842], device='cuda:1') tensor([-1.3602,  1.1018], device='cuda:1')
tensor([-1.6973,  1.5626], device='cuda:1') tensor([ 2.3419, -2.7786], device='cuda:1')
Loss: 0.61 | Acc: 85.14

(1)Epoch: 20
Loss: 0.29 | Acc: 86.49
tensor([ 2.9878, -3.3253], device='cuda:1') tensor([ 1.3427, -1.0346], device='cuda:1')
tensor([-1.9514,  1.7072], device='cuda:1') tensor([ 2.7524, -3.1827], device='cuda:1')
tensor([-0.9148,  0.5719], device='cuda:1') tensor([-3.2446,  2.7009], device='cuda:1')
Loss: 0.53 | Acc: 79.73

(1)Epoch: 21
Loss: 0.29 | Acc: 87.16
tensor([-3.3684,  2.8535], device='cuda:1') tensor([-2.9739,  2.4197], device='cuda:1')
tensor([-1.9060,  1.7954], device='cuda:1') tensor([-1.8864,  1.7699], device='cuda:1')
tensor([-3.4957,  2.7770], device='cuda:1') tensor([ 1.1289, -0.8003], device='cuda:1')
Loss: 0.30 | Acc: 85.14

(1)Epoch: 22
Loss: 0.24 | Acc: 90.20
qt.qpa.screen: QXcbConnection: Could not connect to display localhost:11.0
Could not connect to any X display.
