Prepare directory...
Prepare model...

(0)Epoch: 0
Loss: 0.63 | Acc: 73.57
Loss: 0.82 | Acc: 48.65

(0)Epoch: 1
Loss: 0.39 | Acc: 84.98
Loss: 0.90 | Acc: 48.65

(0)Epoch: 2
Loss: 0.29 | Acc: 89.79
Loss: 1.10 | Acc: 48.65

(0)Epoch: 3
Loss: 0.35 | Acc: 88.59
Loss: 0.47 | Acc: 83.78

(0)Epoch: 4
Loss: 0.29 | Acc: 90.39
Loss: 0.54 | Acc: 86.49

(0)Epoch: 5
Loss: 0.20 | Acc: 93.69
Loss: 0.11 | Acc: 100.00

(0)Epoch: 6
Loss: 0.23 | Acc: 91.59
Loss: 0.55 | Acc: 86.49

(0)Epoch: 7
Loss: 0.31 | Acc: 86.79
Loss: 0.15 | Acc: 91.89

(0)Epoch: 8
Loss: 0.21 | Acc: 93.09
Loss: 0.13 | Acc: 89.19

(0)Epoch: 9
Loss: 0.16 | Acc: 94.59
Loss: 0.11 | Acc: 91.89

(0)Epoch: 10
Loss: 0.22 | Acc: 92.19
Loss: 0.11 | Acc: 89.19

(0)Epoch: 11
Loss: 0.18 | Acc: 91.29
Loss: 0.26 | Acc: 86.49

(0)Epoch: 12
Loss: 0.21 | Acc: 91.29
Loss: 0.16 | Acc: 89.19

(0)Epoch: 13
Loss: 0.19 | Acc: 91.89
Loss: 0.14 | Acc: 94.59

(0)Epoch: 14
Loss: 0.11 | Acc: 95.50
Loss: 0.20 | Acc: 91.89

(0)Epoch: 15
Loss: 0.14 | Acc: 94.59
Loss: 0.15 | Acc: 91.89

(0)Epoch: 16
Loss: 0.16 | Acc: 93.39
Loss: 0.28 | Acc: 89.19

(0)Epoch: 17
Loss: 0.18 | Acc: 91.29
Loss: 0.37 | Acc: 89.19

(0)Epoch: 18
Loss: 0.15 | Acc: 93.99
Loss: 0.09 | Acc: 94.59

(0)Epoch: 19
Loss: 0.09 | Acc: 96.10
Loss: 0.11 | Acc: 91.89

(0)Epoch: 20
Loss: 0.14 | Acc: 94.29
Loss: 0.17 | Acc: 91.89

(0)Epoch: 21
Loss: 0.15 | Acc: 94.29
Loss: 0.07 | Acc: 94.59

(0)Epoch: 22
Loss: 0.29 | Acc: 88.89
Loss: 0.10 | Acc: 94.59

(0)Epoch: 23
Loss: 0.22 | Acc: 93.09
Loss: 0.08 | Acc: 94.59

(0)Epoch: 24
Loss: 0.14 | Acc: 95.80
Loss: 0.09 | Acc: 91.89

(0)Epoch: 25
Loss: 0.13 | Acc: 94.59
Loss: 0.34 | Acc: 86.49

(0)Epoch: 26
Loss: 0.16 | Acc: 97.00
Loss: 0.10 | Acc: 97.30

(0)Epoch: 27
Loss: 0.17 | Acc: 92.19
Loss: 0.21 | Acc: 89.19

(0)Epoch: 28
Loss: 0.12 | Acc: 96.10
Loss: 0.10 | Acc: 94.59

(0)Epoch: 29
Loss: 0.14 | Acc: 95.20
Loss: 0.10 | Acc: 94.59

(0)Epoch: 30
Loss: 0.09 | Acc: 97.00
Loss: 0.21 | Acc: 91.89

(0)Epoch: 31
Loss: 0.09 | Acc: 95.50
Loss: 0.16 | Acc: 97.30

(1)Epoch: 0
Loss: 0.63 | Acc: 72.37
Loss: 0.72 | Acc: 37.84

(1)Epoch: 1
Loss: 0.34 | Acc: 87.69
Loss: 0.99 | Acc: 37.84

(1)Epoch: 2
Loss: 0.28 | Acc: 88.59
Loss: 1.61 | Acc: 37.84

(1)Epoch: 3
Loss: 0.29 | Acc: 89.49
Loss: 0.34 | Acc: 89.19

(1)Epoch: 4
Loss: 0.34 | Acc: 87.39
Loss: 0.19 | Acc: 94.59

(1)Epoch: 5
Loss: 0.23 | Acc: 92.49
Loss: 0.41 | Acc: 91.89

(1)Epoch: 6
Loss: 0.23 | Acc: 90.39
Loss: 0.10 | Acc: 94.59

(1)Epoch: 7
Loss: 0.25 | Acc: 89.79
Loss: 0.11 | Acc: 91.89

(1)Epoch: 8
Loss: 0.19 | Acc: 93.09
Loss: 0.23 | Acc: 94.59

(1)Epoch: 9
Loss: 0.20 | Acc: 93.09
Loss: 0.32 | Acc: 94.59

(1)Epoch: 10
Loss: 0.19 | Acc: 92.79
Loss: 0.08 | Acc: 97.30

(1)Epoch: 11
Loss: 0.15 | Acc: 93.69
Loss: 0.20 | Acc: 91.89

(1)Epoch: 12
Loss: 0.13 | Acc: 95.20
Loss: 0.25 | Acc: 89.19

(1)Epoch: 13
Loss: 0.11 | Acc: 94.89
Loss: 0.09 | Acc: 97.30

(1)Epoch: 14
Loss: 0.12 | Acc: 95.20
Loss: 0.14 | Acc: 91.89

(1)Epoch: 15
Loss: 0.16 | Acc: 93.99
Loss: 0.61 | Acc: 94.59

(1)Epoch: 16
Loss: 0.17 | Acc: 93.09
Loss: 0.33 | Acc: 91.89

(1)Epoch: 17
Loss: 0.21 | Acc: 94.29
Loss: 0.08 | Acc: 97.30

(1)Epoch: 18
Loss: 0.11 | Acc: 96.70
Loss: 0.12 | Acc: 91.89

(1)Epoch: 19
Loss: 0.15 | Acc: 94.89
Loss: 0.16 | Acc: 94.59

(1)Epoch: 20
Loss: 0.11 | Acc: 96.10
Loss: 0.58 | Acc: 97.30

(2)Epoch: 0
Loss: 0.70 | Acc: 68.17
Loss: 0.73 | Acc: 59.46

(2)Epoch: 1
Loss: 0.38 | Acc: 85.29
Loss: 0.73 | Acc: 59.46

(2)Epoch: 2
Loss: 0.31 | Acc: 88.59
Loss: 0.63 | Acc: 62.16

(2)Epoch: 3
Loss: 0.27 | Acc: 88.59
Loss: 0.25 | Acc: 91.89

(2)Epoch: 4
Loss: 0.27 | Acc: 88.59
Loss: 0.40 | Acc: 94.59

(2)Epoch: 5
Loss: 0.26 | Acc: 89.79
Loss: 0.16 | Acc: 97.30

(2)Epoch: 6
Loss: 0.23 | Acc: 91.29
Loss: 0.08 | Acc: 97.30

(2)Epoch: 7
Loss: 0.28 | Acc: 90.39
Loss: 0.08 | Acc: 97.30

(2)Epoch: 8
Loss: 0.26 | Acc: 91.29
Loss: 0.10 | Acc: 97.30

(2)Epoch: 9
Loss: 0.17 | Acc: 93.69
Loss: 0.10 | Acc: 97.30

(2)Epoch: 10
Loss: 0.15 | Acc: 94.59
Loss: 0.15 | Acc: 97.30

(2)Epoch: 11
Loss: 0.26 | Acc: 89.19
Loss: 0.37 | Acc: 89.19

(2)Epoch: 12
Loss: 0.19 | Acc: 92.79
Loss: 0.32 | Acc: 91.89

(2)Epoch: 13
Loss: 0.21 | Acc: 91.89
Loss: 0.09 | Acc: 97.30

(2)Epoch: 14
Loss: 0.21 | Acc: 93.69
Loss: 0.13 | Acc: 97.30

(2)Epoch: 15
Loss: 0.19 | Acc: 92.49
Loss: 0.09 | Acc: 97.30

(2)Epoch: 16
Loss: 0.17 | Acc: 93.39
Loss: 0.13 | Acc: 97.30

(2)Epoch: 17
Loss: 0.13 | Acc: 95.50
Loss: 0.11 | Acc: 97.30

(3)Epoch: 0
Loss: 0.59 | Acc: 75.38
Loss: 0.73 | Acc: 64.86

(3)Epoch: 1
Loss: 0.30 | Acc: 89.19
Loss: 0.76 | Acc: 64.86

(3)Epoch: 2
Loss: 0.30 | Acc: 90.99
Loss: 0.73 | Acc: 64.86

(3)Epoch: 3
Loss: 0.25 | Acc: 91.29
Loss: 0.91 | Acc: 78.38

(3)Epoch: 4
Loss: 0.24 | Acc: 91.59
Loss: 0.29 | Acc: 83.78

(3)Epoch: 5
Loss: 0.16 | Acc: 95.50
Loss: 0.32 | Acc: 86.49

(3)Epoch: 6
Loss: 0.24 | Acc: 90.39
Loss: 0.46 | Acc: 81.08

(3)Epoch: 7
Loss: 0.20 | Acc: 93.39
Loss: 0.21 | Acc: 86.49

(3)Epoch: 8
Loss: 0.28 | Acc: 90.39
Loss: 0.37 | Acc: 86.49

(3)Epoch: 9
Loss: 0.18 | Acc: 93.69
Loss: 0.59 | Acc: 86.49

(3)Epoch: 10
Loss: 0.16 | Acc: 95.20
Loss: 0.16 | Acc: 83.78

(3)Epoch: 11
Loss: 0.13 | Acc: 94.89
Loss: 0.35 | Acc: 86.49

(3)Epoch: 12
Loss: 0.15 | Acc: 94.89
Loss: 0.52 | Acc: 86.49

(3)Epoch: 13
Loss: 0.23 | Acc: 91.59
Loss: 0.49 | Acc: 89.19

(3)Epoch: 14
Loss: 0.18 | Acc: 93.39
Loss: 0.18 | Acc: 86.49

(3)Epoch: 15
Loss: 0.27 | Acc: 88.59
Loss: 0.33 | Acc: 83.78

(3)Epoch: 16
Loss: 0.18 | Acc: 94.59
Loss: 0.38 | Acc: 83.78

(3)Epoch: 17
Loss: 0.15 | Acc: 93.99
Loss: 0.52 | Acc: 83.78

(3)Epoch: 18
Loss: 0.18 | Acc: 95.20
Loss: 0.28 | Acc: 86.49

(3)Epoch: 19
Loss: 0.14 | Acc: 94.59
Loss: 0.20 | Acc: 89.19

(3)Epoch: 20
Loss: 0.13 | Acc: 95.80
Loss: 0.57 | Acc: 89.19

(4)Epoch: 0
Loss: 0.68 | Acc: 68.47
Loss: 0.61 | Acc: 72.97

(4)Epoch: 1
Loss: 0.43 | Acc: 79.58
Loss: 0.68 | Acc: 72.97

(4)Epoch: 2
Loss: 0.36 | Acc: 83.48
Loss: 0.37 | Acc: 72.97

(4)Epoch: 3
Loss: 0.32 | Acc: 90.09
Loss: 0.17 | Acc: 91.89

(4)Epoch: 4
Loss: 0.27 | Acc: 88.89
Loss: 0.36 | Acc: 81.08

(4)Epoch: 5
Loss: 0.27 | Acc: 89.79
Loss: 0.19 | Acc: 91.89

(4)Epoch: 6
Loss: 0.28 | Acc: 89.19
Loss: 0.19 | Acc: 94.59

(4)Epoch: 7
Loss: 0.22 | Acc: 92.79
Loss: 0.43 | Acc: 91.89

(4)Epoch: 8
Loss: 0.18 | Acc: 92.79
Loss: 0.44 | Acc: 94.59

(4)Epoch: 9
Loss: 0.23 | Acc: 92.49
Loss: 0.09 | Acc: 91.89

(4)Epoch: 10
Loss: 0.25 | Acc: 91.29
Loss: 0.29 | Acc: 91.89

(4)Epoch: 11
Loss: 0.19 | Acc: 93.69
Loss: 0.14 | Acc: 94.59

(4)Epoch: 12
Loss: 0.19 | Acc: 93.09
Loss: 0.20 | Acc: 97.30

(4)Epoch: 13
Loss: 0.17 | Acc: 92.79
Loss: 0.09 | Acc: 94.59

(4)Epoch: 14
Loss: 0.24 | Acc: 91.89
Loss: 0.09 | Acc: 97.30

(4)Epoch: 15
Loss: 0.21 | Acc: 92.19
Loss: 0.19 | Acc: 94.59

(4)Epoch: 16
Loss: 0.18 | Acc: 93.39
Loss: 0.04 | Acc: 100.00

(4)Epoch: 17
Loss: 0.21 | Acc: 93.99
Loss: 0.09 | Acc: 94.59

(4)Epoch: 18
Loss: 0.20 | Acc: 91.59
Loss: 0.08 | Acc: 94.59

(4)Epoch: 19
Loss: 0.14 | Acc: 94.89
Loss: 0.14 | Acc: 97.30

(4)Epoch: 20
Loss: 0.17 | Acc: 94.29
Loss: 0.06 | Acc: 97.30

(4)Epoch: 21
Loss: 0.15 | Acc: 93.99
Loss: 0.14 | Acc: 91.89

(4)Epoch: 22
Loss: 0.17 | Acc: 93.39
Loss: 0.07 | Acc: 94.59

(4)Epoch: 23
Loss: 0.23 | Acc: 91.89
Loss: 0.42 | Acc: 83.78

(4)Epoch: 24
Loss: 0.18 | Acc: 93.39
Loss: 0.10 | Acc: 89.19

(4)Epoch: 25
Loss: 0.13 | Acc: 94.59
Loss: 0.07 | Acc: 97.30

(4)Epoch: 26
Loss: 0.13 | Acc: 95.50
Loss: 0.06 | Acc: 100.00

(5)Epoch: 0
Loss: 0.77 | Acc: 68.47
Loss: 0.75 | Acc: 51.35

(5)Epoch: 1
Loss: 0.38 | Acc: 87.09
Loss: 0.80 | Acc: 51.35

(5)Epoch: 2
Loss: 0.29 | Acc: 88.29
Loss: 1.11 | Acc: 54.05

(5)Epoch: 3
Loss: 0.38 | Acc: 84.08
Loss: 0.41 | Acc: 75.68

(5)Epoch: 4
Loss: 0.29 | Acc: 90.09
Loss: 0.24 | Acc: 89.19

(5)Epoch: 5
Loss: 0.23 | Acc: 90.99
Loss: 0.24 | Acc: 89.19

(5)Epoch: 6
Loss: 0.22 | Acc: 90.69
Loss: 0.17 | Acc: 91.89

(5)Epoch: 7
Loss: 0.20 | Acc: 91.89
Loss: 0.24 | Acc: 91.89

(5)Epoch: 8
Loss: 0.18 | Acc: 91.89
Loss: 0.15 | Acc: 91.89

(5)Epoch: 9
Loss: 0.25 | Acc: 90.09
Loss: 0.45 | Acc: 86.49

(5)Epoch: 10
Loss: 0.22 | Acc: 90.39
Loss: 0.18 | Acc: 91.89

(5)Epoch: 11
Loss: 0.16 | Acc: 93.39
Loss: 0.29 | Acc: 89.19

(5)Epoch: 12
Loss: 0.17 | Acc: 93.69
Loss: 0.21 | Acc: 89.19

(5)Epoch: 13
Loss: 0.21 | Acc: 92.19
Loss: 0.17 | Acc: 91.89

(5)Epoch: 14
Loss: 0.18 | Acc: 92.79
Loss: 0.66 | Acc: 91.89

(5)Epoch: 15
Loss: 0.15 | Acc: 94.29
Loss: 0.34 | Acc: 94.59

(5)Epoch: 16
Loss: 0.21 | Acc: 93.09
Loss: 0.20 | Acc: 91.89

(5)Epoch: 17
Loss: 0.14 | Acc: 94.59
Loss: 0.19 | Acc: 89.19

(5)Epoch: 18
Loss: 0.14 | Acc: 94.59
Loss: 0.19 | Acc: 91.89

(6)Epoch: 0
Loss: 0.69 | Acc: 68.17
Loss: 0.68 | Acc: 62.16

(6)Epoch: 1
Loss: 0.34 | Acc: 86.49
Loss: 0.67 | Acc: 62.16

(6)Epoch: 2
Loss: 0.29 | Acc: 86.49
Loss: 0.62 | Acc: 67.57

(6)Epoch: 3
Loss: 0.25 | Acc: 91.29
Loss: 0.29 | Acc: 91.89

(6)Epoch: 4
Loss: 0.31 | Acc: 86.79
Loss: 0.14 | Acc: 94.59

(6)Epoch: 5
Loss: 0.29 | Acc: 90.99
Loss: 0.33 | Acc: 91.89

(6)Epoch: 6
Loss: 0.25 | Acc: 90.09
Loss: 0.12 | Acc: 94.59

(6)Epoch: 7
Loss: 0.29 | Acc: 90.99
Loss: 0.09 | Acc: 97.30

(6)Epoch: 8
Loss: 0.27 | Acc: 90.39
Loss: 0.06 | Acc: 97.30

(6)Epoch: 9
Loss: 0.22 | Acc: 92.19
Loss: 0.05 | Acc: 100.00

(6)Epoch: 10
Loss: 0.18 | Acc: 92.49
Loss: 0.23 | Acc: 97.30

(6)Epoch: 11
Loss: 0.21 | Acc: 93.69
Loss: 0.09 | Acc: 97.30

(6)Epoch: 12
Loss: 0.18 | Acc: 93.39
Loss: 0.09 | Acc: 97.30

(6)Epoch: 13
Loss: 0.22 | Acc: 92.49
Loss: 0.09 | Acc: 100.00

(6)Epoch: 14
Loss: 0.15 | Acc: 94.89
Loss: 0.03 | Acc: 100.00

(6)Epoch: 15
Loss: 0.19 | Acc: 93.09
Loss: 0.06 | Acc: 97.30

(6)Epoch: 16
Loss: 0.18 | Acc: 91.59
Loss: 0.02 | Acc: 100.00

(6)Epoch: 17
Loss: 0.16 | Acc: 94.29
Loss: 0.11 | Acc: 100.00

(6)Epoch: 18
Loss: 0.19 | Acc: 93.69
Loss: 0.09 | Acc: 97.30

(6)Epoch: 19
Loss: 0.17 | Acc: 93.09
Loss: 0.06 | Acc: 97.30

(6)Epoch: 20
Loss: 0.15 | Acc: 93.99
Loss: 0.04 | Acc: 100.00

(6)Epoch: 21
Loss: 0.15 | Acc: 94.29
Loss: 0.04 | Acc: 100.00

(6)Epoch: 22
Loss: 0.19 | Acc: 92.79
Loss: 0.13 | Acc: 94.59

(6)Epoch: 23
Loss: 0.15 | Acc: 92.49
Loss: 0.06 | Acc: 100.00

(6)Epoch: 24
Loss: 0.17 | Acc: 93.69
Loss: 0.01 | Acc: 100.00

(6)Epoch: 25
Loss: 0.13 | Acc: 96.10
Loss: 0.08 | Acc: 94.59

(6)Epoch: 26
Loss: 0.11 | Acc: 95.50
Loss: 0.03 | Acc: 100.00

(6)Epoch: 27
Loss: 0.13 | Acc: 95.80
Loss: 0.09 | Acc: 97.30

(6)Epoch: 28
Loss: 0.22 | Acc: 94.29
Loss: 0.07 | Acc: 94.59

(6)Epoch: 29
Loss: 0.19 | Acc: 93.09
Loss: 0.18 | Acc: 94.59

(6)Epoch: 30
Loss: 0.15 | Acc: 95.80
Loss: 0.03 | Acc: 100.00

(6)Epoch: 31
Loss: 0.13 | Acc: 96.40
Loss: 0.07 | Acc: 97.30

(6)Epoch: 32
Loss: 0.15 | Acc: 96.10
Loss: 0.08 | Acc: 97.30

(6)Epoch: 33
Loss: 0.12 | Acc: 94.59
Loss: 0.05 | Acc: 97.30

(6)Epoch: 34
Loss: 0.13 | Acc: 94.59
Loss: 0.04 | Acc: 97.30

(7)Epoch: 0
Loss: 0.62 | Acc: 70.57
Loss: 0.60 | Acc: 67.57

(7)Epoch: 1
Loss: 0.30 | Acc: 88.89
Loss: 0.85 | Acc: 67.57

(7)Epoch: 2
Loss: 0.31 | Acc: 90.39
Loss: 0.59 | Acc: 67.57

(7)Epoch: 3
Loss: 0.22 | Acc: 92.79
Loss: 0.28 | Acc: 83.78

(7)Epoch: 4
Loss: 0.19 | Acc: 90.99
Loss: 0.22 | Acc: 86.49

(7)Epoch: 5
Loss: 0.27 | Acc: 89.19
Loss: 0.28 | Acc: 83.78

(7)Epoch: 6
Loss: 0.18 | Acc: 93.09
Loss: 0.30 | Acc: 89.19

(7)Epoch: 7
Loss: 0.20 | Acc: 93.69
Loss: 0.20 | Acc: 91.89

(7)Epoch: 8
Loss: 0.19 | Acc: 93.39
Loss: 0.17 | Acc: 89.19

(7)Epoch: 9
Loss: 0.17 | Acc: 93.09
Loss: 0.23 | Acc: 83.78

(7)Epoch: 10
Loss: 0.19 | Acc: 93.69
Loss: 0.79 | Acc: 91.89

(7)Epoch: 11
Loss: 0.19 | Acc: 93.69
Loss: 0.21 | Acc: 89.19

(7)Epoch: 12
Loss: 0.22 | Acc: 91.89
Loss: 0.59 | Acc: 81.08

(7)Epoch: 13
Loss: 0.16 | Acc: 94.59
Loss: 0.29 | Acc: 86.49

(7)Epoch: 14
Loss: 0.13 | Acc: 95.20
Loss: 0.20 | Acc: 89.19

(7)Epoch: 15
Loss: 0.18 | Acc: 93.39
Loss: 0.15 | Acc: 91.89

(7)Epoch: 16
Loss: 0.14 | Acc: 95.80
Loss: 0.42 | Acc: 89.19

(7)Epoch: 17
Loss: 0.15 | Acc: 94.29
Loss: 0.50 | Acc: 91.89

(7)Epoch: 18
Loss: 0.12 | Acc: 95.50
Loss: 0.41 | Acc: 89.19

(7)Epoch: 19
Loss: 0.10 | Acc: 97.30
Loss: 0.18 | Acc: 94.59

(7)Epoch: 20
Loss: 0.08 | Acc: 97.30
Loss: 0.38 | Acc: 86.49

(7)Epoch: 21
Loss: 0.12 | Acc: 95.80
Loss: 0.38 | Acc: 89.19

(7)Epoch: 22
Loss: 0.10 | Acc: 97.00
Loss: 0.70 | Acc: 89.19

(7)Epoch: 23
Loss: 0.13 | Acc: 96.40
Loss: 0.21 | Acc: 89.19

(7)Epoch: 24
Loss: 0.10 | Acc: 97.30
Loss: 0.44 | Acc: 91.89

(7)Epoch: 25
Loss: 0.16 | Acc: 93.99
Loss: 0.76 | Acc: 89.19

(8)Epoch: 0
Loss: 0.61 | Acc: 73.57
Loss: 0.63 | Acc: 59.46

(8)Epoch: 1
Loss: 0.40 | Acc: 86.79
Loss: 0.98 | Acc: 59.46

(8)Epoch: 2
Loss: 0.36 | Acc: 88.59
Loss: 0.55 | Acc: 62.16

(8)Epoch: 3
Loss: 0.27 | Acc: 91.29
Loss: 0.33 | Acc: 81.08

(8)Epoch: 4
Loss: 0.24 | Acc: 91.89
Loss: 0.23 | Acc: 78.38

(8)Epoch: 5
Loss: 0.24 | Acc: 90.09
Loss: 0.40 | Acc: 83.78

(8)Epoch: 6
Loss: 0.20 | Acc: 92.19
Loss: 0.37 | Acc: 86.49

(8)Epoch: 7
Loss: 0.16 | Acc: 95.20
Loss: 0.56 | Acc: 83.78

(8)Epoch: 8
Loss: 0.18 | Acc: 93.69
Loss: 0.25 | Acc: 83.78

(8)Epoch: 9
Loss: 0.17 | Acc: 92.79
Loss: 0.27 | Acc: 81.08

(8)Epoch: 10
Loss: 0.18 | Acc: 93.39
Loss: 0.44 | Acc: 72.97

(8)Epoch: 11
Loss: 0.19 | Acc: 93.09
Loss: 0.64 | Acc: 83.78

(8)Epoch: 12
Loss: 0.31 | Acc: 90.69
Loss: 0.62 | Acc: 78.38

(8)Epoch: 13
Loss: 0.18 | Acc: 94.29
Loss: 0.21 | Acc: 89.19

(8)Epoch: 14
Loss: 0.22 | Acc: 93.09
Loss: 0.28 | Acc: 86.49

(8)Epoch: 15
Loss: 0.17 | Acc: 93.69
Loss: 0.21 | Acc: 83.78

(8)Epoch: 16
Loss: 0.14 | Acc: 95.80
Loss: 0.34 | Acc: 83.78

(8)Epoch: 17
Loss: 0.14 | Acc: 95.20
Loss: 0.37 | Acc: 89.19

(8)Epoch: 18
Loss: 0.16 | Acc: 93.09
Loss: 0.34 | Acc: 78.38

(8)Epoch: 19
Loss: 0.13 | Acc: 95.50
Loss: 0.34 | Acc: 78.38

(8)Epoch: 20
Loss: 0.16 | Acc: 93.69
Loss: 0.48 | Acc: 86.49

(8)Epoch: 21
Loss: 0.12 | Acc: 95.20
Loss: 0.33 | Acc: 86.49

(8)Epoch: 22
Loss: 0.18 | Acc: 95.20
Loss: 0.32 | Acc: 83.78

(8)Epoch: 23
Loss: 0.21 | Acc: 94.29
Loss: 0.68 | Acc: 75.68

(9)Epoch: 0
Loss: 0.65 | Acc: 70.57
Loss: 0.61 | Acc: 64.86

(9)Epoch: 1
Loss: 0.40 | Acc: 85.89
Loss: 0.71 | Acc: 64.86

(9)Epoch: 2
Loss: 0.26 | Acc: 90.99
Loss: 0.48 | Acc: 67.57

(9)Epoch: 3
Loss: 0.29 | Acc: 89.19
Loss: 0.66 | Acc: 86.49

(9)Epoch: 4
Loss: 0.25 | Acc: 92.49
Loss: 0.23 | Acc: 91.89

(9)Epoch: 5
Loss: 0.21 | Acc: 92.79
Loss: 0.18 | Acc: 89.19

(9)Epoch: 6
Loss: 0.18 | Acc: 92.49
Loss: 0.13 | Acc: 91.89

(9)Epoch: 7
Loss: 0.29 | Acc: 89.79
Loss: 0.13 | Acc: 91.89

(9)Epoch: 8
Loss: 0.34 | Acc: 86.19
Loss: 0.23 | Acc: 89.19

(9)Epoch: 9
Loss: 0.25 | Acc: 91.89
Loss: 0.26 | Acc: 91.89

(9)Epoch: 10
Loss: 0.22 | Acc: 91.29
Loss: 0.22 | Acc: 94.59

(9)Epoch: 11
Loss: 0.22 | Acc: 91.89
Loss: 0.15 | Acc: 91.89

(9)Epoch: 12
Loss: 0.19 | Acc: 94.29
Loss: 0.17 | Acc: 91.89

(9)Epoch: 13
Loss: 0.21 | Acc: 91.59
Loss: 0.26 | Acc: 91.89

(9)Epoch: 14
Loss: 0.21 | Acc: 91.89
Loss: 0.08 | Acc: 97.30

(9)Epoch: 15
Loss: 0.19 | Acc: 93.39
Loss: 0.17 | Acc: 91.89

(9)Epoch: 16
Loss: 0.14 | Acc: 93.69
Loss: 0.09 | Acc: 100.00

(9)Epoch: 17
Loss: 0.24 | Acc: 90.99
Loss: 0.21 | Acc: 91.89

(9)Epoch: 18
Loss: 0.18 | Acc: 94.29
Loss: 0.27 | Acc: 91.89

(9)Epoch: 19
Loss: 0.18 | Acc: 92.49
Loss: 0.23 | Acc: 94.59

(9)Epoch: 20
Loss: 0.17 | Acc: 92.49
Loss: 0.09 | Acc: 97.30

(9)Epoch: 21
Loss: 0.20 | Acc: 93.39
Loss: 0.17 | Acc: 94.59

(9)Epoch: 22
Loss: 0.15 | Acc: 93.99
Loss: 0.14 | Acc: 97.30

(9)Epoch: 23
Loss: 0.10 | Acc: 97.00
Loss: 0.08 | Acc: 94.59

(9)Epoch: 24
Loss: 0.11 | Acc: 95.20
Loss: 0.04 | Acc: 94.59

(9)Epoch: 25
Loss: 0.08 | Acc: 97.60
Loss: 0.11 | Acc: 94.59

(9)Epoch: 26
Loss: 0.18 | Acc: 94.89
Loss: 0.07 | Acc: 100.00

(9)Epoch: 27
Loss: 0.17 | Acc: 94.29
Loss: 0.09 | Acc: 97.30

(9)Epoch: 28
Loss: 0.15 | Acc: 94.89
Loss: 0.17 | Acc: 94.59

(9)Epoch: 29
Loss: 0.17 | Acc: 94.89
Loss: 0.11 | Acc: 97.30

(9)Epoch: 30
Loss: 0.14 | Acc: 95.80
Loss: 0.06 | Acc: 100.00

(9)Epoch: 31
Loss: 0.12 | Acc: 94.59
Loss: 0.04 | Acc: 100.00

(9)Epoch: 32
Loss: 0.15 | Acc: 94.29
Loss: 0.25 | Acc: 91.89

(9)Epoch: 33
Loss: 0.14 | Acc: 95.50
Loss: 0.06 | Acc: 94.59

(9)Epoch: 34
Loss: 0.14 | Acc: 95.50
Loss: 0.24 | Acc: 86.49

(9)Epoch: 35
Loss: 0.12 | Acc: 94.59
Loss: 0.03 | Acc: 100.00

(9)Epoch: 36
Loss: 0.09 | Acc: 96.40
Loss: 0.03 | Acc: 100.00

(9)Epoch: 37
Loss: 0.11 | Acc: 96.40
Loss: 0.38 | Acc: 86.49

(9)Epoch: 38
Loss: 0.14 | Acc: 95.50
Loss: 0.05 | Acc: 97.30

(9)Epoch: 39
Loss: 0.20 | Acc: 94.89
Loss: 0.03 | Acc: 97.30

(9)Epoch: 40
Loss: 0.23 | Acc: 91.89
Loss: 0.04 | Acc: 97.30

(9)Epoch: 41
Loss: 0.19 | Acc: 93.09
Loss: 0.11 | Acc: 97.30

(9)Epoch: 42
Loss: 0.15 | Acc: 93.69
Loss: 0.05 | Acc: 97.30

(9)Epoch: 43
Loss: 0.10 | Acc: 97.00
Loss: 0.07 | Acc: 97.30

(9)Epoch: 44
Loss: 0.14 | Acc: 95.50
Loss: 0.09 | Acc: 100.00

(9)Epoch: 45
Loss: 0.24 | Acc: 94.29
Loss: 0.11 | Acc: 94.59

(9)Epoch: 46
Loss: 0.13 | Acc: 95.50
Loss: 0.04 | Acc: 100.00

----------
valid acc: 94.59, valid loss: 0.10

(train)Epoch: 0
Loss: 0.61 | Acc: 75.14

(train)Epoch: 1
Loss: 0.32 | Acc: 88.38

(train)Epoch: 2
Loss: 0.37 | Acc: 84.86

(train)Epoch: 3
Loss: 0.32 | Acc: 87.30

(train)Epoch: 4
Loss: 0.24 | Acc: 91.08

(train)Epoch: 5
Loss: 0.26 | Acc: 90.00

(train)Epoch: 6
Loss: 0.22 | Acc: 92.97

(train)Epoch: 7
Loss: 0.22 | Acc: 90.27

(train)Epoch: 8
Loss: 0.18 | Acc: 94.32

(train)Epoch: 9
Loss: 0.22 | Acc: 90.54

(train)Epoch: 10
Loss: 0.23 | Acc: 91.89

(train)Epoch: 11
Loss: 0.21 | Acc: 91.62

(train)Epoch: 12
Loss: 0.21 | Acc: 92.43

(train)Epoch: 13
Loss: 0.18 | Acc: 93.51

(train)Epoch: 14
Loss: 0.13 | Acc: 95.14

(train)Epoch: 15
Loss: 0.21 | Acc: 91.62

(train)Epoch: 16
Loss: 0.20 | Acc: 94.05

(train)Epoch: 17
Loss: 0.19 | Acc: 93.78

(train)Epoch: 18
Loss: 0.17 | Acc: 94.05

(train)Epoch: 19
Loss: 0.19 | Acc: 91.89

(train)Epoch: 20
Loss: 0.14 | Acc: 95.14

(train)Epoch: 21
Loss: 0.17 | Acc: 93.78

(train)Epoch: 22
Loss: 0.12 | Acc: 94.59

(train)Epoch: 23
Loss: 0.16 | Acc: 93.78

(train)Epoch: 24
Loss: 0.16 | Acc: 95.14

(train)Epoch: 25
Loss: 0.17 | Acc: 92.70

(train)Epoch: 26
Loss: 0.12 | Acc: 95.95

(train)Epoch: 27
Loss: 0.08 | Acc: 96.76

(train)Epoch: 28
Loss: 0.10 | Acc: 96.22

(train)Epoch: 29
Loss: 0.15 | Acc: 96.76

(train)Epoch: 30
Loss: 0.13 | Acc: 94.59

(train)Epoch: 31
Loss: 0.13 | Acc: 94.59

(train)Epoch: 32
Loss: 0.15 | Acc: 94.59

(train)Epoch: 33
Loss: 0.12 | Acc: 97.03

(train)Epoch: 34
Loss: 0.10 | Acc: 96.22

(train)Epoch: 35
Loss: 0.11 | Acc: 95.68

(train)Epoch: 36
Loss: 0.09 | Acc: 97.03

(train)Epoch: 37
Loss: 0.10 | Acc: 95.14

(train)Epoch: 38
Loss: 0.13 | Acc: 95.41

(train)Epoch: 39
Loss: 0.11 | Acc: 95.41

(train)Epoch: 40
Loss: 0.12 | Acc: 95.68

(train)Epoch: 41
Loss: 0.11 | Acc: 97.03

(train)Epoch: 42
Loss: 0.12 | Acc: 95.41

(train)Epoch: 43
Loss: 0.08 | Acc: 97.30

(train)Epoch: 44
Loss: 0.13 | Acc: 95.14

(train)Epoch: 45
Loss: 0.10 | Acc: 95.41

(train)Epoch: 46
Loss: 0.07 | Acc: 96.76

(train)Epoch: 47
Loss: 0.21 | Acc: 94.59

(train)Epoch: 48
Loss: 0.12 | Acc: 94.86

(train)Epoch: 49
Loss: 0.10 | Acc: 96.49

(train)Epoch: 50
Loss: 0.10 | Acc: 97.03

(train)Epoch: 51
Loss: 0.06 | Acc: 97.84

(train)Epoch: 52
Loss: 0.06 | Acc: 97.03

(train)Epoch: 53
Loss: 0.09 | Acc: 97.03

(train)Epoch: 54
Loss: 0.11 | Acc: 95.95

(train)Epoch: 55
Loss: 0.11 | Acc: 96.22

(train)Epoch: 56
Loss: 0.15 | Acc: 93.51

(train)Epoch: 57
Loss: 0.12 | Acc: 94.05

(train)Epoch: 58
Loss: 0.08 | Acc: 97.57

(train)Epoch: 59
Loss: 0.09 | Acc: 96.49

(train)Epoch: 60
Loss: 0.06 | Acc: 97.03

(train)Epoch: 61
Loss: 0.06 | Acc: 97.84

(train)Epoch: 62
Loss: 0.12 | Acc: 95.95

(train)Epoch: 63
Loss: 0.10 | Acc: 95.14

(train)Epoch: 64
Loss: 0.10 | Acc: 96.76

(train)Epoch: 65
Loss: 0.07 | Acc: 98.65

(train)Epoch: 66
Loss: 0.08 | Acc: 97.30

(train)Epoch: 67
Loss: 0.08 | Acc: 96.49

(train)Epoch: 68
Loss: 0.06 | Acc: 98.11

(train)Epoch: 69
Loss: 0.05 | Acc: 97.57

(train)Epoch: 70
Loss: 0.07 | Acc: 97.03

(train)Epoch: 71
Loss: 0.09 | Acc: 95.14

(train)Epoch: 72
Loss: 0.12 | Acc: 95.68

(train)Epoch: 73
Loss: 0.10 | Acc: 95.68

(train)Epoch: 74
Loss: 0.05 | Acc: 98.11

(train)Epoch: 75
Loss: 0.06 | Acc: 97.84

(train)Epoch: 76
Loss: 0.06 | Acc: 98.65

(train)Epoch: 77
Loss: 0.07 | Acc: 97.03

(train)Epoch: 78
Loss: 0.08 | Acc: 96.76

(train)Epoch: 79
Loss: 0.10 | Acc: 95.68

(train)Epoch: 80
Loss: 0.08 | Acc: 97.84

(train)Epoch: 81
Loss: 0.05 | Acc: 98.65

(train)Epoch: 82
Loss: 0.05 | Acc: 97.57

(train)Epoch: 83
Loss: 0.09 | Acc: 96.76

(train)Epoch: 84
Loss: 0.09 | Acc: 96.49

(train)Epoch: 85
Loss: 0.10 | Acc: 96.76

(train)Epoch: 86
Loss: 0.08 | Acc: 96.76

(train)Epoch: 87
Loss: 0.05 | Acc: 97.57

(train)Epoch: 88
Loss: 0.10 | Acc: 96.22

(train)Epoch: 89
Loss: 0.10 | Acc: 96.49

(train)Epoch: 90
Loss: 0.13 | Acc: 95.41

(train)Epoch: 91
Loss: 0.10 | Acc: 96.49

(train)Epoch: 92
Loss: 0.06 | Acc: 97.57

(train)Epoch: 93
Loss: 0.05 | Acc: 98.65

(train)Epoch: 94
Loss: 0.06 | Acc: 96.76

(train)Epoch: 95
Loss: 0.06 | Acc: 98.11

(train)Epoch: 96
Loss: 0.05 | Acc: 97.84

(train)Epoch: 97
Loss: 0.04 | Acc: 98.38

(train)Epoch: 98
Loss: 0.06 | Acc: 97.57

(train)Epoch: 99
Loss: 0.07 | Acc: 97.84

========= result on testing set =========

testing set length info: 102
/tmp2/jojo/EyeJaundice/grad_CAM.py:123: UserWarning: To copy construct from a tensor, it is recommended to use sourceTensor.clone().detach() or sourceTensor.clone().detach().requires_grad_(True), rather than torch.tensor(sourceTensor).
  inputs = torch.tensor(inputs, requires_grad=True)
/tmp2/jojo/EyeJaundice/grad_CAM.py:100: UserWarning: ./grad_cam_result/only_one_eye_2020_05_19_11_50_09/y_186-EfficientNet-B0-cam_gb.jpg is a low contrast image
  io.imsave(os.path.join(output_dir, '{}-{}-{}.jpg'.format(prefix, network, key)), image)
/tmp2/jojo/EyeJaundice/grad_CAM.py:100: UserWarning: ./grad_cam_result/only_one_eye_2020_05_19_11_50_09/n_257-EfficientNet-B0-cam_gb.jpg is a low contrast image
  io.imsave(os.path.join(output_dir, '{}-{}-{}.jpg'.format(prefix, network, key)), image)
/tmp2/jojo/EyeJaundice/grad_CAM.py:100: UserWarning: ./grad_cam_result/only_one_eye_2020_05_19_11_50_09/y_180-EfficientNet-B0-gb.jpg is a low contrast image
  io.imsave(os.path.join(output_dir, '{}-{}-{}.jpg'.format(prefix, network, key)), image)
/tmp2/jojo/EyeJaundice/grad_CAM.py:100: UserWarning: ./grad_cam_result/only_one_eye_2020_05_19_11_50_09/y_180-EfficientNet-B0-cam_gb.jpg is a low contrast image
  io.imsave(os.path.join(output_dir, '{}-{}-{}.jpg'.format(prefix, network, key)), image)
/tmp2/jojo/EyeJaundice/grad_CAM.py:100: UserWarning: ./grad_cam_result/only_one_eye_2020_05_19_11_50_09/n_268-EfficientNet-B0-gb.jpg is a low contrast image
  io.imsave(os.path.join(output_dir, '{}-{}-{}.jpg'.format(prefix, network, key)), image)
/tmp2/jojo/EyeJaundice/grad_CAM.py:100: UserWarning: ./grad_cam_result/only_one_eye_2020_05_19_11_50_09/y_158-EfficientNet-B0-cam_gb.jpg is a low contrast image
  io.imsave(os.path.join(output_dir, '{}-{}-{}.jpg'.format(prefix, network, key)), image)
/tmp2/jojo/EyeJaundice/grad_CAM.py:100: UserWarning: ./grad_cam_result/only_one_eye_2020_05_19_11_50_09/y_167-EfficientNet-B0-cam_gb.jpg is a low contrast image
  io.imsave(os.path.join(output_dir, '{}-{}-{}.jpg'.format(prefix, network, key)), image)
/tmp2/jojo/EyeJaundice/grad_CAM.py:100: UserWarning: ./grad_cam_result/only_one_eye_2020_05_19_11_50_09/n_262-EfficientNet-B0-gb.jpg is a low contrast image
  io.imsave(os.path.join(output_dir, '{}-{}-{}.jpg'.format(prefix, network, key)), image)
/tmp2/jojo/EyeJaundice/grad_CAM.py:100: UserWarning: ./grad_cam_result/only_one_eye_2020_05_19_11_50_09/y_177-EfficientNet-B0-cam_gb.jpg is a low contrast image
  io.imsave(os.path.join(output_dir, '{}-{}-{}.jpg'.format(prefix, network, key)), image)
/tmp2/jojo/EyeJaundice/grad_CAM.py:100: UserWarning: ./grad_cam_result/only_one_eye_2020_05_19_11_50_09/y_201-EfficientNet-B0-cam_gb.jpg is a low contrast image
  io.imsave(os.path.join(output_dir, '{}-{}-{}.jpg'.format(prefix, network, key)), image)
/tmp2/jojo/EyeJaundice/grad_CAM.py:100: UserWarning: ./grad_cam_result/only_one_eye_2020_05_19_11_50_09/n_253-EfficientNet-B0-gb.jpg is a low contrast image
  io.imsave(os.path.join(output_dir, '{}-{}-{}.jpg'.format(prefix, network, key)), image)
/tmp2/jojo/EyeJaundice/grad_CAM.py:100: UserWarning: ./grad_cam_result/only_one_eye_2020_05_19_11_50_09/n_255-EfficientNet-B0-cam_gb.jpg is a low contrast image
  io.imsave(os.path.join(output_dir, '{}-{}-{}.jpg'.format(prefix, network, key)), image)
/tmp2/jojo/EyeJaundice/grad_CAM.py:100: UserWarning: ./grad_cam_result/only_one_eye_2020_05_19_11_50_09/n_263-EfficientNet-B0-cam_gb.jpg is a low contrast image
  io.imsave(os.path.join(output_dir, '{}-{}-{}.jpg'.format(prefix, network, key)), image)
/tmp2/jojo/EyeJaundice/grad_CAM.py:100: UserWarning: ./grad_cam_result/only_one_eye_2020_05_19_11_50_09/n_220-EfficientNet-B0-gb.jpg is a low contrast image
  io.imsave(os.path.join(output_dir, '{}-{}-{}.jpg'.format(prefix, network, key)), image)
/tmp2/jojo/EyeJaundice/grad_CAM.py:100: UserWarning: ./grad_cam_result/only_one_eye_2020_05_19_11_50_09/n_246-EfficientNet-B0-gb.jpg is a low contrast image
  io.imsave(os.path.join(output_dir, '{}-{}-{}.jpg'.format(prefix, network, key)), image)
Loss: 0.37 | Acc: 91.18
Test the accuracy on Grad-CAM: 0.06862745098039216
