nohup: ignoring input
Prepare directory...
Prepare model...

(0)Epoch: 0
Loss: 0.82 | Acc: 62.46
Loss: 0.84 | Acc: 48.65

(0)Epoch: 1
Loss: 0.62 | Acc: 67.27
Loss: 0.61 | Acc: 48.65

(0)Epoch: 2
Loss: 0.54 | Acc: 76.28
Loss: 0.66 | Acc: 48.65

(0)Epoch: 3
Loss: 0.54 | Acc: 74.77
Loss: 0.95 | Acc: 56.76

(0)Epoch: 4
Loss: 0.52 | Acc: 76.28
Loss: 0.51 | Acc: 75.68

(0)Epoch: 5
Loss: 0.47 | Acc: 80.78
Loss: 0.66 | Acc: 64.86

(0)Epoch: 6
Loss: 0.40 | Acc: 82.88
Loss: 0.39 | Acc: 67.57

(0)Epoch: 7
Loss: 0.37 | Acc: 82.88
Loss: 0.61 | Acc: 75.68

(0)Epoch: 8
Loss: 0.35 | Acc: 85.59
Loss: 0.41 | Acc: 75.68

(0)Epoch: 9
Loss: 0.31 | Acc: 89.49
Loss: 0.32 | Acc: 81.08

(0)Epoch: 10
Loss: 0.36 | Acc: 84.98
Loss: 0.35 | Acc: 72.97

(0)Epoch: 11
Loss: 0.30 | Acc: 86.19
Loss: 0.55 | Acc: 81.08

(0)Epoch: 12
Loss: 0.33 | Acc: 86.49
Loss: 1.26 | Acc: 81.08

(0)Epoch: 13
Loss: 0.31 | Acc: 87.39
Loss: 0.66 | Acc: 78.38

(0)Epoch: 14
Loss: 0.27 | Acc: 88.29
Loss: 0.36 | Acc: 81.08

(0)Epoch: 15
Loss: 0.24 | Acc: 88.89
Loss: 0.48 | Acc: 72.97

(0)Epoch: 16
Loss: 0.27 | Acc: 87.99
Loss: 0.60 | Acc: 83.78

(0)Epoch: 17
Loss: 0.27 | Acc: 88.29
Loss: 0.33 | Acc: 75.68

(0)Epoch: 18
Loss: 0.30 | Acc: 88.59
Loss: 0.33 | Acc: 78.38

(0)Epoch: 19
Loss: 0.24 | Acc: 90.39
Loss: 0.38 | Acc: 86.49

(1)Epoch: 0
Loss: 0.75 | Acc: 56.46
Loss: 0.69 | Acc: 51.35

(1)Epoch: 1
Loss: 0.60 | Acc: 71.17
Loss: 0.94 | Acc: 51.35

(1)Epoch: 2
Loss: 0.58 | Acc: 68.17
Loss: 0.74 | Acc: 51.35

(1)Epoch: 3
Loss: 0.52 | Acc: 72.67
Loss: 0.50 | Acc: 62.16

(1)Epoch: 4
Loss: 0.47 | Acc: 78.38
Loss: 0.75 | Acc: 70.27

(1)Epoch: 5
Loss: 0.51 | Acc: 74.77
Loss: 0.40 | Acc: 81.08

(1)Epoch: 6
Loss: 0.42 | Acc: 78.98
Loss: 0.28 | Acc: 86.49

(1)Epoch: 7
Loss: 0.35 | Acc: 85.89
Loss: 0.29 | Acc: 83.78

(1)Epoch: 8
Loss: 0.39 | Acc: 83.78
Loss: 0.29 | Acc: 89.19

(1)Epoch: 9
Loss: 0.37 | Acc: 81.98
Loss: 0.32 | Acc: 83.78

(1)Epoch: 10
Loss: 0.35 | Acc: 85.89
Loss: 0.50 | Acc: 67.57

(1)Epoch: 11
Loss: 0.33 | Acc: 86.49
Loss: 0.39 | Acc: 78.38

(1)Epoch: 12
Loss: 0.27 | Acc: 89.49
Loss: 0.16 | Acc: 89.19

(1)Epoch: 13
Loss: 0.34 | Acc: 85.59
Loss: 0.26 | Acc: 83.78

(1)Epoch: 14
Loss: 0.29 | Acc: 87.09
Loss: 0.50 | Acc: 78.38

(1)Epoch: 15
Loss: 0.29 | Acc: 87.39
Loss: 0.64 | Acc: 83.78

(1)Epoch: 16
Loss: 0.30 | Acc: 87.69
Loss: 0.24 | Acc: 81.08

(1)Epoch: 17
Loss: 0.28 | Acc: 88.29
Loss: 0.19 | Acc: 86.49

(1)Epoch: 18
Loss: 0.29 | Acc: 87.99
Loss: 0.30 | Acc: 83.78

(1)Epoch: 19
Loss: 0.40 | Acc: 82.28
Loss: 0.36 | Acc: 83.78

(1)Epoch: 20
Loss: 0.29 | Acc: 88.59
Loss: 0.24 | Acc: 83.78

(1)Epoch: 21
Loss: 0.26 | Acc: 88.89
Loss: 0.25 | Acc: 89.19

(1)Epoch: 22
Loss: 0.26 | Acc: 90.99
Loss: 0.27 | Acc: 78.38

(2)Epoch: 0
Loss: 0.92 | Acc: 56.16
Loss: 0.71 | Acc: 37.84

(2)Epoch: 1
Loss: 0.57 | Acc: 68.77
Loss: 0.65 | Acc: 62.16

(2)Epoch: 2
Loss: 0.56 | Acc: 74.17
Loss: 0.60 | Acc: 62.16

(2)Epoch: 3
Loss: 0.49 | Acc: 77.78
Loss: 0.95 | Acc: 62.16

(2)Epoch: 4
Loss: 0.49 | Acc: 75.38
Loss: 0.54 | Acc: 81.08

(2)Epoch: 5
Loss: 0.46 | Acc: 75.98
Loss: 0.43 | Acc: 78.38

(2)Epoch: 6
Loss: 0.42 | Acc: 79.58
Loss: 0.24 | Acc: 91.89

(2)Epoch: 7
Loss: 0.42 | Acc: 79.58
Loss: 0.51 | Acc: 83.78

(2)Epoch: 8
Loss: 0.36 | Acc: 84.38
Loss: 0.33 | Acc: 78.38

(2)Epoch: 9
Loss: 0.38 | Acc: 83.48
Loss: 0.42 | Acc: 78.38

(2)Epoch: 10
Loss: 0.38 | Acc: 84.08
Loss: 0.66 | Acc: 86.49

(2)Epoch: 11
Loss: 0.35 | Acc: 84.98
Loss: 0.36 | Acc: 83.78

(2)Epoch: 12
Loss: 0.35 | Acc: 84.98
Loss: 0.58 | Acc: 81.08

(2)Epoch: 13
Loss: 0.36 | Acc: 82.88
Loss: 0.35 | Acc: 86.49

(2)Epoch: 14
Loss: 0.29 | Acc: 86.79
Loss: 0.23 | Acc: 94.59

(2)Epoch: 15
Loss: 0.26 | Acc: 87.09
Loss: 0.32 | Acc: 91.89

(2)Epoch: 16
Loss: 0.27 | Acc: 88.29
Loss: 0.32 | Acc: 86.49

(2)Epoch: 17
Loss: 0.26 | Acc: 89.19
Loss: 0.34 | Acc: 81.08

(2)Epoch: 18
Loss: 0.29 | Acc: 84.98
Loss: 0.33 | Acc: 81.08

(2)Epoch: 19
Loss: 0.26 | Acc: 88.29
Loss: 1.31 | Acc: 91.89

(2)Epoch: 20
Loss: 0.26 | Acc: 90.69
Loss: 0.42 | Acc: 83.78

(2)Epoch: 21
Loss: 0.28 | Acc: 87.99
Loss: 0.36 | Acc: 83.78

(2)Epoch: 22
Loss: 0.28 | Acc: 88.89
Loss: 0.69 | Acc: 78.38

(2)Epoch: 23
Loss: 0.29 | Acc: 87.69
Loss: 0.31 | Acc: 81.08

(2)Epoch: 24
Loss: 0.23 | Acc: 90.09
Loss: 0.52 | Acc: 78.38

(3)Epoch: 0
Loss: 0.80 | Acc: 59.16
Loss: 0.62 | Acc: 64.86

(3)Epoch: 1
Loss: 0.60 | Acc: 69.97
Loss: 0.60 | Acc: 64.86

(3)Epoch: 2
Loss: 0.50 | Acc: 77.48
Loss: 0.69 | Acc: 67.57

(3)Epoch: 3
Loss: 0.49 | Acc: 78.38
Loss: 0.61 | Acc: 67.57

(3)Epoch: 4
Loss: 0.44 | Acc: 79.58
Loss: 0.96 | Acc: 72.97

(3)Epoch: 5
Loss: 0.38 | Acc: 85.89
Loss: 0.54 | Acc: 81.08

(3)Epoch: 6
Loss: 0.43 | Acc: 82.28
Loss: 0.46 | Acc: 75.68

(3)Epoch: 7
Loss: 0.33 | Acc: 87.69
Loss: 0.52 | Acc: 70.27

(3)Epoch: 8
Loss: 0.31 | Acc: 85.59
Loss: 1.16 | Acc: 75.68

(3)Epoch: 9
Loss: 0.32 | Acc: 87.39
Loss: 1.11 | Acc: 75.68

(3)Epoch: 10
Loss: 0.31 | Acc: 85.29
Loss: 0.77 | Acc: 78.38

(3)Epoch: 11
Loss: 0.30 | Acc: 86.79
Loss: 0.80 | Acc: 75.68

(3)Epoch: 12
Loss: 0.31 | Acc: 86.79
Loss: 0.44 | Acc: 67.57

(3)Epoch: 13
Loss: 0.30 | Acc: 86.49
Loss: 0.36 | Acc: 75.68

(3)Epoch: 14
Loss: 0.25 | Acc: 89.49
Loss: 0.69 | Acc: 72.97

(3)Epoch: 15
Loss: 0.26 | Acc: 88.29
Loss: 0.36 | Acc: 72.97

(3)Epoch: 16
Loss: 0.34 | Acc: 90.39
Loss: 0.37 | Acc: 70.27

(3)Epoch: 17
Loss: 0.29 | Acc: 89.49
Loss: 0.36 | Acc: 75.68

(3)Epoch: 18
Loss: 0.25 | Acc: 89.49
Loss: 0.37 | Acc: 81.08

(3)Epoch: 19
Loss: 0.28 | Acc: 87.39
Loss: 0.48 | Acc: 75.68

(3)Epoch: 20
Loss: 0.25 | Acc: 90.39
Loss: 0.40 | Acc: 75.68

(3)Epoch: 21
Loss: 0.24 | Acc: 90.09
Loss: 0.83 | Acc: 72.97

(3)Epoch: 22
Loss: 0.21 | Acc: 90.69
Loss: 0.99 | Acc: 78.38

(3)Epoch: 23
Loss: 0.20 | Acc: 91.29
Loss: 0.68 | Acc: 78.38

(3)Epoch: 24
Loss: 0.20 | Acc: 91.89
Loss: 0.47 | Acc: 72.97

(3)Epoch: 25
Loss: 0.27 | Acc: 90.39
Loss: 0.90 | Acc: 75.68

(4)Epoch: 0
Loss: 0.75 | Acc: 55.86
Loss: 0.70 | Acc: 54.05

(4)Epoch: 1
Loss: 0.56 | Acc: 73.27
Loss: 0.68 | Acc: 54.05

(4)Epoch: 2
Loss: 0.57 | Acc: 70.87
Loss: 0.68 | Acc: 54.05

(4)Epoch: 3
Loss: 0.52 | Acc: 78.08
Loss: 0.60 | Acc: 67.57

(4)Epoch: 4
Loss: 0.46 | Acc: 79.58
Loss: 0.34 | Acc: 81.08

(4)Epoch: 5
Loss: 0.49 | Acc: 76.88
Loss: 0.53 | Acc: 78.38

(4)Epoch: 6
Loss: 0.41 | Acc: 81.08
Loss: 0.47 | Acc: 86.49

(4)Epoch: 7
Loss: 0.36 | Acc: 81.68
Loss: 0.23 | Acc: 86.49

(4)Epoch: 8
Loss: 0.31 | Acc: 85.89
Loss: 0.27 | Acc: 91.89

(4)Epoch: 9
Loss: 0.35 | Acc: 83.48
Loss: 0.18 | Acc: 89.19

(4)Epoch: 10
Loss: 0.31 | Acc: 85.59
Loss: 0.15 | Acc: 91.89

(4)Epoch: 11
Loss: 0.31 | Acc: 83.18
Loss: 0.16 | Acc: 86.49

(4)Epoch: 12
Loss: 0.31 | Acc: 86.79
Loss: 0.34 | Acc: 89.19

(4)Epoch: 13
Loss: 0.32 | Acc: 86.19
Loss: 0.19 | Acc: 91.89

(4)Epoch: 14
Loss: 0.33 | Acc: 85.89
Loss: 0.30 | Acc: 89.19

(4)Epoch: 15
Loss: 0.28 | Acc: 87.69
Loss: 0.16 | Acc: 91.89

(4)Epoch: 16
Loss: 0.27 | Acc: 88.29
Loss: 0.82 | Acc: 81.08

(4)Epoch: 17
Loss: 0.36 | Acc: 85.29
Loss: 0.19 | Acc: 89.19

(4)Epoch: 18
Loss: 0.34 | Acc: 84.98
Loss: 0.39 | Acc: 91.89

(4)Epoch: 19
Loss: 0.34 | Acc: 84.98
Loss: 0.37 | Acc: 89.19

(4)Epoch: 20
Loss: 0.37 | Acc: 83.48
Loss: 0.33 | Acc: 89.19

(5)Epoch: 0
Loss: 0.74 | Acc: 59.76
Loss: 0.71 | Acc: 35.14

(5)Epoch: 1
Loss: 0.61 | Acc: 64.26
Loss: 0.70 | Acc: 35.14

(5)Epoch: 2
Loss: 0.61 | Acc: 71.77
Loss: 0.63 | Acc: 64.86

(5)Epoch: 3
Loss: 0.58 | Acc: 71.77
Loss: 0.55 | Acc: 75.68

(5)Epoch: 4
Loss: 0.49 | Acc: 76.58
Loss: 0.41 | Acc: 75.68

(5)Epoch: 5
Loss: 0.45 | Acc: 79.88
Loss: 0.48 | Acc: 81.08

(5)Epoch: 6
Loss: 0.48 | Acc: 79.28
Loss: 0.46 | Acc: 81.08

(5)Epoch: 7
Loss: 0.41 | Acc: 81.98
Loss: 0.28 | Acc: 81.08

(5)Epoch: 8
Loss: 0.49 | Acc: 79.88
Loss: 0.34 | Acc: 89.19

(5)Epoch: 9
Loss: 0.39 | Acc: 85.29
Loss: 0.56 | Acc: 86.49

(5)Epoch: 10
Loss: 0.33 | Acc: 85.59
Loss: 0.21 | Acc: 91.89

(5)Epoch: 11
Loss: 0.33 | Acc: 86.19
Loss: 0.18 | Acc: 94.59

(5)Epoch: 12
Loss: 0.38 | Acc: 83.48
Loss: 0.35 | Acc: 91.89

(5)Epoch: 13
Loss: 0.38 | Acc: 86.79
Loss: 0.45 | Acc: 86.49

(5)Epoch: 14
Loss: 0.32 | Acc: 85.29
Loss: 0.25 | Acc: 89.19

(5)Epoch: 15
Loss: 0.31 | Acc: 85.89
Loss: 0.33 | Acc: 91.89

(5)Epoch: 16
Loss: 0.25 | Acc: 89.19
Loss: 0.59 | Acc: 94.59

(5)Epoch: 17
Loss: 0.29 | Acc: 85.89
Loss: 0.18 | Acc: 91.89

(5)Epoch: 18
Loss: 0.37 | Acc: 84.68
Loss: 0.21 | Acc: 89.19

(5)Epoch: 19
Loss: 0.29 | Acc: 87.39
Loss: 0.17 | Acc: 91.89

(5)Epoch: 20
Loss: 0.23 | Acc: 90.09
Loss: 0.22 | Acc: 91.89

(5)Epoch: 21
Loss: 0.29 | Acc: 88.29
Loss: 0.16 | Acc: 91.89

(5)Epoch: 22
Loss: 0.29 | Acc: 88.29
Loss: 0.95 | Acc: 94.59

(5)Epoch: 23
Loss: 0.29 | Acc: 86.49
Loss: 0.40 | Acc: 89.19

(5)Epoch: 24
Loss: 0.25 | Acc: 89.49
Loss: 0.81 | Acc: 91.89

(5)Epoch: 25
Loss: 0.24 | Acc: 89.79
Loss: 0.16 | Acc: 94.59

(5)Epoch: 26
Loss: 0.25 | Acc: 88.89
Loss: 0.65 | Acc: 89.19

(5)Epoch: 27
Loss: 0.22 | Acc: 90.09
Loss: 0.17 | Acc: 94.59

(5)Epoch: 28
Loss: 0.24 | Acc: 89.19
Loss: 0.16 | Acc: 94.59

(5)Epoch: 29
Loss: 0.20 | Acc: 91.89
Loss: 0.27 | Acc: 89.19

(5)Epoch: 30
Loss: 0.26 | Acc: 88.59
Loss: 0.50 | Acc: 97.30

(5)Epoch: 31
Loss: 0.23 | Acc: 90.39
Loss: 0.18 | Acc: 91.89

(5)Epoch: 32
Loss: 0.25 | Acc: 91.29
Loss: 0.16 | Acc: 89.19

(5)Epoch: 33
Loss: 0.26 | Acc: 88.59
Loss: 0.16 | Acc: 94.59

(5)Epoch: 34
Loss: 0.29 | Acc: 90.09
Loss: 0.19 | Acc: 91.89

(5)Epoch: 35
Loss: 0.24 | Acc: 88.89
Loss: 0.22 | Acc: 94.59

(6)Epoch: 0
Loss: 0.83 | Acc: 54.05
Loss: 0.70 | Acc: 62.16

(6)Epoch: 1
Loss: 0.55 | Acc: 69.37
Loss: 0.67 | Acc: 62.16

(6)Epoch: 2
Loss: 0.62 | Acc: 72.37
Loss: 0.69 | Acc: 70.27

(6)Epoch: 3
Loss: 0.51 | Acc: 75.08
Loss: 1.05 | Acc: 81.08

(6)Epoch: 4
Loss: 0.47 | Acc: 78.08
Loss: 0.63 | Acc: 81.08

(6)Epoch: 5
Loss: 0.46 | Acc: 79.88
Loss: 0.43 | Acc: 75.68

(6)Epoch: 6
Loss: 0.41 | Acc: 79.88
Loss: 0.56 | Acc: 83.78

(6)Epoch: 7
Loss: 0.40 | Acc: 84.38
Loss: 0.31 | Acc: 78.38

(6)Epoch: 8
Loss: 0.41 | Acc: 82.58
Loss: 0.34 | Acc: 86.49

(6)Epoch: 9
Loss: 0.39 | Acc: 83.18
Loss: 0.40 | Acc: 83.78

(6)Epoch: 10
Loss: 0.35 | Acc: 85.29
Loss: 0.31 | Acc: 89.19

(6)Epoch: 11
Loss: 0.31 | Acc: 87.09
Loss: 0.28 | Acc: 86.49

(6)Epoch: 12
Loss: 0.30 | Acc: 87.39
Loss: 0.27 | Acc: 86.49

(6)Epoch: 13
Loss: 0.30 | Acc: 86.49
Loss: 0.39 | Acc: 83.78

(6)Epoch: 14
Loss: 0.34 | Acc: 84.98
Loss: 0.37 | Acc: 83.78

(6)Epoch: 15
Loss: 0.34 | Acc: 85.59
Loss: 0.22 | Acc: 86.49

(6)Epoch: 16
Loss: 0.28 | Acc: 87.39
Loss: 0.71 | Acc: 81.08

(6)Epoch: 17
Loss: 0.24 | Acc: 90.39
Loss: 1.07 | Acc: 75.68

(6)Epoch: 18
Loss: 0.28 | Acc: 88.59
Loss: 0.39 | Acc: 86.49

(6)Epoch: 19
Loss: 0.35 | Acc: 86.79
Loss: 0.50 | Acc: 83.78

(6)Epoch: 20
Loss: 0.28 | Acc: 87.39
Loss: 0.38 | Acc: 83.78

(6)Epoch: 21
Loss: 0.24 | Acc: 90.09
Loss: 0.32 | Acc: 89.19

(6)Epoch: 22
Loss: 0.20 | Acc: 89.49
Loss: 0.51 | Acc: 86.49

(6)Epoch: 23
Loss: 0.22 | Acc: 92.19
Loss: 0.28 | Acc: 83.78

(6)Epoch: 24
Loss: 0.20 | Acc: 91.59
Loss: 0.22 | Acc: 89.19

(6)Epoch: 25
Loss: 0.17 | Acc: 92.19
Loss: 0.31 | Acc: 86.49

(6)Epoch: 26
Loss: 0.26 | Acc: 89.19
Loss: 0.45 | Acc: 83.78

(6)Epoch: 27
Loss: 0.23 | Acc: 89.49
Loss: 0.46 | Acc: 89.19

(6)Epoch: 28
Loss: 0.28 | Acc: 88.29
Loss: 0.64 | Acc: 86.49

(6)Epoch: 29
Loss: 0.19 | Acc: 90.99
Loss: 0.30 | Acc: 89.19

(6)Epoch: 30
Loss: 0.18 | Acc: 92.19
Loss: 1.53 | Acc: 83.78

(6)Epoch: 31
Loss: 0.34 | Acc: 87.69
Loss: 0.38 | Acc: 86.49

(6)Epoch: 32
Loss: 0.21 | Acc: 91.59
Loss: 0.60 | Acc: 94.59

(6)Epoch: 33
Loss: 0.24 | Acc: 91.59
Loss: 0.67 | Acc: 83.78

(6)Epoch: 34
Loss: 0.28 | Acc: 89.19
Loss: 0.28 | Acc: 86.49

(7)Epoch: 0
Loss: 0.86 | Acc: 54.95
Loss: 0.70 | Acc: 43.24

(7)Epoch: 1
Loss: 0.63 | Acc: 63.96
Loss: 0.69 | Acc: 56.76

(7)Epoch: 2
Loss: 0.61 | Acc: 65.47
Loss: 0.77 | Acc: 43.24

(7)Epoch: 3
Loss: 0.52 | Acc: 76.28
Loss: 0.65 | Acc: 86.49

(7)Epoch: 4
Loss: 0.51 | Acc: 75.68
Loss: 0.47 | Acc: 72.97

(7)Epoch: 5
Loss: 0.51 | Acc: 74.47
Loss: 0.52 | Acc: 81.08

(7)Epoch: 6
Loss: 0.48 | Acc: 77.18
Loss: 0.64 | Acc: 70.27

(7)Epoch: 7
Loss: 0.44 | Acc: 76.88
Loss: 0.35 | Acc: 72.97

(7)Epoch: 8
Loss: 0.44 | Acc: 80.18
Loss: 0.46 | Acc: 78.38

(7)Epoch: 9
Loss: 0.43 | Acc: 80.78
Loss: 0.42 | Acc: 81.08

(7)Epoch: 10
Loss: 0.39 | Acc: 84.98
Loss: 0.51 | Acc: 83.78

(7)Epoch: 11
Loss: 0.41 | Acc: 82.58
Loss: 0.52 | Acc: 83.78

(7)Epoch: 12
Loss: 0.35 | Acc: 86.49
Loss: 0.62 | Acc: 72.97

(7)Epoch: 13
Loss: 0.35 | Acc: 85.59
Loss: 0.23 | Acc: 86.49

(7)Epoch: 14
Loss: 0.35 | Acc: 84.98
Loss: 0.33 | Acc: 83.78

(7)Epoch: 15
Loss: 0.27 | Acc: 88.89
Loss: 0.31 | Acc: 83.78

(7)Epoch: 16
Loss: 0.28 | Acc: 87.39
Loss: 0.47 | Acc: 83.78

(7)Epoch: 17
Loss: 0.30 | Acc: 87.09
Loss: 0.46 | Acc: 86.49

(7)Epoch: 18
Loss: 0.29 | Acc: 87.39
Loss: 0.35 | Acc: 86.49

(7)Epoch: 19
Loss: 0.23 | Acc: 90.09
Loss: 0.35 | Acc: 86.49

(7)Epoch: 20
Loss: 0.28 | Acc: 88.59
Loss: 0.85 | Acc: 70.27

(7)Epoch: 21
Loss: 0.27 | Acc: 87.39
Loss: 0.69 | Acc: 78.38

(7)Epoch: 22
Loss: 0.27 | Acc: 88.89
Loss: 0.33 | Acc: 83.78

(7)Epoch: 23
Loss: 0.26 | Acc: 90.39
Loss: 0.47 | Acc: 83.78

(8)Epoch: 0
Loss: 0.93 | Acc: 53.45
Loss: 0.55 | Acc: 62.16

(8)Epoch: 1
Loss: 0.63 | Acc: 66.37
Loss: 0.53 | Acc: 62.16

(8)Epoch: 2
Loss: 0.55 | Acc: 75.98
Loss: 0.65 | Acc: 62.16

(8)Epoch: 3
Loss: 0.49 | Acc: 77.48
Loss: 1.13 | Acc: 62.16

(8)Epoch: 4
Loss: 0.43 | Acc: 80.18
Loss: 0.24 | Acc: 89.19

(8)Epoch: 5
Loss: 0.38 | Acc: 84.08
Loss: 0.22 | Acc: 89.19

(8)Epoch: 6
Loss: 0.39 | Acc: 81.38
Loss: 0.41 | Acc: 78.38

(8)Epoch: 7
Loss: 0.34 | Acc: 85.59
Loss: 0.80 | Acc: 81.08

(8)Epoch: 8
Loss: 0.34 | Acc: 86.49
Loss: 0.46 | Acc: 83.78

(8)Epoch: 9
Loss: 0.29 | Acc: 87.69
Loss: 0.39 | Acc: 86.49

(8)Epoch: 10
Loss: 0.28 | Acc: 87.69
Loss: 0.28 | Acc: 89.19

(8)Epoch: 11
Loss: 0.32 | Acc: 88.29
Loss: 0.43 | Acc: 81.08

(8)Epoch: 12
Loss: 0.29 | Acc: 85.89
Loss: 0.52 | Acc: 81.08

(8)Epoch: 13
Loss: 0.27 | Acc: 90.09
Loss: 0.34 | Acc: 81.08

(8)Epoch: 14
Loss: 0.29 | Acc: 89.49
Loss: 0.42 | Acc: 81.08

(8)Epoch: 15
Loss: 0.29 | Acc: 87.99
Loss: 0.24 | Acc: 86.49

(9)Epoch: 0
Loss: 0.87 | Acc: 54.35
Loss: 0.68 | Acc: 62.16

(9)Epoch: 1
Loss: 0.58 | Acc: 69.97
Loss: 0.82 | Acc: 62.16

(9)Epoch: 2
Loss: 0.51 | Acc: 76.88
Loss: 0.90 | Acc: 62.16

(9)Epoch: 3
Loss: 0.46 | Acc: 80.48
Loss: 0.92 | Acc: 64.86

(9)Epoch: 4
Loss: 0.40 | Acc: 84.98
Loss: 0.46 | Acc: 78.38

(9)Epoch: 5
Loss: 0.35 | Acc: 84.38
Loss: 0.63 | Acc: 78.38

(9)Epoch: 6
Loss: 0.38 | Acc: 84.08
Loss: 0.81 | Acc: 78.38

(9)Epoch: 7
Loss: 0.30 | Acc: 86.49
Loss: 0.34 | Acc: 86.49

(9)Epoch: 8
Loss: 0.31 | Acc: 87.09
Loss: 0.30 | Acc: 78.38

(9)Epoch: 9
Loss: 0.41 | Acc: 81.08
Loss: 0.37 | Acc: 72.97

(9)Epoch: 10
Loss: 0.30 | Acc: 90.09
Loss: 0.26 | Acc: 86.49

(9)Epoch: 11
Loss: 0.30 | Acc: 87.69
Loss: 0.49 | Acc: 72.97

(9)Epoch: 12
Loss: 0.31 | Acc: 85.59
Loss: 0.30 | Acc: 83.78

(9)Epoch: 13
Loss: 0.28 | Acc: 89.49
Loss: 0.30 | Acc: 86.49

(9)Epoch: 14
Loss: 0.27 | Acc: 89.49
Loss: 0.44 | Acc: 83.78

(9)Epoch: 15
Loss: 0.31 | Acc: 87.39
Loss: 0.31 | Acc: 86.49

(9)Epoch: 16
Loss: 0.24 | Acc: 90.09
Loss: 0.32 | Acc: 89.19

(9)Epoch: 17
Loss: 0.25 | Acc: 87.99
Loss: 0.69 | Acc: 81.08

(9)Epoch: 18
Loss: 0.26 | Acc: 88.89
Loss: 0.36 | Acc: 81.08

(9)Epoch: 19
Loss: 0.28 | Acc: 88.29
Loss: 0.58 | Acc: 81.08

(9)Epoch: 20
Loss: 0.19 | Acc: 90.99
Loss: 0.69 | Acc: 83.78

----------
valid acc: 87.57, valid loss: 0.23

(train)Epoch: 0
Loss: 0.82 | Acc: 55.14

(train)Epoch: 1
Loss: 0.56 | Acc: 70.81

(train)Epoch: 2
Loss: 0.52 | Acc: 76.76

(train)Epoch: 3
Loss: 0.48 | Acc: 78.38

(train)Epoch: 4
Loss: 0.45 | Acc: 77.84

(train)Epoch: 5
Loss: 0.45 | Acc: 79.73

(train)Epoch: 6
Loss: 0.40 | Acc: 80.81

(train)Epoch: 7
Loss: 0.35 | Acc: 83.24

(train)Epoch: 8
Loss: 0.41 | Acc: 82.97

(train)Epoch: 9
Loss: 0.35 | Acc: 86.49

(train)Epoch: 10
Loss: 0.33 | Acc: 84.59

(train)Epoch: 11
Loss: 0.32 | Acc: 85.68

(train)Epoch: 12
Loss: 0.39 | Acc: 83.78

(train)Epoch: 13
Loss: 0.32 | Acc: 85.95

(train)Epoch: 14
Loss: 0.34 | Acc: 85.95

(train)Epoch: 15
Loss: 0.36 | Acc: 87.03

(train)Epoch: 16
Loss: 0.30 | Acc: 86.22

(train)Epoch: 17
Loss: 0.31 | Acc: 88.38

(train)Epoch: 18
Loss: 0.32 | Acc: 87.30

(train)Epoch: 19
Loss: 0.29 | Acc: 88.11

(train)Epoch: 20
Loss: 0.30 | Acc: 86.76

(train)Epoch: 21
Loss: 0.26 | Acc: 88.38

(train)Epoch: 22
Loss: 0.22 | Acc: 91.89

(train)Epoch: 23
Loss: 0.23 | Acc: 91.62

(train)Epoch: 24
Loss: 0.23 | Acc: 90.00

(train)Epoch: 25
Loss: 0.21 | Acc: 92.97

(train)Epoch: 26
Loss: 0.25 | Acc: 89.73

(train)Epoch: 27
Loss: 0.19 | Acc: 92.16

(train)Epoch: 28
Loss: 0.22 | Acc: 91.35

(train)Epoch: 29
Loss: 0.21 | Acc: 92.70

(train)Epoch: 30
Loss: 0.20 | Acc: 91.89

(train)Epoch: 31
Loss: 0.22 | Acc: 90.27

(train)Epoch: 32
Loss: 0.22 | Acc: 90.00

(train)Epoch: 33
Loss: 0.22 | Acc: 91.35

(train)Epoch: 34
Loss: 0.19 | Acc: 91.35

(train)Epoch: 35
Loss: 0.20 | Acc: 92.43

(train)Epoch: 36
Loss: 0.18 | Acc: 92.16

(train)Epoch: 37
Loss: 0.19 | Acc: 92.70

(train)Epoch: 38
Loss: 0.21 | Acc: 90.81

(train)Epoch: 39
Loss: 0.19 | Acc: 91.62

(train)Epoch: 40
Loss: 0.23 | Acc: 91.35

(train)Epoch: 41
Loss: 0.18 | Acc: 94.59

(train)Epoch: 42
Loss: 0.17 | Acc: 92.97

(train)Epoch: 43
Loss: 0.16 | Acc: 94.86

(train)Epoch: 44
Loss: 0.19 | Acc: 91.62

(train)Epoch: 45
Loss: 0.16 | Acc: 95.41

(train)Epoch: 46
Loss: 0.14 | Acc: 93.24

(train)Epoch: 47
Loss: 0.22 | Acc: 92.97

(train)Epoch: 48
Loss: 0.16 | Acc: 93.51

(train)Epoch: 49
Loss: 0.17 | Acc: 92.70

(train)Epoch: 50
Loss: 0.15 | Acc: 96.22

(train)Epoch: 51
Loss: 0.16 | Acc: 94.05

(train)Epoch: 52
Loss: 0.16 | Acc: 93.78

(train)Epoch: 53
Loss: 0.15 | Acc: 94.32

(train)Epoch: 54
Loss: 0.18 | Acc: 92.97

(train)Epoch: 55
Loss: 0.15 | Acc: 94.86

(train)Epoch: 56
Loss: 0.15 | Acc: 94.05

(train)Epoch: 57
Loss: 0.12 | Acc: 95.14

(train)Epoch: 58
Loss: 0.12 | Acc: 95.14

(train)Epoch: 59
Loss: 0.11 | Acc: 96.49

(train)Epoch: 60
Loss: 0.13 | Acc: 95.14

(train)Epoch: 61
Loss: 0.12 | Acc: 94.32

(train)Epoch: 62
Loss: 0.17 | Acc: 94.32

(train)Epoch: 63
Loss: 0.15 | Acc: 94.32

(train)Epoch: 64
Loss: 0.12 | Acc: 95.41

(train)Epoch: 65
Loss: 0.13 | Acc: 95.41

(train)Epoch: 66
Loss: 0.13 | Acc: 95.14

(train)Epoch: 67
Loss: 0.12 | Acc: 95.95

(train)Epoch: 68
Loss: 0.07 | Acc: 97.30

(train)Epoch: 69
Loss: 0.13 | Acc: 95.68

(train)Epoch: 70
Loss: 0.12 | Acc: 95.68

(train)Epoch: 71
Loss: 0.11 | Acc: 96.49

(train)Epoch: 72
Loss: 0.10 | Acc: 95.95

(train)Epoch: 73
Loss: 0.08 | Acc: 96.76

(train)Epoch: 74
Loss: 0.10 | Acc: 95.95

(train)Epoch: 75
Loss: 0.10 | Acc: 96.22

(train)Epoch: 76
Loss: 0.10 | Acc: 96.49

(train)Epoch: 77
Loss: 0.06 | Acc: 97.03

(train)Epoch: 78
Loss: 0.06 | Acc: 97.84

(train)Epoch: 79
Loss: 0.09 | Acc: 95.68

(train)Epoch: 80
Loss: 0.09 | Acc: 95.95

(train)Epoch: 81
Loss: 0.09 | Acc: 97.30

(train)Epoch: 82
Loss: 0.09 | Acc: 97.30

(train)Epoch: 83
Loss: 0.07 | Acc: 96.76

(train)Epoch: 84
Loss: 0.10 | Acc: 95.68

(train)Epoch: 85
Loss: 0.11 | Acc: 96.22

(train)Epoch: 86
Loss: 0.07 | Acc: 98.38

(train)Epoch: 87
Loss: 0.07 | Acc: 97.30

(train)Epoch: 88
Loss: 0.06 | Acc: 97.84

(train)Epoch: 89
Loss: 0.05 | Acc: 98.38

(train)Epoch: 90
Loss: 0.04 | Acc: 98.38

(train)Epoch: 91
Loss: 0.04 | Acc: 98.65

(train)Epoch: 92
Loss: 0.06 | Acc: 98.11

(train)Epoch: 93
Loss: 0.07 | Acc: 96.76

(train)Epoch: 94
Loss: 0.09 | Acc: 96.49

(train)Epoch: 95
Loss: 0.09 | Acc: 97.03

(train)Epoch: 96
Loss: 0.07 | Acc: 97.57

(train)Epoch: 97
Loss: 0.07 | Acc: 97.57

(train)Epoch: 98
Loss: 0.12 | Acc: 95.41

(train)Epoch: 99
Loss: 0.15 | Acc: 94.05

========= result on testing set =========

testing set length info: 102
/tmp2/jojo/EyeJaundice/grad_CAM.py:123: UserWarning: To copy construct from a tensor, it is recommended to use sourceTensor.clone().detach() or sourceTensor.clone().detach().requires_grad_(True), rather than torch.tensor(sourceTensor).
  inputs = torch.tensor(inputs, requires_grad=True)
/tmp2/jojo/EyeJaundice/grad_CAM.py:100: UserWarning: ./grad_cam_result/raw_2020_05_19_10_29_19/y_87-EfficientNet-B0-gb.jpg is a low contrast image
  io.imsave(os.path.join(output_dir, '{}-{}-{}.jpg'.format(prefix, network, key)), image)
/tmp2/jojo/EyeJaundice/grad_CAM.py:100: UserWarning: ./grad_cam_result/raw_2020_05_19_10_29_19/y_87-EfficientNet-B0-cam_gb.jpg is a low contrast image
  io.imsave(os.path.join(output_dir, '{}-{}-{}.jpg'.format(prefix, network, key)), image)
/tmp2/jojo/EyeJaundice/grad_CAM.py:100: UserWarning: ./grad_cam_result/raw_2020_05_19_10_29_19/y_45-EfficientNet-B0-gb.jpg is a low contrast image
  io.imsave(os.path.join(output_dir, '{}-{}-{}.jpg'.format(prefix, network, key)), image)
/tmp2/jojo/EyeJaundice/grad_CAM.py:100: UserWarning: ./grad_cam_result/raw_2020_05_19_10_29_19/y_45-EfficientNet-B0-cam_gb.jpg is a low contrast image
  io.imsave(os.path.join(output_dir, '{}-{}-{}.jpg'.format(prefix, network, key)), image)
/tmp2/jojo/EyeJaundice/grad_CAM.py:100: UserWarning: ./grad_cam_result/raw_2020_05_19_10_29_19/n_271-EfficientNet-B0-gb.jpg is a low contrast image
  io.imsave(os.path.join(output_dir, '{}-{}-{}.jpg'.format(prefix, network, key)), image)
/tmp2/jojo/EyeJaundice/grad_CAM.py:100: UserWarning: ./grad_cam_result/raw_2020_05_19_10_29_19/n_227-EfficientNet-B0-gb.jpg is a low contrast image
  io.imsave(os.path.join(output_dir, '{}-{}-{}.jpg'.format(prefix, network, key)), image)
/tmp2/jojo/EyeJaundice/grad_CAM.py:100: UserWarning: ./grad_cam_result/raw_2020_05_19_10_29_19/n_183-EfficientNet-B0-gb.jpg is a low contrast image
  io.imsave(os.path.join(output_dir, '{}-{}-{}.jpg'.format(prefix, network, key)), image)
/tmp2/jojo/EyeJaundice/grad_CAM.py:100: UserWarning: ./grad_cam_result/raw_2020_05_19_10_29_19/y_65-EfficientNet-B0-cam_gb.jpg is a low contrast image
  io.imsave(os.path.join(output_dir, '{}-{}-{}.jpg'.format(prefix, network, key)), image)
/tmp2/jojo/EyeJaundice/grad_CAM.py:100: UserWarning: ./grad_cam_result/raw_2020_05_19_10_29_19/y_170-EfficientNet-B0-gb.jpg is a low contrast image
  io.imsave(os.path.join(output_dir, '{}-{}-{}.jpg'.format(prefix, network, key)), image)
/tmp2/jojo/EyeJaundice/grad_CAM.py:100: UserWarning: ./grad_cam_result/raw_2020_05_19_10_29_19/y_170-EfficientNet-B0-cam_gb.jpg is a low contrast image
  io.imsave(os.path.join(output_dir, '{}-{}-{}.jpg'.format(prefix, network, key)), image)
/tmp2/jojo/EyeJaundice/grad_CAM.py:100: UserWarning: ./grad_cam_result/raw_2020_05_19_10_29_19/n_103-EfficientNet-B0-gb.jpg is a low contrast image
  io.imsave(os.path.join(output_dir, '{}-{}-{}.jpg'.format(prefix, network, key)), image)
/tmp2/jojo/EyeJaundice/grad_CAM.py:100: UserWarning: ./grad_cam_result/raw_2020_05_19_10_29_19/n_103-EfficientNet-B0-cam_gb.jpg is a low contrast image
  io.imsave(os.path.join(output_dir, '{}-{}-{}.jpg'.format(prefix, network, key)), image)
/tmp2/jojo/EyeJaundice/grad_CAM.py:100: UserWarning: ./grad_cam_result/raw_2020_05_19_10_29_19/y_171-EfficientNet-B0-gb.jpg is a low contrast image
  io.imsave(os.path.join(output_dir, '{}-{}-{}.jpg'.format(prefix, network, key)), image)
/tmp2/jojo/EyeJaundice/grad_CAM.py:100: UserWarning: ./grad_cam_result/raw_2020_05_19_10_29_19/y_171-EfficientNet-B0-cam_gb.jpg is a low contrast image
  io.imsave(os.path.join(output_dir, '{}-{}-{}.jpg'.format(prefix, network, key)), image)
/tmp2/jojo/EyeJaundice/grad_CAM.py:100: UserWarning: ./grad_cam_result/raw_2020_05_19_10_29_19/n_87-EfficientNet-B0-gb.jpg is a low contrast image
  io.imsave(os.path.join(output_dir, '{}-{}-{}.jpg'.format(prefix, network, key)), image)
/tmp2/jojo/EyeJaundice/grad_CAM.py:100: UserWarning: ./grad_cam_result/raw_2020_05_19_10_29_19/y_138-EfficientNet-B0-gb.jpg is a low contrast image
  io.imsave(os.path.join(output_dir, '{}-{}-{}.jpg'.format(prefix, network, key)), image)
/tmp2/jojo/EyeJaundice/grad_CAM.py:100: UserWarning: ./grad_cam_result/raw_2020_05_19_10_29_19/y_138-EfficientNet-B0-cam_gb.jpg is a low contrast image
  io.imsave(os.path.join(output_dir, '{}-{}-{}.jpg'.format(prefix, network, key)), image)
/tmp2/jojo/EyeJaundice/grad_CAM.py:100: UserWarning: ./grad_cam_result/raw_2020_05_19_10_29_19/y_180-EfficientNet-B0-gb.jpg is a low contrast image
  io.imsave(os.path.join(output_dir, '{}-{}-{}.jpg'.format(prefix, network, key)), image)
/tmp2/jojo/EyeJaundice/grad_CAM.py:100: UserWarning: ./grad_cam_result/raw_2020_05_19_10_29_19/y_180-EfficientNet-B0-cam_gb.jpg is a low contrast image
  io.imsave(os.path.join(output_dir, '{}-{}-{}.jpg'.format(prefix, network, key)), image)
/tmp2/jojo/EyeJaundice/grad_CAM.py:100: UserWarning: ./grad_cam_result/raw_2020_05_19_10_29_19/n_47-EfficientNet-B0-gb.jpg is a low contrast image
  io.imsave(os.path.join(output_dir, '{}-{}-{}.jpg'.format(prefix, network, key)), image)
/tmp2/jojo/EyeJaundice/grad_CAM.py:100: UserWarning: ./grad_cam_result/raw_2020_05_19_10_29_19/n_47-EfficientNet-B0-cam_gb.jpg is a low contrast image
  io.imsave(os.path.join(output_dir, '{}-{}-{}.jpg'.format(prefix, network, key)), image)
/tmp2/jojo/EyeJaundice/grad_CAM.py:100: UserWarning: ./grad_cam_result/raw_2020_05_19_10_29_19/n_272-EfficientNet-B0-gb.jpg is a low contrast image
  io.imsave(os.path.join(output_dir, '{}-{}-{}.jpg'.format(prefix, network, key)), image)
/tmp2/jojo/EyeJaundice/grad_CAM.py:100: UserWarning: ./grad_cam_result/raw_2020_05_19_10_29_19/n_272-EfficientNet-B0-cam_gb.jpg is a low contrast image
  io.imsave(os.path.join(output_dir, '{}-{}-{}.jpg'.format(prefix, network, key)), image)
/tmp2/jojo/EyeJaundice/grad_CAM.py:100: UserWarning: ./grad_cam_result/raw_2020_05_19_10_29_19/y_123-EfficientNet-B0-gb.jpg is a low contrast image
  io.imsave(os.path.join(output_dir, '{}-{}-{}.jpg'.format(prefix, network, key)), image)
/tmp2/jojo/EyeJaundice/grad_CAM.py:100: UserWarning: ./grad_cam_result/raw_2020_05_19_10_29_19/y_123-EfficientNet-B0-cam_gb.jpg is a low contrast image
  io.imsave(os.path.join(output_dir, '{}-{}-{}.jpg'.format(prefix, network, key)), image)
/tmp2/jojo/EyeJaundice/grad_CAM.py:100: UserWarning: ./grad_cam_result/raw_2020_05_19_10_29_19/y_19-EfficientNet-B0-gb.jpg is a low contrast image
  io.imsave(os.path.join(output_dir, '{}-{}-{}.jpg'.format(prefix, network, key)), image)
/tmp2/jojo/EyeJaundice/grad_CAM.py:100: UserWarning: ./grad_cam_result/raw_2020_05_19_10_29_19/y_19-EfficientNet-B0-cam_gb.jpg is a low contrast image
  io.imsave(os.path.join(output_dir, '{}-{}-{}.jpg'.format(prefix, network, key)), image)
/tmp2/jojo/EyeJaundice/grad_CAM.py:100: UserWarning: ./grad_cam_result/raw_2020_05_19_10_29_19/n_154-EfficientNet-B0-gb.jpg is a low contrast image
  io.imsave(os.path.join(output_dir, '{}-{}-{}.jpg'.format(prefix, network, key)), image)
/tmp2/jojo/EyeJaundice/grad_CAM.py:100: UserWarning: ./grad_cam_result/raw_2020_05_19_10_29_19/n_154-EfficientNet-B0-cam_gb.jpg is a low contrast image
  io.imsave(os.path.join(output_dir, '{}-{}-{}.jpg'.format(prefix, network, key)), image)
/tmp2/jojo/EyeJaundice/grad_CAM.py:100: UserWarning: ./grad_cam_result/raw_2020_05_19_10_29_19/n_58-EfficientNet-B0-gb.jpg is a low contrast image
  io.imsave(os.path.join(output_dir, '{}-{}-{}.jpg'.format(prefix, network, key)), image)
/tmp2/jojo/EyeJaundice/grad_CAM.py:100: UserWarning: ./grad_cam_result/raw_2020_05_19_10_29_19/n_126-EfficientNet-B0-gb.jpg is a low contrast image
  io.imsave(os.path.join(output_dir, '{}-{}-{}.jpg'.format(prefix, network, key)), image)
/tmp2/jojo/EyeJaundice/grad_CAM.py:100: UserWarning: ./grad_cam_result/raw_2020_05_19_10_29_19/y_195-EfficientNet-B0-gb.jpg is a low contrast image
  io.imsave(os.path.join(output_dir, '{}-{}-{}.jpg'.format(prefix, network, key)), image)
/tmp2/jojo/EyeJaundice/grad_CAM.py:100: UserWarning: ./grad_cam_result/raw_2020_05_19_10_29_19/y_195-EfficientNet-B0-cam_gb.jpg is a low contrast image
  io.imsave(os.path.join(output_dir, '{}-{}-{}.jpg'.format(prefix, network, key)), image)
/tmp2/jojo/EyeJaundice/grad_CAM.py:100: UserWarning: ./grad_cam_result/raw_2020_05_19_10_29_19/y_51-EfficientNet-B0-gb.jpg is a low contrast image
  io.imsave(os.path.join(output_dir, '{}-{}-{}.jpg'.format(prefix, network, key)), image)
/tmp2/jojo/EyeJaundice/grad_CAM.py:100: UserWarning: ./grad_cam_result/raw_2020_05_19_10_29_19/y_51-EfficientNet-B0-cam_gb.jpg is a low contrast image
  io.imsave(os.path.join(output_dir, '{}-{}-{}.jpg'.format(prefix, network, key)), image)
/tmp2/jojo/EyeJaundice/grad_CAM.py:100: UserWarning: ./grad_cam_result/raw_2020_05_19_10_29_19/n_86-EfficientNet-B0-gb.jpg is a low contrast image
  io.imsave(os.path.join(output_dir, '{}-{}-{}.jpg'.format(prefix, network, key)), image)
/tmp2/jojo/EyeJaundice/grad_CAM.py:100: UserWarning: ./grad_cam_result/raw_2020_05_19_10_29_19/y_119-EfficientNet-B0-cam_gb.jpg is a low contrast image
  io.imsave(os.path.join(output_dir, '{}-{}-{}.jpg'.format(prefix, network, key)), image)
/tmp2/jojo/EyeJaundice/grad_CAM.py:100: UserWarning: ./grad_cam_result/raw_2020_05_19_10_29_19/y_164-EfficientNet-B0-gb.jpg is a low contrast image
  io.imsave(os.path.join(output_dir, '{}-{}-{}.jpg'.format(prefix, network, key)), image)
/tmp2/jojo/EyeJaundice/grad_CAM.py:100: UserWarning: ./grad_cam_result/raw_2020_05_19_10_29_19/y_164-EfficientNet-B0-cam_gb.jpg is a low contrast image
  io.imsave(os.path.join(output_dir, '{}-{}-{}.jpg'.format(prefix, network, key)), image)
/tmp2/jojo/EyeJaundice/grad_CAM.py:100: UserWarning: ./grad_cam_result/raw_2020_05_19_10_29_19/y_105-EfficientNet-B0-gb.jpg is a low contrast image
  io.imsave(os.path.join(output_dir, '{}-{}-{}.jpg'.format(prefix, network, key)), image)
/tmp2/jojo/EyeJaundice/grad_CAM.py:100: UserWarning: ./grad_cam_result/raw_2020_05_19_10_29_19/y_105-EfficientNet-B0-cam_gb.jpg is a low contrast image
  io.imsave(os.path.join(output_dir, '{}-{}-{}.jpg'.format(prefix, network, key)), image)
/tmp2/jojo/EyeJaundice/grad_CAM.py:100: UserWarning: ./grad_cam_result/raw_2020_05_19_10_29_19/y_58-EfficientNet-B0-gb.jpg is a low contrast image
  io.imsave(os.path.join(output_dir, '{}-{}-{}.jpg'.format(prefix, network, key)), image)
/tmp2/jojo/EyeJaundice/grad_CAM.py:100: UserWarning: ./grad_cam_result/raw_2020_05_19_10_29_19/y_58-EfficientNet-B0-cam_gb.jpg is a low contrast image
  io.imsave(os.path.join(output_dir, '{}-{}-{}.jpg'.format(prefix, network, key)), image)
/tmp2/jojo/EyeJaundice/grad_CAM.py:100: UserWarning: ./grad_cam_result/raw_2020_05_19_10_29_19/y_98-EfficientNet-B0-gb.jpg is a low contrast image
  io.imsave(os.path.join(output_dir, '{}-{}-{}.jpg'.format(prefix, network, key)), image)
/tmp2/jojo/EyeJaundice/grad_CAM.py:100: UserWarning: ./grad_cam_result/raw_2020_05_19_10_29_19/y_98-EfficientNet-B0-cam_gb.jpg is a low contrast image
  io.imsave(os.path.join(output_dir, '{}-{}-{}.jpg'.format(prefix, network, key)), image)
/tmp2/jojo/EyeJaundice/grad_CAM.py:100: UserWarning: ./grad_cam_result/raw_2020_05_19_10_29_19/n_164-EfficientNet-B0-gb.jpg is a low contrast image
  io.imsave(os.path.join(output_dir, '{}-{}-{}.jpg'.format(prefix, network, key)), image)
/tmp2/jojo/EyeJaundice/grad_CAM.py:100: UserWarning: ./grad_cam_result/raw_2020_05_19_10_29_19/n_225-EfficientNet-B0-gb.jpg is a low contrast image
  io.imsave(os.path.join(output_dir, '{}-{}-{}.jpg'.format(prefix, network, key)), image)
/tmp2/jojo/EyeJaundice/grad_CAM.py:100: UserWarning: ./grad_cam_result/raw_2020_05_19_10_29_19/n_225-EfficientNet-B0-cam_gb.jpg is a low contrast image
  io.imsave(os.path.join(output_dir, '{}-{}-{}.jpg'.format(prefix, network, key)), image)
/tmp2/jojo/EyeJaundice/grad_CAM.py:100: UserWarning: ./grad_cam_result/raw_2020_05_19_10_29_19/y_77-EfficientNet-B0-gb.jpg is a low contrast image
  io.imsave(os.path.join(output_dir, '{}-{}-{}.jpg'.format(prefix, network, key)), image)
/tmp2/jojo/EyeJaundice/grad_CAM.py:100: UserWarning: ./grad_cam_result/raw_2020_05_19_10_29_19/y_77-EfficientNet-B0-cam_gb.jpg is a low contrast image
  io.imsave(os.path.join(output_dir, '{}-{}-{}.jpg'.format(prefix, network, key)), image)
/tmp2/jojo/EyeJaundice/grad_CAM.py:100: UserWarning: ./grad_cam_result/raw_2020_05_19_10_29_19/n_53-EfficientNet-B0-gb.jpg is a low contrast image
  io.imsave(os.path.join(output_dir, '{}-{}-{}.jpg'.format(prefix, network, key)), image)
/tmp2/jojo/EyeJaundice/grad_CAM.py:100: UserWarning: ./grad_cam_result/raw_2020_05_19_10_29_19/y_73-EfficientNet-B0-gb.jpg is a low contrast image
  io.imsave(os.path.join(output_dir, '{}-{}-{}.jpg'.format(prefix, network, key)), image)
/tmp2/jojo/EyeJaundice/grad_CAM.py:100: UserWarning: ./grad_cam_result/raw_2020_05_19_10_29_19/y_73-EfficientNet-B0-cam_gb.jpg is a low contrast image
  io.imsave(os.path.join(output_dir, '{}-{}-{}.jpg'.format(prefix, network, key)), image)
/tmp2/jojo/EyeJaundice/grad_CAM.py:100: UserWarning: ./grad_cam_result/raw_2020_05_19_10_29_19/n_37-EfficientNet-B0-gb.jpg is a low contrast image
  io.imsave(os.path.join(output_dir, '{}-{}-{}.jpg'.format(prefix, network, key)), image)
/tmp2/jojo/EyeJaundice/grad_CAM.py:100: UserWarning: ./grad_cam_result/raw_2020_05_19_10_29_19/n_37-EfficientNet-B0-cam_gb.jpg is a low contrast image
  io.imsave(os.path.join(output_dir, '{}-{}-{}.jpg'.format(prefix, network, key)), image)
/tmp2/jojo/EyeJaundice/grad_CAM.py:100: UserWarning: ./grad_cam_result/raw_2020_05_19_10_29_19/n_66-EfficientNet-B0-cam_gb.jpg is a low contrast image
  io.imsave(os.path.join(output_dir, '{}-{}-{}.jpg'.format(prefix, network, key)), image)
/tmp2/jojo/EyeJaundice/grad_CAM.py:100: UserWarning: ./grad_cam_result/raw_2020_05_19_10_29_19/y_207-EfficientNet-B0-gb.jpg is a low contrast image
  io.imsave(os.path.join(output_dir, '{}-{}-{}.jpg'.format(prefix, network, key)), image)
/tmp2/jojo/EyeJaundice/grad_CAM.py:100: UserWarning: ./grad_cam_result/raw_2020_05_19_10_29_19/y_207-EfficientNet-B0-cam_gb.jpg is a low contrast image
  io.imsave(os.path.join(output_dir, '{}-{}-{}.jpg'.format(prefix, network, key)), image)
/tmp2/jojo/EyeJaundice/grad_CAM.py:100: UserWarning: ./grad_cam_result/raw_2020_05_19_10_29_19/n_2-EfficientNet-B0-gb.jpg is a low contrast image
  io.imsave(os.path.join(output_dir, '{}-{}-{}.jpg'.format(prefix, network, key)), image)
/tmp2/jojo/EyeJaundice/grad_CAM.py:100: UserWarning: ./grad_cam_result/raw_2020_05_19_10_29_19/n_2-EfficientNet-B0-cam_gb.jpg is a low contrast image
  io.imsave(os.path.join(output_dir, '{}-{}-{}.jpg'.format(prefix, network, key)), image)
/tmp2/jojo/EyeJaundice/grad_CAM.py:100: UserWarning: ./grad_cam_result/raw_2020_05_19_10_29_19/n_186-EfficientNet-B0-gb.jpg is a low contrast image
  io.imsave(os.path.join(output_dir, '{}-{}-{}.jpg'.format(prefix, network, key)), image)
/tmp2/jojo/EyeJaundice/grad_CAM.py:100: UserWarning: ./grad_cam_result/raw_2020_05_19_10_29_19/n_219-EfficientNet-B0-gb.jpg is a low contrast image
  io.imsave(os.path.join(output_dir, '{}-{}-{}.jpg'.format(prefix, network, key)), image)
/tmp2/jojo/EyeJaundice/grad_CAM.py:100: UserWarning: ./grad_cam_result/raw_2020_05_19_10_29_19/n_219-EfficientNet-B0-cam_gb.jpg is a low contrast image
  io.imsave(os.path.join(output_dir, '{}-{}-{}.jpg'.format(prefix, network, key)), image)
/tmp2/jojo/EyeJaundice/grad_CAM.py:100: UserWarning: ./grad_cam_result/raw_2020_05_19_10_29_19/y_82-EfficientNet-B0-cam_gb.jpg is a low contrast image
  io.imsave(os.path.join(output_dir, '{}-{}-{}.jpg'.format(prefix, network, key)), image)
/tmp2/jojo/EyeJaundice/grad_CAM.py:100: UserWarning: ./grad_cam_result/raw_2020_05_19_10_29_19/n_222-EfficientNet-B0-gb.jpg is a low contrast image
  io.imsave(os.path.join(output_dir, '{}-{}-{}.jpg'.format(prefix, network, key)), image)
/tmp2/jojo/EyeJaundice/grad_CAM.py:100: UserWarning: ./grad_cam_result/raw_2020_05_19_10_29_19/n_222-EfficientNet-B0-cam_gb.jpg is a low contrast image
  io.imsave(os.path.join(output_dir, '{}-{}-{}.jpg'.format(prefix, network, key)), image)
/tmp2/jojo/EyeJaundice/grad_CAM.py:100: UserWarning: ./grad_cam_result/raw_2020_05_19_10_29_19/n_203-EfficientNet-B0-gb.jpg is a low contrast image
  io.imsave(os.path.join(output_dir, '{}-{}-{}.jpg'.format(prefix, network, key)), image)
/tmp2/jojo/EyeJaundice/grad_CAM.py:100: UserWarning: ./grad_cam_result/raw_2020_05_19_10_29_19/n_203-EfficientNet-B0-cam_gb.jpg is a low contrast image
  io.imsave(os.path.join(output_dir, '{}-{}-{}.jpg'.format(prefix, network, key)), image)
/tmp2/jojo/EyeJaundice/grad_CAM.py:100: UserWarning: ./grad_cam_result/raw_2020_05_19_10_29_19/n_26-EfficientNet-B0-gb.jpg is a low contrast image
  io.imsave(os.path.join(output_dir, '{}-{}-{}.jpg'.format(prefix, network, key)), image)
/tmp2/jojo/EyeJaundice/grad_CAM.py:100: UserWarning: ./grad_cam_result/raw_2020_05_19_10_29_19/n_174-EfficientNet-B0-gb.jpg is a low contrast image
  io.imsave(os.path.join(output_dir, '{}-{}-{}.jpg'.format(prefix, network, key)), image)
/tmp2/jojo/EyeJaundice/grad_CAM.py:100: UserWarning: ./grad_cam_result/raw_2020_05_19_10_29_19/n_174-EfficientNet-B0-cam_gb.jpg is a low contrast image
  io.imsave(os.path.join(output_dir, '{}-{}-{}.jpg'.format(prefix, network, key)), image)
/tmp2/jojo/EyeJaundice/grad_CAM.py:100: UserWarning: ./grad_cam_result/raw_2020_05_19_10_29_19/n_5-EfficientNet-B0-gb.jpg is a low contrast image
  io.imsave(os.path.join(output_dir, '{}-{}-{}.jpg'.format(prefix, network, key)), image)
/tmp2/jojo/EyeJaundice/grad_CAM.py:100: UserWarning: ./grad_cam_result/raw_2020_05_19_10_29_19/y_125-EfficientNet-B0-gb.jpg is a low contrast image
  io.imsave(os.path.join(output_dir, '{}-{}-{}.jpg'.format(prefix, network, key)), image)
/tmp2/jojo/EyeJaundice/grad_CAM.py:100: UserWarning: ./grad_cam_result/raw_2020_05_19_10_29_19/y_125-EfficientNet-B0-cam_gb.jpg is a low contrast image
  io.imsave(os.path.join(output_dir, '{}-{}-{}.jpg'.format(prefix, network, key)), image)
/tmp2/jojo/EyeJaundice/grad_CAM.py:100: UserWarning: ./grad_cam_result/raw_2020_05_19_10_29_19/y_111-EfficientNet-B0-gb.jpg is a low contrast image
  io.imsave(os.path.join(output_dir, '{}-{}-{}.jpg'.format(prefix, network, key)), image)
/tmp2/jojo/EyeJaundice/grad_CAM.py:100: UserWarning: ./grad_cam_result/raw_2020_05_19_10_29_19/y_111-EfficientNet-B0-cam_gb.jpg is a low contrast image
  io.imsave(os.path.join(output_dir, '{}-{}-{}.jpg'.format(prefix, network, key)), image)
/tmp2/jojo/EyeJaundice/grad_CAM.py:100: UserWarning: ./grad_cam_result/raw_2020_05_19_10_29_19/y_166-EfficientNet-B0-gb.jpg is a low contrast image
  io.imsave(os.path.join(output_dir, '{}-{}-{}.jpg'.format(prefix, network, key)), image)
/tmp2/jojo/EyeJaundice/grad_CAM.py:100: UserWarning: ./grad_cam_result/raw_2020_05_19_10_29_19/y_166-EfficientNet-B0-cam_gb.jpg is a low contrast image
  io.imsave(os.path.join(output_dir, '{}-{}-{}.jpg'.format(prefix, network, key)), image)
/tmp2/jojo/EyeJaundice/grad_CAM.py:100: UserWarning: ./grad_cam_result/raw_2020_05_19_10_29_19/y_21-EfficientNet-B0-gb.jpg is a low contrast image
  io.imsave(os.path.join(output_dir, '{}-{}-{}.jpg'.format(prefix, network, key)), image)
/tmp2/jojo/EyeJaundice/grad_CAM.py:100: UserWarning: ./grad_cam_result/raw_2020_05_19_10_29_19/y_21-EfficientNet-B0-cam_gb.jpg is a low contrast image
  io.imsave(os.path.join(output_dir, '{}-{}-{}.jpg'.format(prefix, network, key)), image)
/tmp2/jojo/EyeJaundice/grad_CAM.py:100: UserWarning: ./grad_cam_result/raw_2020_05_19_10_29_19/y_91-EfficientNet-B0-gb.jpg is a low contrast image
  io.imsave(os.path.join(output_dir, '{}-{}-{}.jpg'.format(prefix, network, key)), image)
/tmp2/jojo/EyeJaundice/grad_CAM.py:100: UserWarning: ./grad_cam_result/raw_2020_05_19_10_29_19/y_53-EfficientNet-B0-gb.jpg is a low contrast image
  io.imsave(os.path.join(output_dir, '{}-{}-{}.jpg'.format(prefix, network, key)), image)
/tmp2/jojo/EyeJaundice/grad_CAM.py:100: UserWarning: ./grad_cam_result/raw_2020_05_19_10_29_19/y_53-EfficientNet-B0-cam_gb.jpg is a low contrast image
  io.imsave(os.path.join(output_dir, '{}-{}-{}.jpg'.format(prefix, network, key)), image)
/tmp2/jojo/EyeJaundice/grad_CAM.py:100: UserWarning: ./grad_cam_result/raw_2020_05_19_10_29_19/y_33-EfficientNet-B0-gb.jpg is a low contrast image
  io.imsave(os.path.join(output_dir, '{}-{}-{}.jpg'.format(prefix, network, key)), image)
/tmp2/jojo/EyeJaundice/grad_CAM.py:100: UserWarning: ./grad_cam_result/raw_2020_05_19_10_29_19/y_33-EfficientNet-B0-cam_gb.jpg is a low contrast image
  io.imsave(os.path.join(output_dir, '{}-{}-{}.jpg'.format(prefix, network, key)), image)
/tmp2/jojo/EyeJaundice/grad_CAM.py:100: UserWarning: ./grad_cam_result/raw_2020_05_19_10_29_19/y_67-EfficientNet-B0-gb.jpg is a low contrast image
  io.imsave(os.path.join(output_dir, '{}-{}-{}.jpg'.format(prefix, network, key)), image)
/tmp2/jojo/EyeJaundice/grad_CAM.py:100: UserWarning: ./grad_cam_result/raw_2020_05_19_10_29_19/y_67-EfficientNet-B0-cam_gb.jpg is a low contrast image
  io.imsave(os.path.join(output_dir, '{}-{}-{}.jpg'.format(prefix, network, key)), image)
/tmp2/jojo/EyeJaundice/grad_CAM.py:100: UserWarning: ./grad_cam_result/raw_2020_05_19_10_29_19/y_114-EfficientNet-B0-cam_gb.jpg is a low contrast image
  io.imsave(os.path.join(output_dir, '{}-{}-{}.jpg'.format(prefix, network, key)), image)
/tmp2/jojo/EyeJaundice/grad_CAM.py:100: UserWarning: ./grad_cam_result/raw_2020_05_19_10_29_19/n_40-EfficientNet-B0-gb.jpg is a low contrast image
  io.imsave(os.path.join(output_dir, '{}-{}-{}.jpg'.format(prefix, network, key)), image)
/tmp2/jojo/EyeJaundice/grad_CAM.py:100: UserWarning: ./grad_cam_result/raw_2020_05_19_10_29_19/y_26-EfficientNet-B0-gb.jpg is a low contrast image
  io.imsave(os.path.join(output_dir, '{}-{}-{}.jpg'.format(prefix, network, key)), image)
/tmp2/jojo/EyeJaundice/grad_CAM.py:100: UserWarning: ./grad_cam_result/raw_2020_05_19_10_29_19/y_26-EfficientNet-B0-cam_gb.jpg is a low contrast image
  io.imsave(os.path.join(output_dir, '{}-{}-{}.jpg'.format(prefix, network, key)), image)
/tmp2/jojo/EyeJaundice/grad_CAM.py:100: UserWarning: ./grad_cam_result/raw_2020_05_19_10_29_19/n_15-EfficientNet-B0-gb.jpg is a low contrast image
  io.imsave(os.path.join(output_dir, '{}-{}-{}.jpg'.format(prefix, network, key)), image)
/tmp2/jojo/EyeJaundice/grad_CAM.py:100: UserWarning: ./grad_cam_result/raw_2020_05_19_10_29_19/n_15-EfficientNet-B0-cam_gb.jpg is a low contrast image
  io.imsave(os.path.join(output_dir, '{}-{}-{}.jpg'.format(prefix, network, key)), image)
/tmp2/jojo/EyeJaundice/grad_CAM.py:100: UserWarning: ./grad_cam_result/raw_2020_05_19_10_29_19/n_251-EfficientNet-B0-gb.jpg is a low contrast image
  io.imsave(os.path.join(output_dir, '{}-{}-{}.jpg'.format(prefix, network, key)), image)
/tmp2/jojo/EyeJaundice/grad_CAM.py:100: UserWarning: ./grad_cam_result/raw_2020_05_19_10_29_19/n_212-EfficientNet-B0-gb.jpg is a low contrast image
  io.imsave(os.path.join(output_dir, '{}-{}-{}.jpg'.format(prefix, network, key)), image)
/tmp2/jojo/EyeJaundice/grad_CAM.py:100: UserWarning: ./grad_cam_result/raw_2020_05_19_10_29_19/n_212-EfficientNet-B0-cam_gb.jpg is a low contrast image
  io.imsave(os.path.join(output_dir, '{}-{}-{}.jpg'.format(prefix, network, key)), image)
/tmp2/jojo/EyeJaundice/grad_CAM.py:100: UserWarning: ./grad_cam_result/raw_2020_05_19_10_29_19/y_186-EfficientNet-B0-gb.jpg is a low contrast image
  io.imsave(os.path.join(output_dir, '{}-{}-{}.jpg'.format(prefix, network, key)), image)
/tmp2/jojo/EyeJaundice/grad_CAM.py:100: UserWarning: ./grad_cam_result/raw_2020_05_19_10_29_19/y_186-EfficientNet-B0-cam_gb.jpg is a low contrast image
  io.imsave(os.path.join(output_dir, '{}-{}-{}.jpg'.format(prefix, network, key)), image)
/tmp2/jojo/EyeJaundice/grad_CAM.py:100: UserWarning: ./grad_cam_result/raw_2020_05_19_10_29_19/y_56-EfficientNet-B0-gb.jpg is a low contrast image
  io.imsave(os.path.join(output_dir, '{}-{}-{}.jpg'.format(prefix, network, key)), image)
/tmp2/jojo/EyeJaundice/grad_CAM.py:100: UserWarning: ./grad_cam_result/raw_2020_05_19_10_29_19/y_56-EfficientNet-B0-cam_gb.jpg is a low contrast image
  io.imsave(os.path.join(output_dir, '{}-{}-{}.jpg'.format(prefix, network, key)), image)
/tmp2/jojo/EyeJaundice/grad_CAM.py:100: UserWarning: ./grad_cam_result/raw_2020_05_19_10_29_19/y_122-EfficientNet-B0-gb.jpg is a low contrast image
  io.imsave(os.path.join(output_dir, '{}-{}-{}.jpg'.format(prefix, network, key)), image)
/tmp2/jojo/EyeJaundice/grad_CAM.py:100: UserWarning: ./grad_cam_result/raw_2020_05_19_10_29_19/y_122-EfficientNet-B0-cam_gb.jpg is a low contrast image
  io.imsave(os.path.join(output_dir, '{}-{}-{}.jpg'.format(prefix, network, key)), image)
/tmp2/jojo/EyeJaundice/grad_CAM.py:100: UserWarning: ./grad_cam_result/raw_2020_05_19_10_29_19/n_102-EfficientNet-B0-gb.jpg is a low contrast image
  io.imsave(os.path.join(output_dir, '{}-{}-{}.jpg'.format(prefix, network, key)), image)
/tmp2/jojo/EyeJaundice/grad_CAM.py:100: UserWarning: ./grad_cam_result/raw_2020_05_19_10_29_19/n_102-EfficientNet-B0-cam_gb.jpg is a low contrast image
  io.imsave(os.path.join(output_dir, '{}-{}-{}.jpg'.format(prefix, network, key)), image)
/tmp2/jojo/EyeJaundice/grad_CAM.py:100: UserWarning: ./grad_cam_result/raw_2020_05_19_10_29_19/n_216-EfficientNet-B0-gb.jpg is a low contrast image
  io.imsave(os.path.join(output_dir, '{}-{}-{}.jpg'.format(prefix, network, key)), image)
/tmp2/jojo/EyeJaundice/grad_CAM.py:100: UserWarning: ./grad_cam_result/raw_2020_05_19_10_29_19/n_235-EfficientNet-B0-gb.jpg is a low contrast image
  io.imsave(os.path.join(output_dir, '{}-{}-{}.jpg'.format(prefix, network, key)), image)
/tmp2/jojo/EyeJaundice/grad_CAM.py:100: UserWarning: ./grad_cam_result/raw_2020_05_19_10_29_19/n_235-EfficientNet-B0-cam_gb.jpg is a low contrast image
  io.imsave(os.path.join(output_dir, '{}-{}-{}.jpg'.format(prefix, network, key)), image)
/tmp2/jojo/EyeJaundice/grad_CAM.py:100: UserWarning: ./grad_cam_result/raw_2020_05_19_10_29_19/n_249-EfficientNet-B0-gb.jpg is a low contrast image
  io.imsave(os.path.join(output_dir, '{}-{}-{}.jpg'.format(prefix, network, key)), image)
/tmp2/jojo/EyeJaundice/grad_CAM.py:100: UserWarning: ./grad_cam_result/raw_2020_05_19_10_29_19/n_249-EfficientNet-B0-cam_gb.jpg is a low contrast image
  io.imsave(os.path.join(output_dir, '{}-{}-{}.jpg'.format(prefix, network, key)), image)
/tmp2/jojo/EyeJaundice/grad_CAM.py:100: UserWarning: ./grad_cam_result/raw_2020_05_19_10_29_19/n_234-EfficientNet-B0-gb.jpg is a low contrast image
  io.imsave(os.path.join(output_dir, '{}-{}-{}.jpg'.format(prefix, network, key)), image)
/tmp2/jojo/EyeJaundice/grad_CAM.py:100: UserWarning: ./grad_cam_result/raw_2020_05_19_10_29_19/n_234-EfficientNet-B0-cam_gb.jpg is a low contrast image
  io.imsave(os.path.join(output_dir, '{}-{}-{}.jpg'.format(prefix, network, key)), image)
/tmp2/jojo/EyeJaundice/grad_CAM.py:100: UserWarning: ./grad_cam_result/raw_2020_05_19_10_29_19/y_38-EfficientNet-B0-gb.jpg is a low contrast image
  io.imsave(os.path.join(output_dir, '{}-{}-{}.jpg'.format(prefix, network, key)), image)
/tmp2/jojo/EyeJaundice/grad_CAM.py:100: UserWarning: ./grad_cam_result/raw_2020_05_19_10_29_19/y_38-EfficientNet-B0-cam_gb.jpg is a low contrast image
  io.imsave(os.path.join(output_dir, '{}-{}-{}.jpg'.format(prefix, network, key)), image)
/tmp2/jojo/EyeJaundice/grad_CAM.py:100: UserWarning: ./grad_cam_result/raw_2020_05_19_10_29_19/y_112-EfficientNet-B0-gb.jpg is a low contrast image
  io.imsave(os.path.join(output_dir, '{}-{}-{}.jpg'.format(prefix, network, key)), image)
/tmp2/jojo/EyeJaundice/grad_CAM.py:100: UserWarning: ./grad_cam_result/raw_2020_05_19_10_29_19/y_112-EfficientNet-B0-cam_gb.jpg is a low contrast image
  io.imsave(os.path.join(output_dir, '{}-{}-{}.jpg'.format(prefix, network, key)), image)
/tmp2/jojo/EyeJaundice/grad_CAM.py:100: UserWarning: ./grad_cam_result/raw_2020_05_19_10_29_19/y_54-EfficientNet-B0-cam_gb.jpg is a low contrast image
  io.imsave(os.path.join(output_dir, '{}-{}-{}.jpg'.format(prefix, network, key)), image)
/tmp2/jojo/EyeJaundice/grad_CAM.py:100: UserWarning: ./grad_cam_result/raw_2020_05_19_10_29_19/n_61-EfficientNet-B0-gb.jpg is a low contrast image
  io.imsave(os.path.join(output_dir, '{}-{}-{}.jpg'.format(prefix, network, key)), image)
/tmp2/jojo/EyeJaundice/grad_CAM.py:100: UserWarning: ./grad_cam_result/raw_2020_05_19_10_29_19/n_61-EfficientNet-B0-cam_gb.jpg is a low contrast image
  io.imsave(os.path.join(output_dir, '{}-{}-{}.jpg'.format(prefix, network, key)), image)
/tmp2/jojo/EyeJaundice/grad_CAM.py:100: UserWarning: ./grad_cam_result/raw_2020_05_19_10_29_19/n_247-EfficientNet-B0-gb.jpg is a low contrast image
  io.imsave(os.path.join(output_dir, '{}-{}-{}.jpg'.format(prefix, network, key)), image)
/tmp2/jojo/EyeJaundice/grad_CAM.py:100: UserWarning: ./grad_cam_result/raw_2020_05_19_10_29_19/n_264-EfficientNet-B0-gb.jpg is a low contrast image
  io.imsave(os.path.join(output_dir, '{}-{}-{}.jpg'.format(prefix, network, key)), image)
/tmp2/jojo/EyeJaundice/grad_CAM.py:100: UserWarning: ./grad_cam_result/raw_2020_05_19_10_29_19/n_264-EfficientNet-B0-cam_gb.jpg is a low contrast image
  io.imsave(os.path.join(output_dir, '{}-{}-{}.jpg'.format(prefix, network, key)), image)
/tmp2/jojo/EyeJaundice/grad_CAM.py:100: UserWarning: ./grad_cam_result/raw_2020_05_19_10_29_19/y_6-EfficientNet-B0-gb.jpg is a low contrast image
  io.imsave(os.path.join(output_dir, '{}-{}-{}.jpg'.format(prefix, network, key)), image)
/tmp2/jojo/EyeJaundice/grad_CAM.py:100: UserWarning: ./grad_cam_result/raw_2020_05_19_10_29_19/y_6-EfficientNet-B0-cam_gb.jpg is a low contrast image
  io.imsave(os.path.join(output_dir, '{}-{}-{}.jpg'.format(prefix, network, key)), image)
/tmp2/jojo/EyeJaundice/grad_CAM.py:100: UserWarning: ./grad_cam_result/raw_2020_05_19_10_29_19/n_206-EfficientNet-B0-gb.jpg is a low contrast image
  io.imsave(os.path.join(output_dir, '{}-{}-{}.jpg'.format(prefix, network, key)), image)
/tmp2/jojo/EyeJaundice/grad_CAM.py:100: UserWarning: ./grad_cam_result/raw_2020_05_19_10_29_19/n_48-EfficientNet-B0-gb.jpg is a low contrast image
  io.imsave(os.path.join(output_dir, '{}-{}-{}.jpg'.format(prefix, network, key)), image)
/tmp2/jojo/EyeJaundice/grad_CAM.py:100: UserWarning: ./grad_cam_result/raw_2020_05_19_10_29_19/n_157-EfficientNet-B0-gb.jpg is a low contrast image
  io.imsave(os.path.join(output_dir, '{}-{}-{}.jpg'.format(prefix, network, key)), image)
/tmp2/jojo/EyeJaundice/grad_CAM.py:100: UserWarning: ./grad_cam_result/raw_2020_05_19_10_29_19/y_90-EfficientNet-B0-cam_gb.jpg is a low contrast image
  io.imsave(os.path.join(output_dir, '{}-{}-{}.jpg'.format(prefix, network, key)), image)
/tmp2/jojo/EyeJaundice/grad_CAM.py:100: UserWarning: ./grad_cam_result/raw_2020_05_19_10_29_19/n_120-EfficientNet-B0-gb.jpg is a low contrast image
  io.imsave(os.path.join(output_dir, '{}-{}-{}.jpg'.format(prefix, network, key)), image)
/tmp2/jojo/EyeJaundice/grad_CAM.py:100: UserWarning: ./grad_cam_result/raw_2020_05_19_10_29_19/n_135-EfficientNet-B0-gb.jpg is a low contrast image
  io.imsave(os.path.join(output_dir, '{}-{}-{}.jpg'.format(prefix, network, key)), image)
/tmp2/jojo/EyeJaundice/grad_CAM.py:100: UserWarning: ./grad_cam_result/raw_2020_05_19_10_29_19/n_135-EfficientNet-B0-cam_gb.jpg is a low contrast image
  io.imsave(os.path.join(output_dir, '{}-{}-{}.jpg'.format(prefix, network, key)), image)
/tmp2/jojo/EyeJaundice/grad_CAM.py:100: UserWarning: ./grad_cam_result/raw_2020_05_19_10_29_19/y_48-EfficientNet-B0-gb.jpg is a low contrast image
  io.imsave(os.path.join(output_dir, '{}-{}-{}.jpg'.format(prefix, network, key)), image)
/tmp2/jojo/EyeJaundice/grad_CAM.py:100: UserWarning: ./grad_cam_result/raw_2020_05_19_10_29_19/y_48-EfficientNet-B0-cam_gb.jpg is a low contrast image
  io.imsave(os.path.join(output_dir, '{}-{}-{}.jpg'.format(prefix, network, key)), image)
/tmp2/jojo/EyeJaundice/grad_CAM.py:100: UserWarning: ./grad_cam_result/raw_2020_05_19_10_29_19/y_157-EfficientNet-B0-gb.jpg is a low contrast image
  io.imsave(os.path.join(output_dir, '{}-{}-{}.jpg'.format(prefix, network, key)), image)
/tmp2/jojo/EyeJaundice/grad_CAM.py:100: UserWarning: ./grad_cam_result/raw_2020_05_19_10_29_19/y_157-EfficientNet-B0-cam_gb.jpg is a low contrast image
  io.imsave(os.path.join(output_dir, '{}-{}-{}.jpg'.format(prefix, network, key)), image)
/tmp2/jojo/EyeJaundice/grad_CAM.py:100: UserWarning: ./grad_cam_result/raw_2020_05_19_10_29_19/y_74-EfficientNet-B0-cam_gb.jpg is a low contrast image
  io.imsave(os.path.join(output_dir, '{}-{}-{}.jpg'.format(prefix, network, key)), image)
/tmp2/jojo/EyeJaundice/grad_CAM.py:100: UserWarning: ./grad_cam_result/raw_2020_05_19_10_29_19/n_245-EfficientNet-B0-gb.jpg is a low contrast image
  io.imsave(os.path.join(output_dir, '{}-{}-{}.jpg'.format(prefix, network, key)), image)
/tmp2/jojo/EyeJaundice/grad_CAM.py:100: UserWarning: ./grad_cam_result/raw_2020_05_19_10_29_19/n_245-EfficientNet-B0-cam_gb.jpg is a low contrast image
  io.imsave(os.path.join(output_dir, '{}-{}-{}.jpg'.format(prefix, network, key)), image)
/tmp2/jojo/EyeJaundice/grad_CAM.py:100: UserWarning: ./grad_cam_result/raw_2020_05_19_10_29_19/n_172-EfficientNet-B0-gb.jpg is a low contrast image
  io.imsave(os.path.join(output_dir, '{}-{}-{}.jpg'.format(prefix, network, key)), image)
/tmp2/jojo/EyeJaundice/grad_CAM.py:100: UserWarning: ./grad_cam_result/raw_2020_05_19_10_29_19/n_172-EfficientNet-B0-cam_gb.jpg is a low contrast image
  io.imsave(os.path.join(output_dir, '{}-{}-{}.jpg'.format(prefix, network, key)), image)
Loss: 0.47 | Acc: 84.31
1
feature shape:torch.Size([1, 320, 14, 14])
feature shape:torch.Size([1, 320, 14, 14])
0
feature shape:torch.Size([1, 320, 14, 14])
feature shape:torch.Size([1, 320, 14, 14])
0
feature shape:torch.Size([1, 320, 14, 14])
feature shape:torch.Size([1, 320, 14, 14])
0
feature shape:torch.Size([1, 320, 14, 14])
feature shape:torch.Size([1, 320, 14, 14])
0
feature shape:torch.Size([1, 320, 14, 14])
feature shape:torch.Size([1, 320, 14, 14])
1
feature shape:torch.Size([1, 320, 14, 14])
feature shape:torch.Size([1, 320, 14, 14])
1
feature shape:torch.Size([1, 320, 14, 14])
feature shape:torch.Size([1, 320, 14, 14])
0
feature shape:torch.Size([1, 320, 14, 14])
feature shape:torch.Size([1, 320, 14, 14])
0
feature shape:torch.Size([1, 320, 14, 14])
feature shape:torch.Size([1, 320, 14, 14])
0
feature shape:torch.Size([1, 320, 14, 14])
feature shape:torch.Size([1, 320, 14, 14])
0
feature shape:torch.Size([1, 320, 14, 14])
feature shape:torch.Size([1, 320, 14, 14])
0
feature shape:torch.Size([1, 320, 14, 14])
feature shape:torch.Size([1, 320, 14, 14])
0
feature shape:torch.Size([1, 320, 14, 14])
feature shape:torch.Size([1, 320, 14, 14])
0
feature shape:torch.Size([1, 320, 14, 14])
feature shape:torch.Size([1, 320, 14, 14])
0
feature shape:torch.Size([1, 320, 14, 14])
feature shape:torch.Size([1, 320, 14, 14])
0
feature shape:torch.Size([1, 320, 14, 14])
feature shape:torch.Size([1, 320, 14, 14])
0
feature shape:torch.Size([1, 320, 14, 14])
feature shape:torch.Size([1, 320, 14, 14])
0
feature shape:torch.Size([1, 320, 14, 14])
feature shape:torch.Size([1, 320, 14, 14])
0
feature shape:torch.Size([1, 320, 14, 14])
feature shape:torch.Size([1, 320, 14, 14])
0
feature shape:torch.Size([1, 320, 14, 14])
feature shape:torch.Size([1, 320, 14, 14])
0
feature shape:torch.Size([1, 320, 14, 14])
feature shape:torch.Size([1, 320, 14, 14])
0
feature shape:torch.Size([1, 320, 14, 14])
feature shape:torch.Size([1, 320, 14, 14])
1
feature shape:torch.Size([1, 320, 14, 14])
feature shape:torch.Size([1, 320, 14, 14])
0
feature shape:torch.Size([1, 320, 14, 14])
feature shape:torch.Size([1, 320, 14, 14])
1
feature shape:torch.Size([1, 320, 14, 14])
feature shape:torch.Size([1, 320, 14, 14])
1
feature shape:torch.Size([1, 320, 14, 14])
feature shape:torch.Size([1, 320, 14, 14])
1
feature shape:torch.Size([1, 320, 14, 14])
feature shape:torch.Size([1, 320, 14, 14])
1
feature shape:torch.Size([1, 320, 14, 14])
feature shape:torch.Size([1, 320, 14, 14])
1
feature shape:torch.Size([1, 320, 14, 14])
feature shape:torch.Size([1, 320, 14, 14])
0
feature shape:torch.Size([1, 320, 14, 14])
feature shape:torch.Size([1, 320, 14, 14])
0
feature shape:torch.Size([1, 320, 14, 14])
feature shape:torch.Size([1, 320, 14, 14])
1
feature shape:torch.Size([1, 320, 14, 14])
feature shape:torch.Size([1, 320, 14, 14])
0
feature shape:torch.Size([1, 320, 14, 14])
feature shape:torch.Size([1, 320, 14, 14])
1
feature shape:torch.Size([1, 320, 14, 14])
feature shape:torch.Size([1, 320, 14, 14])
0
feature shape:torch.Size([1, 320, 14, 14])
feature shape:torch.Size([1, 320, 14, 14])
0
feature shape:torch.Size([1, 320, 14, 14])
feature shape:torch.Size([1, 320, 14, 14])
0
feature shape:torch.Size([1, 320, 14, 14])
feature shape:torch.Size([1, 320, 14, 14])
0
feature shape:torch.Size([1, 320, 14, 14])
feature shape:torch.Size([1, 320, 14, 14])
0
feature shape:torch.Size([1, 320, 14, 14])
feature shape:torch.Size([1, 320, 14, 14])
1
feature shape:torch.Size([1, 320, 14, 14])
feature shape:torch.Size([1, 320, 14, 14])
0
feature shape:torch.Size([1, 320, 14, 14])
feature shape:torch.Size([1, 320, 14, 14])
1
feature shape:torch.Size([1, 320, 14, 14])
feature shape:torch.Size([1, 320, 14, 14])
0
feature shape:torch.Size([1, 320, 14, 14])
feature shape:torch.Size([1, 320, 14, 14])
0
feature shape:torch.Size([1, 320, 14, 14])
feature shape:torch.Size([1, 320, 14, 14])
0
feature shape:torch.Size([1, 320, 14, 14])
feature shape:torch.Size([1, 320, 14, 14])
0
feature shape:torch.Size([1, 320, 14, 14])
feature shape:torch.Size([1, 320, 14, 14])
0
feature shape:torch.Size([1, 320, 14, 14])
feature shape:torch.Size([1, 320, 14, 14])
0
feature shape:torch.Size([1, 320, 14, 14])
feature shape:torch.Size([1, 320, 14, 14])
1
feature shape:torch.Size([1, 320, 14, 14])
feature shape:torch.Size([1, 320, 14, 14])
1
feature shape:torch.Size([1, 320, 14, 14])
feature shape:torch.Size([1, 320, 14, 14])
1
feature shape:torch.Size([1, 320, 14, 14])
feature shape:torch.Size([1, 320, 14, 14])
1
feature shape:torch.Size([1, 320, 14, 14])
feature shape:torch.Size([1, 320, 14, 14])
1
feature shape:torch.Size([1, 320, 14, 14])
feature shape:torch.Size([1, 320, 14, 14])
1
feature shape:torch.Size([1, 320, 14, 14])
feature shape:torch.Size([1, 320, 14, 14])
1
feature shape:torch.Size([1, 320, 14, 14])
feature shape:torch.Size([1, 320, 14, 14])
1
feature shape:torch.Size([1, 320, 14, 14])
feature shape:torch.Size([1, 320, 14, 14])
1
feature shape:torch.Size([1, 320, 14, 14])
feature shape:torch.Size([1, 320, 14, 14])
0
feature shape:torch.Size([1, 320, 14, 14])
feature shape:torch.Size([1, 320, 14, 14])
1
feature shape:torch.Size([1, 320, 14, 14])
feature shape:torch.Size([1, 320, 14, 14])
0
feature shape:torch.Size([1, 320, 14, 14])
feature shape:torch.Size([1, 320, 14, 14])
0
feature shape:torch.Size([1, 320, 14, 14])
feature shape:torch.Size([1, 320, 14, 14])
0
feature shape:torch.Size([1, 320, 14, 14])
feature shape:torch.Size([1, 320, 14, 14])
1
feature shape:torch.Size([1, 320, 14, 14])
feature shape:torch.Size([1, 320, 14, 14])
1
feature shape:torch.Size([1, 320, 14, 14])
feature shape:torch.Size([1, 320, 14, 14])
0
feature shape:torch.Size([1, 320, 14, 14])
feature shape:torch.Size([1, 320, 14, 14])
0
feature shape:torch.Size([1, 320, 14, 14])
feature shape:torch.Size([1, 320, 14, 14])
0
feature shape:torch.Size([1, 320, 14, 14])
feature shape:torch.Size([1, 320, 14, 14])
0
feature shape:torch.Size([1, 320, 14, 14])
feature shape:torch.Size([1, 320, 14, 14])
0
feature shape:torch.Size([1, 320, 14, 14])
feature shape:torch.Size([1, 320, 14, 14])
0
feature shape:torch.Size([1, 320, 14, 14])
feature shape:torch.Size([1, 320, 14, 14])
1
feature shape:torch.Size([1, 320, 14, 14])
feature shape:torch.Size([1, 320, 14, 14])
1
feature shape:torch.Size([1, 320, 14, 14])
feature shape:torch.Size([1, 320, 14, 14])
1
feature shape:torch.Size([1, 320, 14, 14])
feature shape:torch.Size([1, 320, 14, 14])
0
feature shape:torch.Size([1, 320, 14, 14])
feature shape:torch.Size([1, 320, 14, 14])
0
feature shape:torch.Size([1, 320, 14, 14])
feature shape:torch.Size([1, 320, 14, 14])
0
feature shape:torch.Size([1, 320, 14, 14])
feature shape:torch.Size([1, 320, 14, 14])
1
feature shape:torch.Size([1, 320, 14, 14])
feature shape:torch.Size([1, 320, 14, 14])
1
feature shape:torch.Size([1, 320, 14, 14])
feature shape:torch.Size([1, 320, 14, 14])
0
feature shape:torch.Size([1, 320, 14, 14])
feature shape:torch.Size([1, 320, 14, 14])
0
feature shape:torch.Size([1, 320, 14, 14])
feature shape:torch.Size([1, 320, 14, 14])
1
feature shape:torch.Size([1, 320, 14, 14])
feature shape:torch.Size([1, 320, 14, 14])
0
feature shape:torch.Size([1, 320, 14, 14])
feature shape:torch.Size([1, 320, 14, 14])
0
feature shape:torch.Size([1, 320, 14, 14])
feature shape:torch.Size([1, 320, 14, 14])
1
feature shape:torch.Size([1, 320, 14, 14])
feature shape:torch.Size([1, 320, 14, 14])
0
feature shape:torch.Size([1, 320, 14, 14])
feature shape:torch.Size([1, 320, 14, 14])
1
feature shape:torch.Size([1, 320, 14, 14])
feature shape:torch.Size([1, 320, 14, 14])
1
feature shape:torch.Size([1, 320, 14, 14])
feature shape:torch.Size([1, 320, 14, 14])
0
feature shape:torch.Size([1, 320, 14, 14])
feature shape:torch.Size([1, 320, 14, 14])
0
feature shape:torch.Size([1, 320, 14, 14])
feature shape:torch.Size([1, 320, 14, 14])
1
feature shape:torch.Size([1, 320, 14, 14])
feature shape:torch.Size([1, 320, 14, 14])
0
feature shape:torch.Size([1, 320, 14, 14])
feature shape:torch.Size([1, 320, 14, 14])
1
feature shape:torch.Size([1, 320, 14, 14])
feature shape:torch.Size([1, 320, 14, 14])
1
feature shape:torch.Size([1, 320, 14, 14])
feature shape:torch.Size([1, 320, 14, 14])/tmp2/jojo/EyeJaundice/grad_CAM.py:100: UserWarning: ./grad_cam_result/raw_2020_05_19_10_29_19/y_49-EfficientNet-B0-gb.jpg is a low contrast image
  io.imsave(os.path.join(output_dir, '{}-{}-{}.jpg'.format(prefix, network, key)), image)
/tmp2/jojo/EyeJaundice/grad_CAM.py:100: UserWarning: ./grad_cam_result/raw_2020_05_19_10_29_19/y_49-EfficientNet-B0-cam_gb.jpg is a low contrast image
  io.imsave(os.path.join(output_dir, '{}-{}-{}.jpg'.format(prefix, network, key)), image)
/tmp2/jojo/EyeJaundice/grad_CAM.py:100: UserWarning: ./grad_cam_result/raw_2020_05_19_10_29_19/n_21-EfficientNet-B0-gb.jpg is a low contrast image
  io.imsave(os.path.join(output_dir, '{}-{}-{}.jpg'.format(prefix, network, key)), image)
/tmp2/jojo/EyeJaundice/grad_CAM.py:100: UserWarning: ./grad_cam_result/raw_2020_05_19_10_29_19/n_21-EfficientNet-B0-cam_gb.jpg is a low contrast image
  io.imsave(os.path.join(output_dir, '{}-{}-{}.jpg'.format(prefix, network, key)), image)
/tmp2/jojo/EyeJaundice/grad_CAM.py:100: UserWarning: ./grad_cam_result/raw_2020_05_19_10_29_19/y_116-EfficientNet-B0-gb.jpg is a low contrast image
  io.imsave(os.path.join(output_dir, '{}-{}-{}.jpg'.format(prefix, network, key)), image)
/tmp2/jojo/EyeJaundice/grad_CAM.py:100: UserWarning: ./grad_cam_result/raw_2020_05_19_10_29_19/y_116-EfficientNet-B0-cam_gb.jpg is a low contrast image
  io.imsave(os.path.join(output_dir, '{}-{}-{}.jpg'.format(prefix, network, key)), image)
/tmp2/jojo/EyeJaundice/grad_CAM.py:100: UserWarning: ./grad_cam_result/raw_2020_05_19_10_29_19/y_103-EfficientNet-B0-gb.jpg is a low contrast image
  io.imsave(os.path.join(output_dir, '{}-{}-{}.jpg'.format(prefix, network, key)), image)
/tmp2/jojo/EyeJaundice/grad_CAM.py:100: UserWarning: ./grad_cam_result/raw_2020_05_19_10_29_19/y_103-EfficientNet-B0-cam_gb.jpg is a low contrast image
  io.imsave(os.path.join(output_dir, '{}-{}-{}.jpg'.format(prefix, network, key)), image)
/tmp2/jojo/EyeJaundice/grad_CAM.py:100: UserWarning: ./grad_cam_result/raw_2020_05_19_10_29_19/y_201-EfficientNet-B0-gb.jpg is a low contrast image
  io.imsave(os.path.join(output_dir, '{}-{}-{}.jpg'.format(prefix, network, key)), image)
/tmp2/jojo/EyeJaundice/grad_CAM.py:100: UserWarning: ./grad_cam_result/raw_2020_05_19_10_29_19/y_201-EfficientNet-B0-cam_gb.jpg is a low contrast image
  io.imsave(os.path.join(output_dir, '{}-{}-{}.jpg'.format(prefix, network, key)), image)
/tmp2/jojo/EyeJaundice/grad_CAM.py:100: UserWarning: ./grad_cam_result/raw_2020_05_19_10_29_19/y_107-EfficientNet-B0-gb.jpg is a low contrast image
  io.imsave(os.path.join(output_dir, '{}-{}-{}.jpg'.format(prefix, network, key)), image)
/tmp2/jojo/EyeJaundice/grad_CAM.py:100: UserWarning: ./grad_cam_result/raw_2020_05_19_10_29_19/y_107-EfficientNet-B0-cam_gb.jpg is a low contrast image
  io.imsave(os.path.join(output_dir, '{}-{}-{}.jpg'.format(prefix, network, key)), image)
/tmp2/jojo/EyeJaundice/grad_CAM.py:100: UserWarning: ./grad_cam_result/raw_2020_05_19_10_29_19/n_155-EfficientNet-B0-gb.jpg is a low contrast image
  io.imsave(os.path.join(output_dir, '{}-{}-{}.jpg'.format(prefix, network, key)), image)
/tmp2/jojo/EyeJaundice/grad_CAM.py:100: UserWarning: ./grad_cam_result/raw_2020_05_19_10_29_19/n_155-EfficientNet-B0-cam_gb.jpg is a low contrast image
  io.imsave(os.path.join(output_dir, '{}-{}-{}.jpg'.format(prefix, network, key)), image)
/tmp2/jojo/EyeJaundice/grad_CAM.py:100: UserWarning: ./grad_cam_result/raw_2020_05_19_10_29_19/y_110-EfficientNet-B0-gb.jpg is a low contrast image
  io.imsave(os.path.join(output_dir, '{}-{}-{}.jpg'.format(prefix, network, key)), image)
/tmp2/jojo/EyeJaundice/grad_CAM.py:100: UserWarning: ./grad_cam_result/raw_2020_05_19_10_29_19/y_110-EfficientNet-B0-cam_gb.jpg is a low contrast image
  io.imsave(os.path.join(output_dir, '{}-{}-{}.jpg'.format(prefix, network, key)), image)
/tmp2/jojo/EyeJaundice/grad_CAM.py:100: UserWarning: ./grad_cam_result/raw_2020_05_19_10_29_19/y_23-EfficientNet-B0-gb.jpg is a low contrast image
  io.imsave(os.path.join(output_dir, '{}-{}-{}.jpg'.format(prefix, network, key)), image)
/tmp2/jojo/EyeJaundice/grad_CAM.py:100: UserWarning: ./grad_cam_result/raw_2020_05_19_10_29_19/y_23-EfficientNet-B0-cam_gb.jpg is a low contrast image
  io.imsave(os.path.join(output_dir, '{}-{}-{}.jpg'.format(prefix, network, key)), image)
/tmp2/jojo/EyeJaundice/grad_CAM.py:100: UserWarning: ./grad_cam_result/raw_2020_05_19_10_29_19/y_133-EfficientNet-B0-gb.jpg is a low contrast image
  io.imsave(os.path.join(output_dir, '{}-{}-{}.jpg'.format(prefix, network, key)), image)
/tmp2/jojo/EyeJaundice/grad_CAM.py:100: UserWarning: ./grad_cam_result/raw_2020_05_19_10_29_19/y_133-EfficientNet-B0-cam_gb.jpg is a low contrast image
  io.imsave(os.path.join(output_dir, '{}-{}-{}.jpg'.format(prefix, network, key)), image)
/tmp2/jojo/EyeJaundice/grad_CAM.py:100: UserWarning: ./grad_cam_result/raw_2020_05_19_10_29_19/n_147-EfficientNet-B0-gb.jpg is a low contrast image
  io.imsave(os.path.join(output_dir, '{}-{}-{}.jpg'.format(prefix, network, key)), image)
/tmp2/jojo/EyeJaundice/grad_CAM.py:100: UserWarning: ./grad_cam_result/raw_2020_05_19_10_29_19/n_147-EfficientNet-B0-cam_gb.jpg is a low contrast image
  io.imsave(os.path.join(output_dir, '{}-{}-{}.jpg'.format(prefix, network, key)), image)
/tmp2/jojo/EyeJaundice/grad_CAM.py:100: UserWarning: ./grad_cam_result/raw_2020_05_19_10_29_19/n_111-EfficientNet-B0-gb.jpg is a low contrast image
  io.imsave(os.path.join(output_dir, '{}-{}-{}.jpg'.format(prefix, network, key)), image)
/tmp2/jojo/EyeJaundice/grad_CAM.py:100: UserWarning: ./grad_cam_result/raw_2020_05_19_10_29_19/n_111-EfficientNet-B0-cam_gb.jpg is a low contrast image
  io.imsave(os.path.join(output_dir, '{}-{}-{}.jpg'.format(prefix, network, key)), image)
/tmp2/jojo/EyeJaundice/grad_CAM.py:100: UserWarning: ./grad_cam_result/raw_2020_05_19_10_29_19/n_131-EfficientNet-B0-gb.jpg is a low contrast image
  io.imsave(os.path.join(output_dir, '{}-{}-{}.jpg'.format(prefix, network, key)), image)
/tmp2/jojo/EyeJaundice/grad_CAM.py:100: UserWarning: ./grad_cam_result/raw_2020_05_19_10_29_19/n_131-EfficientNet-B0-cam_gb.jpg is a low contrast image
  io.imsave(os.path.join(output_dir, '{}-{}-{}.jpg'.format(prefix, network, key)), image)

1
feature shape:torch.Size([1, 320, 14, 14])
feature shape:torch.Size([1, 320, 14, 14])
1
feature shape:torch.Size([1, 320, 14, 14])
feature shape:torch.Size([1, 320, 14, 14])
0
feature shape:torch.Size([1, 320, 14, 14])
feature shape:torch.Size([1, 320, 14, 14])
1
feature shape:torch.Size([1, 320, 14, 14])
feature shape:torch.Size([1, 320, 14, 14])
1
feature shape:torch.Size([1, 320, 14, 14])
feature shape:torch.Size([1, 320, 14, 14])
1
feature shape:torch.Size([1, 320, 14, 14])
feature shape:torch.Size([1, 320, 14, 14])
0
feature shape:torch.Size([1, 320, 14, 14])
feature shape:torch.Size([1, 320, 14, 14])
0
feature shape:torch.Size([1, 320, 14, 14])
feature shape:torch.Size([1, 320, 14, 14])
1
feature shape:torch.Size([1, 320, 14, 14])
feature shape:torch.Size([1, 320, 14, 14])
Test the accuracy on Grad-CAM: 0.11764705882352941
